[ 2016-05-21T17:06:00+08:00 ] ::1 /onlineen0328/resemus
ERR: 无法加载控制器:Resemus

[ 2016-05-21T17:27:07+08:00 ] ::1 /onlineen0328/assets/js/bootstrap.js
ERR: 无法加载控制器:Assets

[ 2016-05-21T17:27:32+08:00 ] ::1 /onlineen0328/assets/js/bootstrap.js
ERR: 无法加载控制器:Assets

[ 2016-05-21T17:39:16+08:00 ] ::1 /onlineen0328/tpl/onlineenweb/Public/resumes.css
ERR: 无法加载控制器:Tpl

[ 2016-05-21T17:39:16+08:00 ] ::1 /onlineen0328/tpl/onlineenweb/Public/font/fontawesome-webfont-v=3.2.1.woff
ERR: 无法加载控制器:Tpl

[ 2016-05-21T17:39:16+08:00 ] ::1 /onlineen0328/tpl/onlineenweb/Public/font/fontawesome-webfont-v=3.2.1.ttf
ERR: 无法加载控制器:Tpl

[ 2016-05-21T17:39:16+08:00 ] ::1 /onlineen0328/tpl/onlineenweb/Public/font/fontawesome-webfont.svg
ERR: 无法加载控制器:Tpl

[ 2016-05-21T17:39:26+08:00 ] ::1 /onlineen0328/css/resumes.css
ERR: 无法加载控制器:Css

[ 2016-05-21T17:39:27+08:00 ] ::1 /onlineen0328/tpl/onlineenweb/Public/font/fontawesome-webfont-v=3.2.1.woff
ERR: 无法加载控制器:Tpl

[ 2016-05-21T17:39:27+08:00 ] ::1 /onlineen0328/tpl/onlineenweb/Public/font/fontawesome-webfont-v=3.2.1.ttf
ERR: 无法加载控制器:Tpl

[ 2016-05-21T17:39:27+08:00 ] ::1 /onlineen0328/tpl/onlineenweb/Public/font/fontawesome-webfont.svg
ERR: 无法加载控制器:Tpl

