[ 2016-05-11T00:00:18+08:00 ] ::1 /onlineen0328/Question/Index/alone_question_random/id/1.html
NOTIC: D方法实例化没找到模型类Common\Model\QuestionTagModel
NOTIC: D方法实例化没找到模型类Common\Model\ResourceTypeModel
NOTIC: D方法实例化没找到模型类Common\Model\QuestionModel

[ 2016-05-11T00:00:19+08:00 ] ::1 /onlineen0328/Question/Index/alone_question_random/id/1.html
NOTIC: D方法实例化没找到模型类Common\Model\QuestionTagModel
NOTIC: D方法实例化没找到模型类Common\Model\ResourceTypeModel
NOTIC: D方法实例化没找到模型类Common\Model\QuestionModel

[ 2016-05-11T00:00:20+08:00 ] ::1 /onlineen0328/Question/Index/alone_question_random/id/1.html
NOTIC: D方法实例化没找到模型类Common\Model\QuestionTagModel
NOTIC: D方法实例化没找到模型类Common\Model\ResourceTypeModel
NOTIC: D方法实例化没找到模型类Common\Model\QuestionModel

[ 2016-05-11T00:00:51+08:00 ] ::1 /onlineen0328/Question/Index/alone_question_random/id/1.html
NOTIC: D方法实例化没找到模型类Common\Model\QuestionTagModel
NOTIC: D方法实例化没找到模型类Common\Model\ResourceTypeModel
NOTIC: D方法实例化没找到模型类Common\Model\QuestionModel

[ 2016-05-11T00:01:03+08:00 ] ::1 /onlineen0328/Question/Index/alone_question_random/id/1.html
NOTIC: D方法实例化没找到模型类Common\Model\QuestionTagModel
NOTIC: D方法实例化没找到模型类Common\Model\ResourceTypeModel
NOTIC: D方法实例化没找到模型类Common\Model\QuestionModel

[ 2016-05-11T22:05:43+08:00 ] ::1 /onlineen0328/Question/Index/index.html
NOTIC: D方法实例化没找到模型类Common\Model\QuestionTagModel
NOTIC: D方法实例化没找到模型类Common\Model\ResourceTypeModel
NOTIC: D方法实例化没找到模型类Common\Model\QuestionModel

[ 2016-05-11T22:05:45+08:00 ] ::1 /onlineen0328/Question/Index/alone_train.html
NOTIC: D方法实例化没找到模型类Common\Model\QuestionTagModel
NOTIC: D方法实例化没找到模型类Common\Model\ResourceTypeModel
NOTIC: D方法实例化没找到模型类Common\Model\QuestionModel

[ 2016-05-11T22:05:49+08:00 ] ::1 /onlineen0328/Question/Index/alone_question_random/id/1.html
NOTIC: D方法实例化没找到模型类Common\Model\QuestionTagModel
NOTIC: D方法实例化没找到模型类Common\Model\ResourceTypeModel
NOTIC: D方法实例化没找到模型类Common\Model\QuestionModel

[ 2016-05-11T22:18:45+08:00 ] ::1 /onlineen0328/Question/Index/alone_question_random/id/1.html
NOTIC: D方法实例化没找到模型类Common\Model\QuestionTagModel
NOTIC: D方法实例化没找到模型类Common\Model\ResourceTypeModel
NOTIC: D方法实例化没找到模型类Common\Model\QuestionModel

[ 2016-05-11T22:18:46+08:00 ] ::1 /onlineen0328/Question/Index/alone_question_random/id/1.html
NOTIC: D方法实例化没找到模型类Common\Model\QuestionTagModel
NOTIC: D方法实例化没找到模型类Common\Model\ResourceTypeModel
NOTIC: D方法实例化没找到模型类Common\Model\QuestionModel

[ 2016-05-11T22:19:58+08:00 ] ::1 /onlineen0328/Question/Index/alone_question_random/id/1.html
NOTIC: D方法实例化没找到模型类Common\Model\QuestionTagModel
NOTIC: D方法实例化没找到模型类Common\Model\ResourceTypeModel
NOTIC: D方法实例化没找到模型类Common\Model\QuestionModel

[ 2016-05-11T22:19:59+08:00 ] ::1 /onlineen0328/Question/Index/alone_question_random/id/1.html
NOTIC: D方法实例化没找到模型类Common\Model\QuestionTagModel
NOTIC: D方法实例化没找到模型类Common\Model\ResourceTypeModel
NOTIC: D方法实例化没找到模型类Common\Model\QuestionModel

[ 2016-05-11T22:20:17+08:00 ] ::1 /onlineen0328/Question/Index/alone_question_random/id/1.html
NOTIC: D方法实例化没找到模型类Common\Model\QuestionTagModel
NOTIC: D方法实例化没找到模型类Common\Model\ResourceTypeModel
NOTIC: D方法实例化没找到模型类Common\Model\QuestionModel

[ 2016-05-11T22:20:18+08:00 ] ::1 /onlineen0328/Question/Index/alone_question_random/id/1.html
NOTIC: D方法实例化没找到模型类Common\Model\QuestionTagModel
NOTIC: D方法实例化没找到模型类Common\Model\ResourceTypeModel
NOTIC: D方法实例化没找到模型类Common\Model\QuestionModel

[ 2016-05-11T22:20:38+08:00 ] ::1 /onlineen0328/Question/Index/alone_question_random/id/1.html
NOTIC: D方法实例化没找到模型类Common\Model\QuestionTagModel
NOTIC: D方法实例化没找到模型类Common\Model\ResourceTypeModel
NOTIC: D方法实例化没找到模型类Common\Model\QuestionModel

[ 2016-05-11T22:20:39+08:00 ] ::1 /onlineen0328/Question/Index/alone_question_random/id/1.html
NOTIC: D方法实例化没找到模型类Common\Model\QuestionTagModel
NOTIC: D方法实例化没找到模型类Common\Model\ResourceTypeModel
NOTIC: D方法实例化没找到模型类Common\Model\QuestionModel

[ 2016-05-11T22:26:09+08:00 ] ::1 /onlineen0328/Question/Index/alone_question_random/id/1.html
NOTIC: D方法实例化没找到模型类Common\Model\QuestionTagModel
NOTIC: D方法实例化没找到模型类Common\Model\ResourceTypeModel
NOTIC: D方法实例化没找到模型类Common\Model\QuestionModel

[ 2016-05-11T22:27:22+08:00 ] ::1 /onlineen0328/Question/Index/alone_question_random/id/1.html
NOTIC: D方法实例化没找到模型类Common\Model\QuestionTagModel
NOTIC: D方法实例化没找到模型类Common\Model\ResourceTypeModel
NOTIC: D方法实例化没找到模型类Common\Model\QuestionModel

[ 2016-05-11T22:27:31+08:00 ] ::1 /onlineen0328/Question/Index/alone_question_random/id/1.html
NOTIC: D方法实例化没找到模型类Common\Model\QuestionTagModel
NOTIC: D方法实例化没找到模型类Common\Model\ResourceTypeModel
NOTIC: D方法实例化没找到模型类Common\Model\QuestionModel

[ 2016-05-11T22:27:41+08:00 ] ::1 /onlineen0328/Question/Index/alone_question_random/id/1.html
NOTIC: D方法实例化没找到模型类Common\Model\QuestionTagModel
NOTIC: D方法实例化没找到模型类Common\Model\ResourceTypeModel
NOTIC: D方法实例化没找到模型类Common\Model\QuestionModel

[ 2016-05-11T22:27:42+08:00 ] ::1 /onlineen0328/Question/Index/alone_question_random/id/1.html
NOTIC: D方法实例化没找到模型类Common\Model\QuestionTagModel
NOTIC: D方法实例化没找到模型类Common\Model\ResourceTypeModel
NOTIC: D方法实例化没找到模型类Common\Model\QuestionModel

[ 2016-05-11T22:27:49+08:00 ] ::1 /onlineen0328/Question/Index/alone_question_random/id/1.html
NOTIC: D方法实例化没找到模型类Common\Model\QuestionTagModel
NOTIC: D方法实例化没找到模型类Common\Model\ResourceTypeModel
NOTIC: D方法实例化没找到模型类Common\Model\QuestionModel

[ 2016-05-11T22:27:50+08:00 ] ::1 /onlineen0328/Question/Index/alone_question_random/id/1.html
NOTIC: D方法实例化没找到模型类Common\Model\QuestionTagModel
NOTIC: D方法实例化没找到模型类Common\Model\ResourceTypeModel
NOTIC: D方法实例化没找到模型类Common\Model\QuestionModel

[ 2016-05-11T22:28:08+08:00 ] ::1 /onlineen0328/Question/Index/alone_question_random/id/1.html
NOTIC: D方法实例化没找到模型类Common\Model\QuestionTagModel
NOTIC: D方法实例化没找到模型类Common\Model\ResourceTypeModel
NOTIC: D方法实例化没找到模型类Common\Model\QuestionModel

[ 2016-05-11T22:28:08+08:00 ] ::1 /onlineen0328/Question/Index/alone_question_random/id/1.html
NOTIC: D方法实例化没找到模型类Common\Model\QuestionTagModel
NOTIC: D方法实例化没找到模型类Common\Model\ResourceTypeModel
NOTIC: D方法实例化没找到模型类Common\Model\QuestionModel

[ 2016-05-11T22:28:09+08:00 ] ::1 /onlineen0328/Question/Index/alone_question_random/id/1.html
NOTIC: D方法实例化没找到模型类Common\Model\QuestionTagModel
NOTIC: D方法实例化没找到模型类Common\Model\ResourceTypeModel
NOTIC: D方法实例化没找到模型类Common\Model\QuestionModel

[ 2016-05-11T22:28:30+08:00 ] ::1 /onlineen0328/Question/Index/alone_question_random/id/1.html
NOTIC: D方法实例化没找到模型类Common\Model\QuestionTagModel
NOTIC: D方法实例化没找到模型类Common\Model\ResourceTypeModel
NOTIC: D方法实例化没找到模型类Common\Model\QuestionModel

[ 2016-05-11T22:29:18+08:00 ] ::1 /onlineen0328/Question/Index/alone_question_random/id/1.html
NOTIC: D方法实例化没找到模型类Common\Model\QuestionTagModel
NOTIC: D方法实例化没找到模型类Common\Model\ResourceTypeModel
NOTIC: D方法实例化没找到模型类Common\Model\QuestionModel

[ 2016-05-11T22:29:20+08:00 ] ::1 /onlineen0328/Question/Index/alone_question_random/id/1.html
NOTIC: D方法实例化没找到模型类Common\Model\QuestionTagModel
NOTIC: D方法实例化没找到模型类Common\Model\ResourceTypeModel
NOTIC: D方法实例化没找到模型类Common\Model\QuestionModel

[ 2016-05-11T22:32:35+08:00 ] ::1 /onlineen0328/Question/Index/alone_question_random/id/1.html
NOTIC: D方法实例化没找到模型类Common\Model\QuestionTagModel
NOTIC: D方法实例化没找到模型类Common\Model\ResourceTypeModel
NOTIC: D方法实例化没找到模型类Common\Model\QuestionModel

[ 2016-05-11T22:33:08+08:00 ] ::1 /onlineen0328/Question/Index/alone_question_random/id/1.html
NOTIC: D方法实例化没找到模型类Common\Model\QuestionTagModel
NOTIC: D方法实例化没找到模型类Common\Model\ResourceTypeModel
NOTIC: D方法实例化没找到模型类Common\Model\QuestionModel

[ 2016-05-11T22:33:09+08:00 ] ::1 /onlineen0328/Question/Index/alone_question_random/id/1.html
NOTIC: D方法实例化没找到模型类Common\Model\QuestionTagModel
NOTIC: D方法实例化没找到模型类Common\Model\ResourceTypeModel
NOTIC: D方法实例化没找到模型类Common\Model\QuestionModel

