[ 2016-05-06T00:01:05+08:00 ] ::1 /onlineen0328/Question/Index/alone_train.html
NOTIC: D方法实例化没找到模型类Common\Model\QuestionTagModel
NOTIC: D方法实例化没找到模型类Common\Model\ResourceTypeModel

[ 2016-05-06T00:01:06+08:00 ] ::1 /onlineen0328/Question/Index/alone_train.html
NOTIC: D方法实例化没找到模型类Common\Model\QuestionTagModel
NOTIC: D方法实例化没找到模型类Common\Model\ResourceTypeModel

[ 2016-05-06T00:01:22+08:00 ] ::1 /onlineen0328/Question/Index/alone_train.html
NOTIC: D方法实例化没找到模型类Common\Model\QuestionTagModel
NOTIC: D方法实例化没找到模型类Common\Model\ResourceTypeModel

[ 2016-05-06T00:01:23+08:00 ] ::1 /onlineen0328/Question/Index/alone_train.html
NOTIC: D方法实例化没找到模型类Common\Model\QuestionTagModel
NOTIC: D方法实例化没找到模型类Common\Model\ResourceTypeModel

[ 2016-05-06T00:01:23+08:00 ] ::1 /onlineen0328/Question/Index/alone_train.html
NOTIC: D方法实例化没找到模型类Common\Model\QuestionTagModel
NOTIC: D方法实例化没找到模型类Common\Model\ResourceTypeModel

[ 2016-05-06T00:02:10+08:00 ] ::1 /onlineen0328/Question/Index/alone_train.html
NOTIC: D方法实例化没找到模型类Common\Model\QuestionTagModel
NOTIC: D方法实例化没找到模型类Common\Model\ResourceTypeModel

[ 2016-05-06T00:02:10+08:00 ] ::1 /onlineen0328/Question/Index/alone_train.html
NOTIC: D方法实例化没找到模型类Common\Model\QuestionTagModel
NOTIC: D方法实例化没找到模型类Common\Model\ResourceTypeModel

[ 2016-05-06T00:02:11+08:00 ] ::1 /onlineen0328/Question/Index/alone_train.html
NOTIC: D方法实例化没找到模型类Common\Model\QuestionTagModel
NOTIC: D方法实例化没找到模型类Common\Model\ResourceTypeModel

[ 2016-05-06T00:07:56+08:00 ] ::1 /onlineen0328/Question/Index/index.html
NOTIC: D方法实例化没找到模型类Common\Model\QuestionTagModel
NOTIC: D方法实例化没找到模型类Common\Model\ResourceTypeModel

[ 2016-05-06T00:08:03+08:00 ] ::1 /onlineen0328/Question/Index/alone_train.html
NOTIC: D方法实例化没找到模型类Common\Model\QuestionTagModel
NOTIC: D方法实例化没找到模型类Common\Model\ResourceTypeModel

[ 2016-05-06T00:10:35+08:00 ] ::1 /onlineen0328/Question/Index/alone_train.html
NOTIC: D方法实例化没找到模型类Common\Model\QuestionTagModel
NOTIC: D方法实例化没找到模型类Common\Model\ResourceTypeModel

[ 2016-05-06T00:10:40+08:00 ] ::1 /onlineen0328/Question/Index/alone_train.html
NOTIC: D方法实例化没找到模型类Common\Model\QuestionTagModel
NOTIC: D方法实例化没找到模型类Common\Model\ResourceTypeModel

[ 2016-05-06T00:10:41+08:00 ] ::1 /onlineen0328/Question/Index/alone_train.html
NOTIC: D方法实例化没找到模型类Common\Model\QuestionTagModel
NOTIC: D方法实例化没找到模型类Common\Model\ResourceTypeModel

[ 2016-05-06T00:10:57+08:00 ] ::1 /onlineen0328/Question/Index/alone_train.html
NOTIC: D方法实例化没找到模型类Common\Model\QuestionTagModel
NOTIC: D方法实例化没找到模型类Common\Model\ResourceTypeModel

[ 2016-05-06T00:10:59+08:00 ] ::1 /onlineen0328/Question/Index/alone_train.html
NOTIC: D方法实例化没找到模型类Common\Model\QuestionTagModel
NOTIC: D方法实例化没找到模型类Common\Model\ResourceTypeModel

[ 2016-05-06T00:10:59+08:00 ] ::1 /onlineen0328/Question/Index/alone_train.html
NOTIC: D方法实例化没找到模型类Common\Model\QuestionTagModel
NOTIC: D方法实例化没找到模型类Common\Model\ResourceTypeModel

[ 2016-05-06T00:11:27+08:00 ] ::1 /onlineen0328/Question/Index/alone_train.html
NOTIC: D方法实例化没找到模型类Common\Model\QuestionTagModel
NOTIC: D方法实例化没找到模型类Common\Model\ResourceTypeModel

[ 2016-05-06T00:14:15+08:00 ] ::1 /onlineen0328/Question/Index/alone_train.html
NOTIC: D方法实例化没找到模型类Common\Model\QuestionTagModel
NOTIC: D方法实例化没找到模型类Common\Model\ResourceTypeModel

[ 2016-05-06T00:14:18+08:00 ] ::1 /onlineen0328/Question/Index/alone_train.html
NOTIC: D方法实例化没找到模型类Common\Model\QuestionTagModel
NOTIC: D方法实例化没找到模型类Common\Model\ResourceTypeModel

[ 2016-05-06T00:14:30+08:00 ] ::1 /onlineen0328/Question/Index/alone_train.html
NOTIC: D方法实例化没找到模型类Common\Model\QuestionTagModel
NOTIC: D方法实例化没找到模型类Common\Model\ResourceTypeModel

[ 2016-05-06T00:14:31+08:00 ] ::1 /onlineen0328/Question/Index/alone_train.html
NOTIC: D方法实例化没找到模型类Common\Model\QuestionTagModel
NOTIC: D方法实例化没找到模型类Common\Model\ResourceTypeModel

[ 2016-05-06T00:14:53+08:00 ] ::1 /onlineen0328/Question/Index/alone_train.html
NOTIC: D方法实例化没找到模型类Common\Model\QuestionTagModel
NOTIC: D方法实例化没找到模型类Common\Model\ResourceTypeModel

[ 2016-05-06T00:14:54+08:00 ] ::1 /onlineen0328/Question/Index/alone_train.html
NOTIC: D方法实例化没找到模型类Common\Model\QuestionTagModel
NOTIC: D方法实例化没找到模型类Common\Model\ResourceTypeModel

[ 2016-05-06T00:14:57+08:00 ] ::1 /onlineen0328/Question/Index/alone_train.html
NOTIC: D方法实例化没找到模型类Common\Model\QuestionTagModel
NOTIC: D方法实例化没找到模型类Common\Model\ResourceTypeModel

[ 2016-05-06T00:14:58+08:00 ] ::1 /onlineen0328/Question/Index/alone_train.html
NOTIC: D方法实例化没找到模型类Common\Model\QuestionTagModel
NOTIC: D方法实例化没找到模型类Common\Model\ResourceTypeModel

[ 2016-05-06T00:15:06+08:00 ] ::1 /onlineen0328/Question/Index/alone_train.html
NOTIC: D方法实例化没找到模型类Common\Model\QuestionTagModel
NOTIC: D方法实例化没找到模型类Common\Model\ResourceTypeModel

[ 2016-05-06T00:15:07+08:00 ] ::1 /onlineen0328/Question/Index/alone_train.html
NOTIC: D方法实例化没找到模型类Common\Model\QuestionTagModel
NOTIC: D方法实例化没找到模型类Common\Model\ResourceTypeModel

[ 2016-05-06T00:15:08+08:00 ] ::1 /onlineen0328/Question/Index/alone_train.html
NOTIC: D方法实例化没找到模型类Common\Model\QuestionTagModel
NOTIC: D方法实例化没找到模型类Common\Model\ResourceTypeModel

[ 2016-05-06T00:15:20+08:00 ] ::1 /onlineen0328/Question/Index/alone_train.html
NOTIC: D方法实例化没找到模型类Common\Model\QuestionTagModel
NOTIC: D方法实例化没找到模型类Common\Model\ResourceTypeModel

[ 2016-05-06T00:15:21+08:00 ] ::1 /onlineen0328/Question/Index/alone_train.html
NOTIC: D方法实例化没找到模型类Common\Model\QuestionTagModel
NOTIC: D方法实例化没找到模型类Common\Model\ResourceTypeModel

[ 2016-05-06T00:15:42+08:00 ] ::1 /onlineen0328/Question/Index/alone_train.html
NOTIC: D方法实例化没找到模型类Common\Model\QuestionTagModel
NOTIC: D方法实例化没找到模型类Common\Model\ResourceTypeModel

[ 2016-05-06T00:15:42+08:00 ] ::1 /onlineen0328/Question/Index/alone_train.html
NOTIC: D方法实例化没找到模型类Common\Model\QuestionTagModel
NOTIC: D方法实例化没找到模型类Common\Model\ResourceTypeModel

[ 2016-05-06T00:15:56+08:00 ] ::1 /onlineen0328/Question/Index/alone_train.html
NOTIC: D方法实例化没找到模型类Common\Model\QuestionTagModel
NOTIC: D方法实例化没找到模型类Common\Model\ResourceTypeModel

[ 2016-05-06T13:10:54+08:00 ] ::1 /onlineen0328/Question/Index/index.html
NOTIC: D方法实例化没找到模型类Common\Model\QuestionTagModel
NOTIC: D方法实例化没找到模型类Common\Model\ResourceTypeModel

[ 2016-05-06T13:10:59+08:00 ] ::1 /onlineen0328/Question/Index/alone_train.html
NOTIC: D方法实例化没找到模型类Common\Model\QuestionTagModel
NOTIC: D方法实例化没找到模型类Common\Model\ResourceTypeModel

[ 2016-05-06T13:11:27+08:00 ] ::1 /onlineen0328/Question/Index/alone_train.html
NOTIC: D方法实例化没找到模型类Common\Model\QuestionTagModel
NOTIC: D方法实例化没找到模型类Common\Model\ResourceTypeModel

[ 2016-05-06T13:11:29+08:00 ] ::1 /onlineen0328/Question/Index/index.html
NOTIC: D方法实例化没找到模型类Common\Model\QuestionTagModel
NOTIC: D方法实例化没找到模型类Common\Model\ResourceTypeModel

[ 2016-05-06T13:11:35+08:00 ] ::1 /onlineen0328/Question/Index/practice_test.html
NOTIC: D方法实例化没找到模型类Common\Model\QuestionTagModel
NOTIC: D方法实例化没找到模型类Common\Model\ResourceTypeModel

[ 2016-05-06T13:12:20+08:00 ] ::1 /onlineen0328/Question/Index/index.html
NOTIC: D方法实例化没找到模型类Common\Model\QuestionTagModel
NOTIC: D方法实例化没找到模型类Common\Model\ResourceTypeModel

[ 2016-05-06T13:12:21+08:00 ] ::1 /onlineen0328/Question/Index/index.html
NOTIC: D方法实例化没找到模型类Common\Model\QuestionTagModel
NOTIC: D方法实例化没找到模型类Common\Model\ResourceTypeModel

[ 2016-05-06T13:12:34+08:00 ] ::1 /onlineen0328/Question/Index/index.html
NOTIC: D方法实例化没找到模型类Common\Model\QuestionTagModel
NOTIC: D方法实例化没找到模型类Common\Model\ResourceTypeModel

[ 2016-05-06T13:12:34+08:00 ] ::1 /onlineen0328/Question/Index/index.html
NOTIC: D方法实例化没找到模型类Common\Model\QuestionTagModel
NOTIC: D方法实例化没找到模型类Common\Model\ResourceTypeModel

[ 2016-05-06T13:12:35+08:00 ] ::1 /onlineen0328/Question/Index/index.html
NOTIC: D方法实例化没找到模型类Common\Model\QuestionTagModel
NOTIC: D方法实例化没找到模型类Common\Model\ResourceTypeModel

[ 2016-05-06T13:12:40+08:00 ] ::1 /onlineen0328/Question/Index/index.html
NOTIC: D方法实例化没找到模型类Common\Model\QuestionTagModel
NOTIC: D方法实例化没找到模型类Common\Model\ResourceTypeModel

[ 2016-05-06T13:12:42+08:00 ] ::1 /onlineen0328/Question/Index/alone_train.html
NOTIC: D方法实例化没找到模型类Common\Model\QuestionTagModel
NOTIC: D方法实例化没找到模型类Common\Model\ResourceTypeModel

[ 2016-05-06T13:12:59+08:00 ] ::1 /onlineen0328/Question/Index/index.html
NOTIC: D方法实例化没找到模型类Common\Model\QuestionTagModel
NOTIC: D方法实例化没找到模型类Common\Model\ResourceTypeModel

[ 2016-05-06T13:15:09+08:00 ] ::1 /onlineen0328/Question/Index/index.html
NOTIC: D方法实例化没找到模型类Common\Model\QuestionTagModel
NOTIC: D方法实例化没找到模型类Common\Model\ResourceTypeModel

[ 2016-05-06T13:15:10+08:00 ] ::1 /onlineen0328/Question/Index/practice_test.html
NOTIC: D方法实例化没找到模型类Common\Model\QuestionTagModel
NOTIC: D方法实例化没找到模型类Common\Model\ResourceTypeModel

[ 2016-05-06T13:15:28+08:00 ] ::1 /onlineen0328/Question/Index/practice_test.html
NOTIC: D方法实例化没找到模型类Common\Model\QuestionTagModel
NOTIC: D方法实例化没找到模型类Common\Model\ResourceTypeModel

[ 2016-05-06T13:15:45+08:00 ] ::1 /onlineen0328/Question/Index/practice_test.html
NOTIC: D方法实例化没找到模型类Common\Model\QuestionTagModel
NOTIC: D方法实例化没找到模型类Common\Model\ResourceTypeModel

[ 2016-05-06T13:15:45+08:00 ] ::1 /onlineen0328/Question/Index/practice_test.html
NOTIC: D方法实例化没找到模型类Common\Model\QuestionTagModel
NOTIC: D方法实例化没找到模型类Common\Model\ResourceTypeModel

[ 2016-05-06T13:16:08+08:00 ] ::1 /onlineen0328/Question/Index/alone_train.html
NOTIC: D方法实例化没找到模型类Common\Model\QuestionTagModel
NOTIC: D方法实例化没找到模型类Common\Model\ResourceTypeModel

