[ 2016-05-10T22:54:21+08:00 ] ::1 /onlineen0328/Question/Index/index.html
NOTIC: D方法实例化没找到模型类Common\Model\QuestionTagModel
NOTIC: D方法实例化没找到模型类Common\Model\ResourceTypeModel
NOTIC: D方法实例化没找到模型类Common\Model\QuestionModel

[ 2016-05-10T22:54:23+08:00 ] ::1 /onlineen0328/Question/Index/alone_train.html
NOTIC: D方法实例化没找到模型类Common\Model\QuestionTagModel
NOTIC: D方法实例化没找到模型类Common\Model\ResourceTypeModel
NOTIC: D方法实例化没找到模型类Common\Model\QuestionModel

[ 2016-05-10T22:54:59+08:00 ] ::1 /onlineen0328/Question/Index/alone_train.html
NOTIC: D方法实例化没找到模型类Common\Model\QuestionTagModel
NOTIC: D方法实例化没找到模型类Common\Model\ResourceTypeModel
NOTIC: D方法实例化没找到模型类Common\Model\QuestionModel

[ 2016-05-10T22:55:55+08:00 ] ::1 /onlineen0328/Question/Index/alone_train.html
NOTIC: D方法实例化没找到模型类Common\Model\QuestionTagModel
NOTIC: D方法实例化没找到模型类Common\Model\ResourceTypeModel
NOTIC: D方法实例化没找到模型类Common\Model\QuestionModel

[ 2016-05-10T22:56:32+08:00 ] ::1 /onlineen0328/Question/Index/alone_train.html
NOTIC: D方法实例化没找到模型类Common\Model\QuestionTagModel
NOTIC: D方法实例化没找到模型类Common\Model\ResourceTypeModel
NOTIC: D方法实例化没找到模型类Common\Model\QuestionModel

[ 2016-05-10T22:56:55+08:00 ] ::1 /onlineen0328/Question/Index/alone_train.html
NOTIC: D方法实例化没找到模型类Common\Model\QuestionTagModel
NOTIC: D方法实例化没找到模型类Common\Model\ResourceTypeModel
NOTIC: D方法实例化没找到模型类Common\Model\QuestionModel

[ 2016-05-10T23:00:11+08:00 ] ::1 /onlineen0328/Question/Index/alone_train.html
NOTIC: D方法实例化没找到模型类Common\Model\QuestionTagModel
NOTIC: D方法实例化没找到模型类Common\Model\ResourceTypeModel
NOTIC: D方法实例化没找到模型类Common\Model\QuestionModel

[ 2016-05-10T23:00:16+08:00 ] ::1 /onlineen0328/Question/Index/alone_train_question/id/8.html
NOTIC: D方法实例化没找到模型类Common\Model\QuestionTagModel
NOTIC: D方法实例化没找到模型类Common\Model\ResourceTypeModel
NOTIC: D方法实例化没找到模型类Common\Model\QuestionModel

[ 2016-05-10T23:02:30+08:00 ] ::1 /onlineen0328/Question/Index/alone_train_question/id/8.html
NOTIC: D方法实例化没找到模型类Common\Model\QuestionTagModel
NOTIC: D方法实例化没找到模型类Common\Model\ResourceTypeModel
NOTIC: D方法实例化没找到模型类Common\Model\QuestionModel

[ 2016-05-10T23:02:45+08:00 ] ::1 /onlineen0328/Question/Index/alone_train.html
NOTIC: D方法实例化没找到模型类Common\Model\QuestionTagModel
NOTIC: D方法实例化没找到模型类Common\Model\ResourceTypeModel
NOTIC: D方法实例化没找到模型类Common\Model\QuestionModel

[ 2016-05-10T23:02:50+08:00 ] ::1 /onlineen0328/Question/Index/alone_train_question_random/id/10.html
NOTIC: D方法实例化没找到模型类Common\Model\QuestionTagModel
NOTIC: D方法实例化没找到模型类Common\Model\ResourceTypeModel
NOTIC: D方法实例化没找到模型类Common\Model\QuestionModel

[ 2016-05-10T23:05:00+08:00 ] ::1 /onlineen0328/Question/Index/alone_train_question_random/id/6.html
NOTIC: D方法实例化没找到模型类Common\Model\QuestionTagModel
NOTIC: D方法实例化没找到模型类Common\Model\ResourceTypeModel
NOTIC: D方法实例化没找到模型类Common\Model\QuestionModel

[ 2016-05-10T23:05:05+08:00 ] ::1 /onlineen0328/Question/Index/alone_train.html
NOTIC: D方法实例化没找到模型类Common\Model\QuestionTagModel
NOTIC: D方法实例化没找到模型类Common\Model\ResourceTypeModel
NOTIC: D方法实例化没找到模型类Common\Model\QuestionModel

[ 2016-05-10T23:05:09+08:00 ] ::1 /onlineen0328/Question/Index/alone_question_random/id/6.html
NOTIC: D方法实例化没找到模型类Common\Model\QuestionTagModel
NOTIC: D方法实例化没找到模型类Common\Model\ResourceTypeModel
NOTIC: D方法实例化没找到模型类Common\Model\QuestionModel

[ 2016-05-10T23:05:27+08:00 ] ::1 /onlineen0328/Question/Index/alone_question_random/id/6.html
NOTIC: D方法实例化没找到模型类Common\Model\QuestionTagModel
NOTIC: D方法实例化没找到模型类Common\Model\ResourceTypeModel
NOTIC: D方法实例化没找到模型类Common\Model\QuestionModel

[ 2016-05-10T23:05:28+08:00 ] ::1 /onlineen0328/Question/Index/alone_question_random/id/6.html
NOTIC: D方法实例化没找到模型类Common\Model\QuestionTagModel
NOTIC: D方法实例化没找到模型类Common\Model\ResourceTypeModel
NOTIC: D方法实例化没找到模型类Common\Model\QuestionModel

[ 2016-05-10T23:05:33+08:00 ] ::1 /onlineen0328/Question/Index/alone_question_random/id/9.html
NOTIC: D方法实例化没找到模型类Common\Model\QuestionTagModel
NOTIC: D方法实例化没找到模型类Common\Model\ResourceTypeModel
NOTIC: D方法实例化没找到模型类Common\Model\QuestionModel

[ 2016-05-10T23:06:32+08:00 ] ::1 /onlineen0328/Question/Index/alone_question_random/id/9.html
NOTIC: D方法实例化没找到模型类Common\Model\QuestionTagModel
NOTIC: D方法实例化没找到模型类Common\Model\ResourceTypeModel
NOTIC: D方法实例化没找到模型类Common\Model\QuestionModel

[ 2016-05-10T23:06:36+08:00 ] ::1 /onlineen0328/Question/Index/alone_train.html
NOTIC: D方法实例化没找到模型类Common\Model\QuestionTagModel
NOTIC: D方法实例化没找到模型类Common\Model\ResourceTypeModel
NOTIC: D方法实例化没找到模型类Common\Model\QuestionModel

[ 2016-05-10T23:06:45+08:00 ] ::1 /onlineen0328/Question/Index/alone_question_random/id/1.html
NOTIC: D方法实例化没找到模型类Common\Model\QuestionTagModel
NOTIC: D方法实例化没找到模型类Common\Model\ResourceTypeModel
NOTIC: D方法实例化没找到模型类Common\Model\QuestionModel

[ 2016-05-10T23:06:54+08:00 ] ::1 /onlineen0328/Question/Index/alone_question_random/id/1.html
NOTIC: D方法实例化没找到模型类Common\Model\QuestionTagModel
NOTIC: D方法实例化没找到模型类Common\Model\ResourceTypeModel
NOTIC: D方法实例化没找到模型类Common\Model\QuestionModel

[ 2016-05-10T23:06:55+08:00 ] ::1 /onlineen0328/Question/Index/alone_question_random/id/1.html
NOTIC: D方法实例化没找到模型类Common\Model\QuestionTagModel
NOTIC: D方法实例化没找到模型类Common\Model\ResourceTypeModel
NOTIC: D方法实例化没找到模型类Common\Model\QuestionModel

[ 2016-05-10T23:07:20+08:00 ] ::1 /onlineen0328/Question/Index/alone_question_random/id/1.html
NOTIC: D方法实例化没找到模型类Common\Model\QuestionTagModel
NOTIC: D方法实例化没找到模型类Common\Model\ResourceTypeModel
NOTIC: D方法实例化没找到模型类Common\Model\QuestionModel

[ 2016-05-10T23:07:22+08:00 ] ::1 /onlineen0328/Question/Index/alone_question_random/id/1.html
NOTIC: D方法实例化没找到模型类Common\Model\QuestionTagModel
NOTIC: D方法实例化没找到模型类Common\Model\ResourceTypeModel
NOTIC: D方法实例化没找到模型类Common\Model\QuestionModel

[ 2016-05-10T23:09:30+08:00 ] ::1 /onlineen0328/Question/Index/alone_question_random/id/1.html
NOTIC: D方法实例化没找到模型类Common\Model\QuestionTagModel
NOTIC: D方法实例化没找到模型类Common\Model\ResourceTypeModel
NOTIC: D方法实例化没找到模型类Common\Model\QuestionModel

[ 2016-05-10T23:09:45+08:00 ] ::1 /onlineen0328/Question/Index/alone_question_random/id/1.html
NOTIC: D方法实例化没找到模型类Common\Model\QuestionTagModel
NOTIC: D方法实例化没找到模型类Common\Model\ResourceTypeModel
NOTIC: D方法实例化没找到模型类Common\Model\QuestionModel

[ 2016-05-10T23:09:49+08:00 ] ::1 /onlineen0328/Question/Index/alone_question_random/id/1.html
NOTIC: D方法实例化没找到模型类Common\Model\QuestionTagModel
NOTIC: D方法实例化没找到模型类Common\Model\ResourceTypeModel
NOTIC: D方法实例化没找到模型类Common\Model\QuestionModel

[ 2016-05-10T23:09:50+08:00 ] ::1 /onlineen0328/Question/Index/alone_question_random/id/1.html
NOTIC: D方法实例化没找到模型类Common\Model\QuestionTagModel
NOTIC: D方法实例化没找到模型类Common\Model\ResourceTypeModel
NOTIC: D方法实例化没找到模型类Common\Model\QuestionModel

[ 2016-05-10T23:09:51+08:00 ] ::1 /onlineen0328/Question/Index/alone_question_random/id/1.html
NOTIC: D方法实例化没找到模型类Common\Model\QuestionTagModel
NOTIC: D方法实例化没找到模型类Common\Model\ResourceTypeModel
NOTIC: D方法实例化没找到模型类Common\Model\QuestionModel

[ 2016-05-10T23:09:52+08:00 ] ::1 /onlineen0328/Question/Index/alone_question_random/id/1.html
NOTIC: D方法实例化没找到模型类Common\Model\QuestionTagModel
NOTIC: D方法实例化没找到模型类Common\Model\ResourceTypeModel
NOTIC: D方法实例化没找到模型类Common\Model\QuestionModel

[ 2016-05-10T23:10:04+08:00 ] ::1 /onlineen0328/Question/Index/alone_question_random/id/1.html
NOTIC: D方法实例化没找到模型类Common\Model\QuestionTagModel
NOTIC: D方法实例化没找到模型类Common\Model\ResourceTypeModel
NOTIC: D方法实例化没找到模型类Common\Model\QuestionModel

[ 2016-05-10T23:10:50+08:00 ] ::1 /onlineen0328/Question/Index/alone_question_random/id/1.html
NOTIC: D方法实例化没找到模型类Common\Model\QuestionTagModel
NOTIC: D方法实例化没找到模型类Common\Model\ResourceTypeModel
NOTIC: D方法实例化没找到模型类Common\Model\QuestionModel

[ 2016-05-10T23:10:51+08:00 ] ::1 /onlineen0328/Question/Index/alone_question_random/id/1.html
NOTIC: D方法实例化没找到模型类Common\Model\QuestionTagModel
NOTIC: D方法实例化没找到模型类Common\Model\ResourceTypeModel
NOTIC: D方法实例化没找到模型类Common\Model\QuestionModel

[ 2016-05-10T23:10:52+08:00 ] ::1 /onlineen0328/Question/Index/alone_question_random/id/1.html
NOTIC: D方法实例化没找到模型类Common\Model\QuestionTagModel
NOTIC: D方法实例化没找到模型类Common\Model\ResourceTypeModel
NOTIC: D方法实例化没找到模型类Common\Model\QuestionModel

[ 2016-05-10T23:10:53+08:00 ] ::1 /onlineen0328/Question/Index/alone_question_random/id/1.html
NOTIC: D方法实例化没找到模型类Common\Model\QuestionTagModel
NOTIC: D方法实例化没找到模型类Common\Model\ResourceTypeModel
NOTIC: D方法实例化没找到模型类Common\Model\QuestionModel

[ 2016-05-10T23:10:54+08:00 ] ::1 /onlineen0328/Question/Index/alone_question_random/id/1.html
NOTIC: D方法实例化没找到模型类Common\Model\QuestionTagModel
NOTIC: D方法实例化没找到模型类Common\Model\ResourceTypeModel
NOTIC: D方法实例化没找到模型类Common\Model\QuestionModel

[ 2016-05-10T23:10:55+08:00 ] ::1 /onlineen0328/Question/Index/alone_question_random/id/1.html
NOTIC: D方法实例化没找到模型类Common\Model\QuestionTagModel
NOTIC: D方法实例化没找到模型类Common\Model\ResourceTypeModel
NOTIC: D方法实例化没找到模型类Common\Model\QuestionModel

[ 2016-05-10T23:10:55+08:00 ] ::1 /onlineen0328/Question/Index/alone_question_random/id/1.html
NOTIC: D方法实例化没找到模型类Common\Model\QuestionTagModel
NOTIC: D方法实例化没找到模型类Common\Model\ResourceTypeModel
NOTIC: D方法实例化没找到模型类Common\Model\QuestionModel

[ 2016-05-10T23:10:56+08:00 ] ::1 /onlineen0328/Question/Index/alone_question_random/id/1.html
NOTIC: D方法实例化没找到模型类Common\Model\QuestionTagModel
NOTIC: D方法实例化没找到模型类Common\Model\ResourceTypeModel
NOTIC: D方法实例化没找到模型类Common\Model\QuestionModel

[ 2016-05-10T23:10:56+08:00 ] ::1 /onlineen0328/Question/Index/alone_question_random/id/1.html
NOTIC: D方法实例化没找到模型类Common\Model\QuestionTagModel
NOTIC: D方法实例化没找到模型类Common\Model\ResourceTypeModel
NOTIC: D方法实例化没找到模型类Common\Model\QuestionModel

[ 2016-05-10T23:10:57+08:00 ] ::1 /onlineen0328/Question/Index/alone_question_random/id/1.html
NOTIC: D方法实例化没找到模型类Common\Model\QuestionTagModel
NOTIC: D方法实例化没找到模型类Common\Model\ResourceTypeModel
NOTIC: D方法实例化没找到模型类Common\Model\QuestionModel

[ 2016-05-10T23:10:58+08:00 ] ::1 /onlineen0328/Question/Index/alone_question_random/id/1.html
NOTIC: D方法实例化没找到模型类Common\Model\QuestionTagModel
NOTIC: D方法实例化没找到模型类Common\Model\ResourceTypeModel
NOTIC: D方法实例化没找到模型类Common\Model\QuestionModel

[ 2016-05-10T23:23:20+08:00 ] ::1 /onlineen0328/Question/Index/alone_question_random/id/1.html
NOTIC: D方法实例化没找到模型类Common\Model\QuestionTagModel
NOTIC: D方法实例化没找到模型类Common\Model\ResourceTypeModel
NOTIC: D方法实例化没找到模型类Common\Model\QuestionModel

[ 2016-05-10T23:25:12+08:00 ] ::1 /onlineen0328/Question/Index/alone_question_random/id/1.html
NOTIC: D方法实例化没找到模型类Common\Model\QuestionTagModel
NOTIC: D方法实例化没找到模型类Common\Model\ResourceTypeModel
NOTIC: D方法实例化没找到模型类Common\Model\QuestionModel

[ 2016-05-10T23:29:14+08:00 ] ::1 /onlineen0328/Question/Index/alone_question_random/id/1.html
NOTIC: D方法实例化没找到模型类Common\Model\QuestionTagModel
NOTIC: D方法实例化没找到模型类Common\Model\ResourceTypeModel
NOTIC: D方法实例化没找到模型类Common\Model\QuestionModel

[ 2016-05-10T23:29:16+08:00 ] ::1 /onlineen0328/Question/Index/alone_question_random/id/1.html
NOTIC: D方法实例化没找到模型类Common\Model\QuestionTagModel
NOTIC: D方法实例化没找到模型类Common\Model\ResourceTypeModel
NOTIC: D方法实例化没找到模型类Common\Model\QuestionModel

[ 2016-05-10T23:29:38+08:00 ] ::1 /onlineen0328/Question/Index/alone_question_random/id/1.html
NOTIC: D方法实例化没找到模型类Common\Model\QuestionTagModel
NOTIC: D方法实例化没找到模型类Common\Model\ResourceTypeModel
NOTIC: D方法实例化没找到模型类Common\Model\QuestionModel

[ 2016-05-10T23:29:40+08:00 ] ::1 /onlineen0328/Question/Index/alone_question_random/id/1.html
NOTIC: D方法实例化没找到模型类Common\Model\QuestionTagModel
NOTIC: D方法实例化没找到模型类Common\Model\ResourceTypeModel
NOTIC: D方法实例化没找到模型类Common\Model\QuestionModel

[ 2016-05-10T23:31:03+08:00 ] ::1 /onlineen0328/Question/Index/alone_question_random/id/1.html
NOTIC: D方法实例化没找到模型类Common\Model\QuestionTagModel
NOTIC: D方法实例化没找到模型类Common\Model\ResourceTypeModel
NOTIC: D方法实例化没找到模型类Common\Model\QuestionModel

[ 2016-05-10T23:31:53+08:00 ] ::1 /onlineen0328/Question/Index/alone_question_random/id/1.html
NOTIC: D方法实例化没找到模型类Common\Model\QuestionTagModel
NOTIC: D方法实例化没找到模型类Common\Model\ResourceTypeModel
NOTIC: D方法实例化没找到模型类Common\Model\QuestionModel

[ 2016-05-10T23:34:43+08:00 ] ::1 /onlineen0328/Question/Index/alone_question_random/id/1.html
NOTIC: D方法实例化没找到模型类Common\Model\QuestionTagModel
NOTIC: D方法实例化没找到模型类Common\Model\ResourceTypeModel
NOTIC: D方法实例化没找到模型类Common\Model\QuestionModel

[ 2016-05-10T23:36:23+08:00 ] ::1 /onlineen0328/Question/Index/alone_question_random/id/1.html
NOTIC: D方法实例化没找到模型类Common\Model\QuestionTagModel
NOTIC: D方法实例化没找到模型类Common\Model\ResourceTypeModel
NOTIC: D方法实例化没找到模型类Common\Model\QuestionModel

[ 2016-05-10T23:37:49+08:00 ] ::1 /onlineen0328/Question/Index/alone_question_random/id/1.html
NOTIC: D方法实例化没找到模型类Common\Model\QuestionTagModel
NOTIC: D方法实例化没找到模型类Common\Model\ResourceTypeModel
NOTIC: D方法实例化没找到模型类Common\Model\QuestionModel

[ 2016-05-10T23:37:51+08:00 ] ::1 /onlineen0328/Question/Index/alone_question_random/id/1.html
NOTIC: D方法实例化没找到模型类Common\Model\QuestionTagModel
NOTIC: D方法实例化没找到模型类Common\Model\ResourceTypeModel
NOTIC: D方法实例化没找到模型类Common\Model\QuestionModel

[ 2016-05-10T23:38:27+08:00 ] ::1 /onlineen0328/Question/Index/alone_question_random/id/1.html
NOTIC: D方法实例化没找到模型类Common\Model\QuestionTagModel
NOTIC: D方法实例化没找到模型类Common\Model\ResourceTypeModel
NOTIC: D方法实例化没找到模型类Common\Model\QuestionModel

[ 2016-05-10T23:39:33+08:00 ] ::1 /onlineen0328/Question/Index/alone_question_random/id/1.html
NOTIC: D方法实例化没找到模型类Common\Model\QuestionTagModel
NOTIC: D方法实例化没找到模型类Common\Model\ResourceTypeModel
NOTIC: D方法实例化没找到模型类Common\Model\QuestionModel

[ 2016-05-10T23:40:10+08:00 ] ::1 /onlineen0328/Question/Index/alone_question_random/id/1.html
NOTIC: D方法实例化没找到模型类Common\Model\QuestionTagModel
NOTIC: D方法实例化没找到模型类Common\Model\ResourceTypeModel
NOTIC: D方法实例化没找到模型类Common\Model\QuestionModel

[ 2016-05-10T23:40:16+08:00 ] ::1 /onlineen0328/Question/Index/alone_question_random/id/1.html
NOTIC: D方法实例化没找到模型类Common\Model\QuestionTagModel
NOTIC: D方法实例化没找到模型类Common\Model\ResourceTypeModel
NOTIC: D方法实例化没找到模型类Common\Model\QuestionModel

[ 2016-05-10T23:40:55+08:00 ] ::1 /onlineen0328/Question/Index/alone_question_random/id/1.html
NOTIC: D方法实例化没找到模型类Common\Model\QuestionTagModel
NOTIC: D方法实例化没找到模型类Common\Model\ResourceTypeModel
NOTIC: D方法实例化没找到模型类Common\Model\QuestionModel

[ 2016-05-10T23:44:07+08:00 ] ::1 /onlineen0328/Question/Index/alone_question_random/id/1.html
NOTIC: D方法实例化没找到模型类Common\Model\QuestionTagModel
NOTIC: D方法实例化没找到模型类Common\Model\ResourceTypeModel
NOTIC: D方法实例化没找到模型类Common\Model\QuestionModel

[ 2016-05-10T23:44:08+08:00 ] ::1 /onlineen0328/Question/Index/alone_question_random/id/1.html
NOTIC: D方法实例化没找到模型类Common\Model\QuestionTagModel
NOTIC: D方法实例化没找到模型类Common\Model\ResourceTypeModel
NOTIC: D方法实例化没找到模型类Common\Model\QuestionModel

[ 2016-05-10T23:44:28+08:00 ] ::1 /onlineen0328/Question/Index/alone_question_random/id/1.html
NOTIC: D方法实例化没找到模型类Common\Model\QuestionTagModel
NOTIC: D方法实例化没找到模型类Common\Model\ResourceTypeModel
NOTIC: D方法实例化没找到模型类Common\Model\QuestionModel

[ 2016-05-10T23:45:10+08:00 ] ::1 /onlineen0328/Question/Index/alone_question_random/id/1.html
NOTIC: D方法实例化没找到模型类Common\Model\QuestionTagModel
NOTIC: D方法实例化没找到模型类Common\Model\ResourceTypeModel
NOTIC: D方法实例化没找到模型类Common\Model\QuestionModel

[ 2016-05-10T23:46:05+08:00 ] ::1 /onlineen0328/Question/Index/alone_question_random/id/1.html
NOTIC: D方法实例化没找到模型类Common\Model\QuestionTagModel
NOTIC: D方法实例化没找到模型类Common\Model\ResourceTypeModel
NOTIC: D方法实例化没找到模型类Common\Model\QuestionModel

[ 2016-05-10T23:47:16+08:00 ] ::1 /onlineen0328/Question/Index/alone_question_random/id/1.html
NOTIC: D方法实例化没找到模型类Common\Model\QuestionTagModel
NOTIC: D方法实例化没找到模型类Common\Model\ResourceTypeModel
NOTIC: D方法实例化没找到模型类Common\Model\QuestionModel

[ 2016-05-10T23:48:18+08:00 ] ::1 /onlineen0328/Question/Index/alone_question_random/id/1.html
NOTIC: D方法实例化没找到模型类Common\Model\QuestionTagModel
NOTIC: D方法实例化没找到模型类Common\Model\ResourceTypeModel
NOTIC: D方法实例化没找到模型类Common\Model\QuestionModel

[ 2016-05-10T23:50:44+08:00 ] ::1 /onlineen0328/Question/Index/alone_question_random/id/1.html
NOTIC: D方法实例化没找到模型类Common\Model\QuestionTagModel
NOTIC: D方法实例化没找到模型类Common\Model\ResourceTypeModel
NOTIC: D方法实例化没找到模型类Common\Model\QuestionModel

[ 2016-05-10T23:51:35+08:00 ] ::1 /onlineen0328/Question/Index/index.html
NOTIC: D方法实例化没找到模型类Common\Model\QuestionTagModel
NOTIC: D方法实例化没找到模型类Common\Model\ResourceTypeModel
NOTIC: D方法实例化没找到模型类Common\Model\QuestionModel

[ 2016-05-10T23:51:39+08:00 ] ::1 /onlineen0328/Question/Index/alone_train.html
NOTIC: D方法实例化没找到模型类Common\Model\QuestionTagModel
NOTIC: D方法实例化没找到模型类Common\Model\ResourceTypeModel
NOTIC: D方法实例化没找到模型类Common\Model\QuestionModel

[ 2016-05-10T23:52:17+08:00 ] ::1 /onlineen0328/Question/Index/alone_question_random/id/1.html
NOTIC: D方法实例化没找到模型类Common\Model\QuestionTagModel
NOTIC: D方法实例化没找到模型类Common\Model\ResourceTypeModel
NOTIC: D方法实例化没找到模型类Common\Model\QuestionModel

[ 2016-05-10T23:54:52+08:00 ] ::1 /onlineen0328/Question/Index/alone_question_random/id/1.html
NOTIC: D方法实例化没找到模型类Common\Model\QuestionTagModel
NOTIC: D方法实例化没找到模型类Common\Model\ResourceTypeModel
NOTIC: D方法实例化没找到模型类Common\Model\QuestionModel

[ 2016-05-10T23:55:23+08:00 ] ::1 /onlineen0328/Question/Index/alone_question_random/id/1.html
NOTIC: D方法实例化没找到模型类Common\Model\QuestionTagModel
NOTIC: D方法实例化没找到模型类Common\Model\ResourceTypeModel
NOTIC: D方法实例化没找到模型类Common\Model\QuestionModel

[ 2016-05-10T23:57:19+08:00 ] ::1 /onlineen0328/Question/Index/alone_question_random/id/1.html
NOTIC: D方法实例化没找到模型类Common\Model\QuestionTagModel
NOTIC: D方法实例化没找到模型类Common\Model\ResourceTypeModel
NOTIC: D方法实例化没找到模型类Common\Model\QuestionModel

[ 2016-05-10T23:59:49+08:00 ] ::1 /onlineen0328/Question/Index/alone_question_random/id/1.html
NOTIC: D方法实例化没找到模型类Common\Model\QuestionTagModel
NOTIC: D方法实例化没找到模型类Common\Model\ResourceTypeModel
NOTIC: D方法实例化没找到模型类Common\Model\QuestionModel

[ 2016-05-10T23:59:50+08:00 ] ::1 /onlineen0328/Question/Index/alone_question_random/id/1.html
NOTIC: D方法实例化没找到模型类Common\Model\QuestionTagModel
NOTIC: D方法实例化没找到模型类Common\Model\ResourceTypeModel
NOTIC: D方法实例化没找到模型类Common\Model\QuestionModel

