[ 2016-05-05T00:06:42+08:00 ] ::1 /onlineen0328/Question/Index/index.html
NOTIC: D方法实例化没找到模型类Common\Model\QuestionTagModel
NOTIC: D方法实例化没找到模型类Common\Model\ResourceTypeModel

[ 2016-05-05T00:10:18+08:00 ] ::1 /onlineen0328/Question/Index/index.html
NOTIC: D方法实例化没找到模型类Common\Model\QuestionTagModel
NOTIC: D方法实例化没找到模型类Common\Model\ResourceTypeModel
ERR: XML标签语法错误 : name="tagarr[<?php echo ($vo["type_id"]); ?

[ 2016-05-05T00:10:44+08:00 ] ::1 /onlineen0328/Question/Index/index.html
NOTIC: D方法实例化没找到模型类Common\Model\QuestionTagModel
NOTIC: D方法实例化没找到模型类Common\Model\ResourceTypeModel

[ 2016-05-05T00:11:26+08:00 ] ::1 /onlineen0328/Question/Index/index.html
NOTIC: D方法实例化没找到模型类Common\Model\QuestionTagModel
NOTIC: D方法实例化没找到模型类Common\Model\ResourceTypeModel

[ 2016-05-05T00:11:28+08:00 ] ::1 /onlineen0328/Question/Index/index.html
NOTIC: D方法实例化没找到模型类Common\Model\QuestionTagModel
NOTIC: D方法实例化没找到模型类Common\Model\ResourceTypeModel

[ 2016-05-05T00:11:29+08:00 ] ::1 /onlineen0328/Question/Index/index.html
NOTIC: D方法实例化没找到模型类Common\Model\QuestionTagModel
NOTIC: D方法实例化没找到模型类Common\Model\ResourceTypeModel

[ 2016-05-05T00:11:31+08:00 ] ::1 /onlineen0328/Question/Index/index.html
NOTIC: D方法实例化没找到模型类Common\Model\QuestionTagModel
NOTIC: D方法实例化没找到模型类Common\Model\ResourceTypeModel

[ 2016-05-05T00:11:55+08:00 ] ::1 /onlineen0328/Question/Index/index.html
NOTIC: D方法实例化没找到模型类Common\Model\QuestionTagModel
NOTIC: D方法实例化没找到模型类Common\Model\ResourceTypeModel

[ 2016-05-05T00:11:56+08:00 ] ::1 /onlineen0328/Question/Index/index.html
NOTIC: D方法实例化没找到模型类Common\Model\QuestionTagModel
NOTIC: D方法实例化没找到模型类Common\Model\ResourceTypeModel

[ 2016-05-05T00:12:22+08:00 ] ::1 /onlineen0328/Question/Index/index.html
NOTIC: D方法实例化没找到模型类Common\Model\QuestionTagModel
NOTIC: D方法实例化没找到模型类Common\Model\ResourceTypeModel

[ 2016-05-05T00:12:23+08:00 ] ::1 /onlineen0328/Question/Index/index.html
NOTIC: D方法实例化没找到模型类Common\Model\QuestionTagModel
NOTIC: D方法实例化没找到模型类Common\Model\ResourceTypeModel

[ 2016-05-05T00:12:23+08:00 ] ::1 /onlineen0328/Question/Index/index.html
NOTIC: D方法实例化没找到模型类Common\Model\QuestionTagModel
NOTIC: D方法实例化没找到模型类Common\Model\ResourceTypeModel

[ 2016-05-05T00:12:23+08:00 ] ::1 /onlineen0328/Question/Index/index.html
NOTIC: D方法实例化没找到模型类Common\Model\QuestionTagModel
NOTIC: D方法实例化没找到模型类Common\Model\ResourceTypeModel

[ 2016-05-05T00:12:37+08:00 ] ::1 /onlineen0328/Question/Index/index.html
NOTIC: D方法实例化没找到模型类Common\Model\QuestionTagModel
NOTIC: D方法实例化没找到模型类Common\Model\ResourceTypeModel

[ 2016-05-05T00:12:37+08:00 ] ::1 /onlineen0328/Question/Index/index.html
NOTIC: D方法实例化没找到模型类Common\Model\QuestionTagModel
NOTIC: D方法实例化没找到模型类Common\Model\ResourceTypeModel

[ 2016-05-05T00:12:45+08:00 ] ::1 /onlineen0328/Question/Index/index.html
NOTIC: D方法实例化没找到模型类Common\Model\QuestionTagModel
NOTIC: D方法实例化没找到模型类Common\Model\ResourceTypeModel

[ 2016-05-05T00:12:46+08:00 ] ::1 /onlineen0328/Question/Index/index.html
NOTIC: D方法实例化没找到模型类Common\Model\QuestionTagModel
NOTIC: D方法实例化没找到模型类Common\Model\ResourceTypeModel

[ 2016-05-05T00:12:46+08:00 ] ::1 /onlineen0328/Question/Index/index.html
NOTIC: D方法实例化没找到模型类Common\Model\QuestionTagModel
NOTIC: D方法实例化没找到模型类Common\Model\ResourceTypeModel

[ 2016-05-05T00:12:53+08:00 ] ::1 /onlineen0328/Question/Index/index.html
NOTIC: D方法实例化没找到模型类Common\Model\QuestionTagModel
NOTIC: D方法实例化没找到模型类Common\Model\ResourceTypeModel

[ 2016-05-05T00:12:54+08:00 ] ::1 /onlineen0328/Question/Index/index.html
NOTIC: D方法实例化没找到模型类Common\Model\QuestionTagModel
NOTIC: D方法实例化没找到模型类Common\Model\ResourceTypeModel

[ 2016-05-05T00:13:01+08:00 ] ::1 /onlineen0328/Question/Index/index.html
NOTIC: D方法实例化没找到模型类Common\Model\QuestionTagModel
NOTIC: D方法实例化没找到模型类Common\Model\ResourceTypeModel

[ 2016-05-05T00:13:02+08:00 ] ::1 /onlineen0328/Question/Index/index.html
NOTIC: D方法实例化没找到模型类Common\Model\QuestionTagModel
NOTIC: D方法实例化没找到模型类Common\Model\ResourceTypeModel

[ 2016-05-05T00:13:02+08:00 ] ::1 /onlineen0328/Question/Index/index.html
NOTIC: D方法实例化没找到模型类Common\Model\QuestionTagModel
NOTIC: D方法实例化没找到模型类Common\Model\ResourceTypeModel

[ 2016-05-05T00:13:20+08:00 ] ::1 /onlineen0328/Question/Index/index.html
NOTIC: D方法实例化没找到模型类Common\Model\QuestionTagModel
NOTIC: D方法实例化没找到模型类Common\Model\ResourceTypeModel

[ 2016-05-05T00:13:21+08:00 ] ::1 /onlineen0328/Question/Index/index.html
NOTIC: D方法实例化没找到模型类Common\Model\QuestionTagModel
NOTIC: D方法实例化没找到模型类Common\Model\ResourceTypeModel

[ 2016-05-05T00:13:56+08:00 ] ::1 /onlineen0328/Question/Index/index.html
NOTIC: D方法实例化没找到模型类Common\Model\QuestionTagModel
NOTIC: D方法实例化没找到模型类Common\Model\ResourceTypeModel

[ 2016-05-05T00:13:56+08:00 ] ::1 /onlineen0328/Question/Index/index.html
NOTIC: D方法实例化没找到模型类Common\Model\QuestionTagModel
NOTIC: D方法实例化没找到模型类Common\Model\ResourceTypeModel

[ 2016-05-05T00:14:00+08:00 ] ::1 /onlineen0328/Question/Index/index.html
NOTIC: D方法实例化没找到模型类Common\Model\QuestionTagModel
NOTIC: D方法实例化没找到模型类Common\Model\ResourceTypeModel

[ 2016-05-05T00:14:00+08:00 ] ::1 /onlineen0328/Question/Index/index.html
NOTIC: D方法实例化没找到模型类Common\Model\QuestionTagModel
NOTIC: D方法实例化没找到模型类Common\Model\ResourceTypeModel

[ 2016-05-05T00:14:01+08:00 ] ::1 /onlineen0328/Question/Index/index.html
NOTIC: D方法实例化没找到模型类Common\Model\QuestionTagModel
NOTIC: D方法实例化没找到模型类Common\Model\ResourceTypeModel

[ 2016-05-05T00:14:11+08:00 ] ::1 /onlineen0328/Question/Index/index.html
NOTIC: D方法实例化没找到模型类Common\Model\QuestionTagModel
NOTIC: D方法实例化没找到模型类Common\Model\ResourceTypeModel

[ 2016-05-05T00:14:11+08:00 ] ::1 /onlineen0328/Question/Index/index.html
NOTIC: D方法实例化没找到模型类Common\Model\QuestionTagModel
NOTIC: D方法实例化没找到模型类Common\Model\ResourceTypeModel

[ 2016-05-05T00:14:12+08:00 ] ::1 /onlineen0328/Question/Index/index.html
NOTIC: D方法实例化没找到模型类Common\Model\QuestionTagModel
NOTIC: D方法实例化没找到模型类Common\Model\ResourceTypeModel

[ 2016-05-05T00:14:33+08:00 ] ::1 /onlineen0328/Question/Index/index.html
NOTIC: D方法实例化没找到模型类Common\Model\QuestionTagModel
NOTIC: D方法实例化没找到模型类Common\Model\ResourceTypeModel

[ 2016-05-05T00:14:34+08:00 ] ::1 /onlineen0328/Question/Index/index.html
NOTIC: D方法实例化没找到模型类Common\Model\QuestionTagModel
NOTIC: D方法实例化没找到模型类Common\Model\ResourceTypeModel

[ 2016-05-05T00:14:35+08:00 ] ::1 /onlineen0328/Question/Index/index.html
NOTIC: D方法实例化没找到模型类Common\Model\QuestionTagModel
NOTIC: D方法实例化没找到模型类Common\Model\ResourceTypeModel

[ 2016-05-05T00:14:46+08:00 ] ::1 /onlineen0328/Question/Index/index.html
NOTIC: D方法实例化没找到模型类Common\Model\QuestionTagModel
NOTIC: D方法实例化没找到模型类Common\Model\ResourceTypeModel

[ 2016-05-05T00:14:47+08:00 ] ::1 /onlineen0328/Question/Index/index.html
NOTIC: D方法实例化没找到模型类Common\Model\QuestionTagModel
NOTIC: D方法实例化没找到模型类Common\Model\ResourceTypeModel

[ 2016-05-05T00:14:47+08:00 ] ::1 /onlineen0328/Question/Index/index.html
NOTIC: D方法实例化没找到模型类Common\Model\QuestionTagModel
NOTIC: D方法实例化没找到模型类Common\Model\ResourceTypeModel

[ 2016-05-05T00:15:00+08:00 ] ::1 /onlineen0328/Question/Index/index.html
NOTIC: D方法实例化没找到模型类Common\Model\QuestionTagModel
NOTIC: D方法实例化没找到模型类Common\Model\ResourceTypeModel

[ 2016-05-05T00:15:01+08:00 ] ::1 /onlineen0328/Question/Index/index.html
NOTIC: D方法实例化没找到模型类Common\Model\QuestionTagModel
NOTIC: D方法实例化没找到模型类Common\Model\ResourceTypeModel

[ 2016-05-05T00:15:12+08:00 ] ::1 /onlineen0328/Question/Index/index.html
NOTIC: D方法实例化没找到模型类Common\Model\QuestionTagModel
NOTIC: D方法实例化没找到模型类Common\Model\ResourceTypeModel

[ 2016-05-05T00:15:12+08:00 ] ::1 /onlineen0328/Question/Index/index.html
NOTIC: D方法实例化没找到模型类Common\Model\QuestionTagModel
NOTIC: D方法实例化没找到模型类Common\Model\ResourceTypeModel

[ 2016-05-05T00:15:29+08:00 ] ::1 /onlineen0328/Question/Index/index.html
NOTIC: D方法实例化没找到模型类Common\Model\QuestionTagModel
NOTIC: D方法实例化没找到模型类Common\Model\ResourceTypeModel

[ 2016-05-05T00:15:29+08:00 ] ::1 /onlineen0328/Question/Index/index.html
NOTIC: D方法实例化没找到模型类Common\Model\QuestionTagModel
NOTIC: D方法实例化没找到模型类Common\Model\ResourceTypeModel

[ 2016-05-05T00:15:57+08:00 ] ::1 /onlineen0328/Question/Index/index.html
NOTIC: D方法实例化没找到模型类Common\Model\QuestionTagModel
NOTIC: D方法实例化没找到模型类Common\Model\ResourceTypeModel

[ 2016-05-05T00:15:57+08:00 ] ::1 /onlineen0328/Question/Index/index.html
NOTIC: D方法实例化没找到模型类Common\Model\QuestionTagModel
NOTIC: D方法实例化没找到模型类Common\Model\ResourceTypeModel

[ 2016-05-05T15:42:13+08:00 ] ::1 /onlineen0328/Question/Index/index.html
NOTIC: D方法实例化没找到模型类Common\Model\QuestionTagModel
NOTIC: D方法实例化没找到模型类Common\Model\ResourceTypeModel

[ 2016-05-05T22:30:15+08:00 ] ::1 /onlineen0328/Question/Index/index.html
NOTIC: D方法实例化没找到模型类Common\Model\QuestionTagModel
NOTIC: D方法实例化没找到模型类Common\Model\ResourceTypeModel

[ 2016-05-05T22:30:20+08:00 ] ::1 /onlineen0328/Question/Index/index.html
NOTIC: D方法实例化没找到模型类Common\Model\QuestionTagModel
NOTIC: D方法实例化没找到模型类Common\Model\ResourceTypeModel

[ 2016-05-05T22:30:27+08:00 ] ::1 /onlineen0328/Question/Index/index.html
NOTIC: D方法实例化没找到模型类Common\Model\QuestionTagModel
NOTIC: D方法实例化没找到模型类Common\Model\ResourceTypeModel

[ 2016-05-05T22:30:28+08:00 ] ::1 /onlineen0328/Question/Index/index.html
NOTIC: D方法实例化没找到模型类Common\Model\QuestionTagModel
NOTIC: D方法实例化没找到模型类Common\Model\ResourceTypeModel

[ 2016-05-05T22:30:37+08:00 ] ::1 /onlineen0328/Question/Index/index.html
NOTIC: D方法实例化没找到模型类Common\Model\QuestionTagModel
NOTIC: D方法实例化没找到模型类Common\Model\ResourceTypeModel

[ 2016-05-05T22:30:38+08:00 ] ::1 /onlineen0328/Question/Index/index.html
NOTIC: D方法实例化没找到模型类Common\Model\QuestionTagModel
NOTIC: D方法实例化没找到模型类Common\Model\ResourceTypeModel

[ 2016-05-05T22:30:38+08:00 ] ::1 /onlineen0328/Question/Index/index.html
NOTIC: D方法实例化没找到模型类Common\Model\QuestionTagModel
NOTIC: D方法实例化没找到模型类Common\Model\ResourceTypeModel

[ 2016-05-05T22:34:22+08:00 ] ::1 /onlineen0328/Question/Index/index.html
NOTIC: D方法实例化没找到模型类Common\Model\QuestionTagModel
NOTIC: D方法实例化没找到模型类Common\Model\ResourceTypeModel

[ 2016-05-05T22:35:04+08:00 ] ::1 /onlineen0328/Question/Index/index.html
NOTIC: D方法实例化没找到模型类Common\Model\QuestionTagModel
NOTIC: D方法实例化没找到模型类Common\Model\ResourceTypeModel

[ 2016-05-05T22:39:05+08:00 ] ::1 /onlineen0328/Question/Index/index.html
NOTIC: D方法实例化没找到模型类Common\Model\QuestionTagModel
NOTIC: D方法实例化没找到模型类Common\Model\ResourceTypeModel

[ 2016-05-05T22:39:06+08:00 ] ::1 /onlineen0328/Question/Index/index.html
NOTIC: D方法实例化没找到模型类Common\Model\QuestionTagModel
NOTIC: D方法实例化没找到模型类Common\Model\ResourceTypeModel

[ 2016-05-05T22:39:07+08:00 ] ::1 /onlineen0328/Question/Index/index.html
NOTIC: D方法实例化没找到模型类Common\Model\QuestionTagModel
NOTIC: D方法实例化没找到模型类Common\Model\ResourceTypeModel

[ 2016-05-05T22:39:24+08:00 ] ::1 /onlineen0328/Question/Index/index.html
NOTIC: D方法实例化没找到模型类Common\Model\QuestionTagModel
NOTIC: D方法实例化没找到模型类Common\Model\ResourceTypeModel

[ 2016-05-05T22:39:24+08:00 ] ::1 /onlineen0328/Question/Index/index.html
NOTIC: D方法实例化没找到模型类Common\Model\QuestionTagModel
NOTIC: D方法实例化没找到模型类Common\Model\ResourceTypeModel

[ 2016-05-05T22:39:31+08:00 ] ::1 /onlineen0328/Question/Index/index.html
NOTIC: D方法实例化没找到模型类Common\Model\QuestionTagModel
NOTIC: D方法实例化没找到模型类Common\Model\ResourceTypeModel

[ 2016-05-05T22:39:32+08:00 ] ::1 /onlineen0328/Question/Index/index.html
NOTIC: D方法实例化没找到模型类Common\Model\QuestionTagModel
NOTIC: D方法实例化没找到模型类Common\Model\ResourceTypeModel

[ 2016-05-05T22:39:32+08:00 ] ::1 /onlineen0328/Question/Index/index.html
NOTIC: D方法实例化没找到模型类Common\Model\QuestionTagModel
NOTIC: D方法实例化没找到模型类Common\Model\ResourceTypeModel

[ 2016-05-05T22:39:33+08:00 ] ::1 /onlineen0328/Question/Index/index.html
NOTIC: D方法实例化没找到模型类Common\Model\QuestionTagModel
NOTIC: D方法实例化没找到模型类Common\Model\ResourceTypeModel

[ 2016-05-05T22:39:33+08:00 ] ::1 /onlineen0328/Question/Index/index.html
NOTIC: D方法实例化没找到模型类Common\Model\QuestionTagModel
NOTIC: D方法实例化没找到模型类Common\Model\ResourceTypeModel

[ 2016-05-05T22:39:53+08:00 ] ::1 /onlineen0328/Question/Index/index.html
NOTIC: D方法实例化没找到模型类Common\Model\QuestionTagModel
NOTIC: D方法实例化没找到模型类Common\Model\ResourceTypeModel

[ 2016-05-05T22:39:53+08:00 ] ::1 /onlineen0328/Question/Index/index.html
NOTIC: D方法实例化没找到模型类Common\Model\QuestionTagModel
NOTIC: D方法实例化没找到模型类Common\Model\ResourceTypeModel

[ 2016-05-05T22:39:53+08:00 ] ::1 /onlineen0328/Question/Index/index.html
NOTIC: D方法实例化没找到模型类Common\Model\QuestionTagModel
NOTIC: D方法实例化没找到模型类Common\Model\ResourceTypeModel

[ 2016-05-05T22:39:54+08:00 ] ::1 /onlineen0328/Question/Index/index.html
NOTIC: D方法实例化没找到模型类Common\Model\QuestionTagModel
NOTIC: D方法实例化没找到模型类Common\Model\ResourceTypeModel

[ 2016-05-05T22:39:54+08:00 ] ::1 /onlineen0328/Question/Index/index.html
NOTIC: D方法实例化没找到模型类Common\Model\QuestionTagModel
NOTIC: D方法实例化没找到模型类Common\Model\ResourceTypeModel

[ 2016-05-05T22:41:02+08:00 ] ::1 /onlineen0328/Question/Index/index.html
NOTIC: D方法实例化没找到模型类Common\Model\QuestionTagModel
NOTIC: D方法实例化没找到模型类Common\Model\ResourceTypeModel

[ 2016-05-05T22:41:02+08:00 ] ::1 /onlineen0328/Question/Index/index.html
NOTIC: D方法实例化没找到模型类Common\Model\QuestionTagModel
NOTIC: D方法实例化没找到模型类Common\Model\ResourceTypeModel

[ 2016-05-05T22:52:46+08:00 ] ::1 /onlineen0328/Question/Index/index.html
NOTIC: D方法实例化没找到模型类Common\Model\QuestionTagModel
NOTIC: D方法实例化没找到模型类Common\Model\ResourceTypeModel

[ 2016-05-05T22:53:17+08:00 ] ::1 /onlineen0328/Question/Index/index.html
NOTIC: D方法实例化没找到模型类Common\Model\QuestionTagModel
NOTIC: D方法实例化没找到模型类Common\Model\ResourceTypeModel

[ 2016-05-05T22:53:40+08:00 ] ::1 /onlineen0328/Question/Index/index.html
NOTIC: D方法实例化没找到模型类Common\Model\QuestionTagModel
NOTIC: D方法实例化没找到模型类Common\Model\ResourceTypeModel

[ 2016-05-05T22:53:41+08:00 ] ::1 /onlineen0328/Question/Index/index.html
NOTIC: D方法实例化没找到模型类Common\Model\QuestionTagModel
NOTIC: D方法实例化没找到模型类Common\Model\ResourceTypeModel

[ 2016-05-05T22:53:41+08:00 ] ::1 /onlineen0328/Question/Index/index.html
NOTIC: D方法实例化没找到模型类Common\Model\QuestionTagModel
NOTIC: D方法实例化没找到模型类Common\Model\ResourceTypeModel

[ 2016-05-05T22:54:08+08:00 ] ::1 /onlineen0328/Question/Index/index.html
NOTIC: D方法实例化没找到模型类Common\Model\QuestionTagModel
NOTIC: D方法实例化没找到模型类Common\Model\ResourceTypeModel

[ 2016-05-05T22:54:10+08:00 ] ::1 /onlineen0328/Question/Index/index.html
NOTIC: D方法实例化没找到模型类Common\Model\QuestionTagModel
NOTIC: D方法实例化没找到模型类Common\Model\ResourceTypeModel

[ 2016-05-05T22:54:29+08:00 ] ::1 /onlineen0328/Question/Index/index.html
NOTIC: D方法实例化没找到模型类Common\Model\QuestionTagModel
NOTIC: D方法实例化没找到模型类Common\Model\ResourceTypeModel

[ 2016-05-05T22:54:30+08:00 ] ::1 /onlineen0328/Question/Index/index.html
NOTIC: D方法实例化没找到模型类Common\Model\QuestionTagModel
NOTIC: D方法实例化没找到模型类Common\Model\ResourceTypeModel

[ 2016-05-05T22:54:31+08:00 ] ::1 /onlineen0328/Question/Index/index.html
NOTIC: D方法实例化没找到模型类Common\Model\QuestionTagModel
NOTIC: D方法实例化没找到模型类Common\Model\ResourceTypeModel

[ 2016-05-05T22:54:33+08:00 ] ::1 /onlineen0328/Question/Index/index.html
NOTIC: D方法实例化没找到模型类Common\Model\QuestionTagModel
NOTIC: D方法实例化没找到模型类Common\Model\ResourceTypeModel

[ 2016-05-05T22:54:34+08:00 ] ::1 /onlineen0328/Question/Index/index.html
NOTIC: D方法实例化没找到模型类Common\Model\QuestionTagModel
NOTIC: D方法实例化没找到模型类Common\Model\ResourceTypeModel

[ 2016-05-05T22:55:01+08:00 ] ::1 /onlineen0328/Question/Index/index.html
NOTIC: D方法实例化没找到模型类Common\Model\QuestionTagModel
NOTIC: D方法实例化没找到模型类Common\Model\ResourceTypeModel

[ 2016-05-05T22:55:02+08:00 ] ::1 /onlineen0328/Question/Index/index.html
NOTIC: D方法实例化没找到模型类Common\Model\QuestionTagModel
NOTIC: D方法实例化没找到模型类Common\Model\ResourceTypeModel

[ 2016-05-05T22:55:15+08:00 ] ::1 /onlineen0328/Question/Index/index.html
NOTIC: D方法实例化没找到模型类Common\Model\QuestionTagModel
NOTIC: D方法实例化没找到模型类Common\Model\ResourceTypeModel

[ 2016-05-05T22:55:15+08:00 ] ::1 /onlineen0328/Question/Index/index.html
NOTIC: D方法实例化没找到模型类Common\Model\QuestionTagModel
NOTIC: D方法实例化没找到模型类Common\Model\ResourceTypeModel

[ 2016-05-05T22:55:30+08:00 ] ::1 /onlineen0328/Question/Index/index.html
NOTIC: D方法实例化没找到模型类Common\Model\QuestionTagModel
NOTIC: D方法实例化没找到模型类Common\Model\ResourceTypeModel

[ 2016-05-05T22:55:39+08:00 ] ::1 /onlineen0328/Question/Index/index.html
NOTIC: D方法实例化没找到模型类Common\Model\QuestionTagModel
NOTIC: D方法实例化没找到模型类Common\Model\ResourceTypeModel

[ 2016-05-05T22:55:40+08:00 ] ::1 /onlineen0328/Question/Index/index.html
NOTIC: D方法实例化没找到模型类Common\Model\QuestionTagModel
NOTIC: D方法实例化没找到模型类Common\Model\ResourceTypeModel

[ 2016-05-05T22:55:40+08:00 ] ::1 /onlineen0328/Question/Index/index.html
NOTIC: D方法实例化没找到模型类Common\Model\QuestionTagModel
NOTIC: D方法实例化没找到模型类Common\Model\ResourceTypeModel

[ 2016-05-05T22:55:41+08:00 ] ::1 /onlineen0328/Question/Index/index.html
NOTIC: D方法实例化没找到模型类Common\Model\QuestionTagModel
NOTIC: D方法实例化没找到模型类Common\Model\ResourceTypeModel

[ 2016-05-05T22:55:41+08:00 ] ::1 /onlineen0328/Question/Index/index.html
NOTIC: D方法实例化没找到模型类Common\Model\QuestionTagModel
NOTIC: D方法实例化没找到模型类Common\Model\ResourceTypeModel

[ 2016-05-05T22:55:45+08:00 ] ::1 /onlineen0328/Question/Index/index.html
NOTIC: D方法实例化没找到模型类Common\Model\QuestionTagModel
NOTIC: D方法实例化没找到模型类Common\Model\ResourceTypeModel

[ 2016-05-05T22:55:46+08:00 ] ::1 /onlineen0328/Question/Index/index.html
NOTIC: D方法实例化没找到模型类Common\Model\QuestionTagModel
NOTIC: D方法实例化没找到模型类Common\Model\ResourceTypeModel

[ 2016-05-05T22:55:54+08:00 ] ::1 /onlineen0328/Question/Index/index.html
NOTIC: D方法实例化没找到模型类Common\Model\QuestionTagModel
NOTIC: D方法实例化没找到模型类Common\Model\ResourceTypeModel

[ 2016-05-05T22:55:56+08:00 ] ::1 /onlineen0328/Question/Index/index.html
NOTIC: D方法实例化没找到模型类Common\Model\QuestionTagModel
NOTIC: D方法实例化没找到模型类Common\Model\ResourceTypeModel

[ 2016-05-05T22:56:07+08:00 ] ::1 /onlineen0328/Question/Index/index.html
NOTIC: D方法实例化没找到模型类Common\Model\QuestionTagModel
NOTIC: D方法实例化没找到模型类Common\Model\ResourceTypeModel

[ 2016-05-05T22:56:08+08:00 ] ::1 /onlineen0328/Question/Index/index.html
NOTIC: D方法实例化没找到模型类Common\Model\QuestionTagModel
NOTIC: D方法实例化没找到模型类Common\Model\ResourceTypeModel

[ 2016-05-05T22:56:24+08:00 ] ::1 /onlineen0328/Question/Index/index.html
NOTIC: D方法实例化没找到模型类Common\Model\QuestionTagModel
NOTIC: D方法实例化没找到模型类Common\Model\ResourceTypeModel

[ 2016-05-05T22:56:40+08:00 ] ::1 /onlineen0328/Question/Index/index.html
NOTIC: D方法实例化没找到模型类Common\Model\QuestionTagModel
NOTIC: D方法实例化没找到模型类Common\Model\ResourceTypeModel

[ 2016-05-05T23:02:14+08:00 ] ::1 /onlineen0328/Question/Index/index.html
NOTIC: D方法实例化没找到模型类Common\Model\QuestionTagModel
NOTIC: D方法实例化没找到模型类Common\Model\ResourceTypeModel

[ 2016-05-05T23:02:15+08:00 ] ::1 /onlineen0328/Question/Index/index.html
NOTIC: D方法实例化没找到模型类Common\Model\QuestionTagModel
NOTIC: D方法实例化没找到模型类Common\Model\ResourceTypeModel

[ 2016-05-05T23:02:26+08:00 ] ::1 /onlineen0328/Question/Index/index.html
NOTIC: D方法实例化没找到模型类Common\Model\QuestionTagModel
NOTIC: D方法实例化没找到模型类Common\Model\ResourceTypeModel

[ 2016-05-05T23:02:29+08:00 ] ::1 /onlineen0328/Question/Index/index.html
NOTIC: D方法实例化没找到模型类Common\Model\QuestionTagModel
NOTIC: D方法实例化没找到模型类Common\Model\ResourceTypeModel

[ 2016-05-05T23:02:29+08:00 ] ::1 /onlineen0328/Question/Index/index.html
NOTIC: D方法实例化没找到模型类Common\Model\QuestionTagModel
NOTIC: D方法实例化没找到模型类Common\Model\ResourceTypeModel

[ 2016-05-05T23:03:15+08:00 ] ::1 /onlineen0328/Question/Index/index.html
NOTIC: D方法实例化没找到模型类Common\Model\QuestionTagModel
NOTIC: D方法实例化没找到模型类Common\Model\ResourceTypeModel

[ 2016-05-05T23:03:50+08:00 ] ::1 /onlineen0328/Question/Index/index.html
NOTIC: D方法实例化没找到模型类Common\Model\QuestionTagModel
NOTIC: D方法实例化没找到模型类Common\Model\ResourceTypeModel

[ 2016-05-05T23:03:51+08:00 ] ::1 /onlineen0328/Question/Index/index.html
NOTIC: D方法实例化没找到模型类Common\Model\QuestionTagModel
NOTIC: D方法实例化没找到模型类Common\Model\ResourceTypeModel

[ 2016-05-05T23:35:04+08:00 ] ::1 /onlineen0328/Question/Index/index.html
NOTIC: D方法实例化没找到模型类Common\Model\QuestionTagModel
NOTIC: D方法实例化没找到模型类Common\Model\ResourceTypeModel

[ 2016-05-05T23:35:20+08:00 ] ::1 /onlineen0328/Question/Index/index.html
NOTIC: D方法实例化没找到模型类Common\Model\QuestionTagModel
NOTIC: D方法实例化没找到模型类Common\Model\ResourceTypeModel

[ 2016-05-05T23:35:37+08:00 ] ::1 /onlineen0328/Question/Index/index.html
NOTIC: D方法实例化没找到模型类Common\Model\QuestionTagModel
NOTIC: D方法实例化没找到模型类Common\Model\ResourceTypeModel

[ 2016-05-05T23:36:07+08:00 ] ::1 /onlineen0328/Question/Index/index.html
NOTIC: D方法实例化没找到模型类Common\Model\QuestionTagModel
NOTIC: D方法实例化没找到模型类Common\Model\ResourceTypeModel

[ 2016-05-05T23:40:14+08:00 ] ::1 /onlineen0328/Question/Index/index.html
NOTIC: D方法实例化没找到模型类Common\Model\QuestionTagModel
NOTIC: D方法实例化没找到模型类Common\Model\ResourceTypeModel

[ 2016-05-05T23:40:15+08:00 ] ::1 /onlineen0328/Question/Index/index.html
NOTIC: D方法实例化没找到模型类Common\Model\QuestionTagModel
NOTIC: D方法实例化没找到模型类Common\Model\ResourceTypeModel

[ 2016-05-05T23:40:43+08:00 ] ::1 /onlineen0328/Question/Index/index.html
NOTIC: D方法实例化没找到模型类Common\Model\QuestionTagModel
NOTIC: D方法实例化没找到模型类Common\Model\ResourceTypeModel

[ 2016-05-05T23:41:22+08:00 ] ::1 /onlineen0328/Question/Index/index.html
NOTIC: D方法实例化没找到模型类Common\Model\QuestionTagModel
NOTIC: D方法实例化没找到模型类Common\Model\ResourceTypeModel

[ 2016-05-05T23:41:43+08:00 ] ::1 /onlineen0328/Question/Index/index.html
NOTIC: D方法实例化没找到模型类Common\Model\QuestionTagModel
NOTIC: D方法实例化没找到模型类Common\Model\ResourceTypeModel

[ 2016-05-05T23:41:44+08:00 ] ::1 /onlineen0328/Question/Index/index.html
NOTIC: D方法实例化没找到模型类Common\Model\QuestionTagModel
NOTIC: D方法实例化没找到模型类Common\Model\ResourceTypeModel

[ 2016-05-05T23:42:02+08:00 ] ::1 /onlineen0328/Question/Index/index.html
NOTIC: D方法实例化没找到模型类Common\Model\QuestionTagModel
NOTIC: D方法实例化没找到模型类Common\Model\ResourceTypeModel

[ 2016-05-05T23:42:20+08:00 ] ::1 /onlineen0328/Question/Index/index.html
NOTIC: D方法实例化没找到模型类Common\Model\QuestionTagModel
NOTIC: D方法实例化没找到模型类Common\Model\ResourceTypeModel

[ 2016-05-05T23:42:23+08:00 ] ::1 /onlineen0328/Question/Index/index.html
NOTIC: D方法实例化没找到模型类Common\Model\QuestionTagModel
NOTIC: D方法实例化没找到模型类Common\Model\ResourceTypeModel

[ 2016-05-05T23:42:51+08:00 ] ::1 /onlineen0328/Question/Index/index.html
NOTIC: D方法实例化没找到模型类Common\Model\QuestionTagModel
NOTIC: D方法实例化没找到模型类Common\Model\ResourceTypeModel

[ 2016-05-05T23:42:52+08:00 ] ::1 /onlineen0328/Question/Index/index.html
NOTIC: D方法实例化没找到模型类Common\Model\QuestionTagModel
NOTIC: D方法实例化没找到模型类Common\Model\ResourceTypeModel

[ 2016-05-05T23:42:53+08:00 ] ::1 /onlineen0328/Question/Index/index.html
NOTIC: D方法实例化没找到模型类Common\Model\QuestionTagModel
NOTIC: D方法实例化没找到模型类Common\Model\ResourceTypeModel

[ 2016-05-05T23:42:53+08:00 ] ::1 /onlineen0328/Question/Index/index.html
NOTIC: D方法实例化没找到模型类Common\Model\QuestionTagModel
NOTIC: D方法实例化没找到模型类Common\Model\ResourceTypeModel

[ 2016-05-05T23:43:03+08:00 ] ::1 /onlineen0328/Question/Index/index.html
NOTIC: D方法实例化没找到模型类Common\Model\QuestionTagModel
NOTIC: D方法实例化没找到模型类Common\Model\ResourceTypeModel

[ 2016-05-05T23:43:04+08:00 ] ::1 /onlineen0328/Question/Index/index.html
NOTIC: D方法实例化没找到模型类Common\Model\QuestionTagModel
NOTIC: D方法实例化没找到模型类Common\Model\ResourceTypeModel

[ 2016-05-05T23:46:20+08:00 ] ::1 /onlineen0328/Question/Index/index.html
NOTIC: D方法实例化没找到模型类Common\Model\QuestionTagModel
NOTIC: D方法实例化没找到模型类Common\Model\ResourceTypeModel

[ 2016-05-05T23:46:23+08:00 ] ::1 /onlineen0328/Question/Index/alone_train.html
NOTIC: D方法实例化没找到模型类Common\Model\QuestionTagModel
NOTIC: D方法实例化没找到模型类Common\Model\ResourceTypeModel

[ 2016-05-05T23:51:23+08:00 ] ::1 /onlineen0328/Question/Index/index.html
NOTIC: D方法实例化没找到模型类Common\Model\QuestionTagModel
NOTIC: D方法实例化没找到模型类Common\Model\ResourceTypeModel

[ 2016-05-05T23:51:25+08:00 ] ::1 /onlineen0328/Question/Index/alone_train.html
NOTIC: D方法实例化没找到模型类Common\Model\QuestionTagModel
NOTIC: D方法实例化没找到模型类Common\Model\ResourceTypeModel

[ 2016-05-05T23:51:48+08:00 ] ::1 /onlineen0328/Question/Index/index.html
NOTIC: D方法实例化没找到模型类Common\Model\QuestionTagModel
NOTIC: D方法实例化没找到模型类Common\Model\ResourceTypeModel

[ 2016-05-05T23:51:49+08:00 ] ::1 /onlineen0328/Question/Index/alone_train.html
NOTIC: D方法实例化没找到模型类Common\Model\QuestionTagModel
NOTIC: D方法实例化没找到模型类Common\Model\ResourceTypeModel

[ 2016-05-05T23:53:14+08:00 ] ::1 /onlineen0328/Question/Index/alone_train.html
NOTIC: D方法实例化没找到模型类Common\Model\QuestionTagModel
NOTIC: D方法实例化没找到模型类Common\Model\ResourceTypeModel

[ 2016-05-05T23:53:15+08:00 ] ::1 /onlineen0328/Question/Index/alone_train.html
NOTIC: D方法实例化没找到模型类Common\Model\QuestionTagModel
NOTIC: D方法实例化没找到模型类Common\Model\ResourceTypeModel

[ 2016-05-05T23:53:16+08:00 ] ::1 /onlineen0328/Question/Index/alone_train.html
NOTIC: D方法实例化没找到模型类Common\Model\QuestionTagModel
NOTIC: D方法实例化没找到模型类Common\Model\ResourceTypeModel

[ 2016-05-05T23:53:16+08:00 ] ::1 /onlineen0328/Question/Index/alone_train.html
NOTIC: D方法实例化没找到模型类Common\Model\QuestionTagModel
NOTIC: D方法实例化没找到模型类Common\Model\ResourceTypeModel

[ 2016-05-05T23:53:31+08:00 ] ::1 /onlineen0328/Question/Index/alone_train.html
NOTIC: D方法实例化没找到模型类Common\Model\QuestionTagModel
NOTIC: D方法实例化没找到模型类Common\Model\ResourceTypeModel

[ 2016-05-05T23:53:33+08:00 ] ::1 /onlineen0328/Question/Index/alone_train.html
NOTIC: D方法实例化没找到模型类Common\Model\QuestionTagModel
NOTIC: D方法实例化没找到模型类Common\Model\ResourceTypeModel

[ 2016-05-05T23:53:46+08:00 ] ::1 /onlineen0328/Question/Index/alone_train.html
NOTIC: D方法实例化没找到模型类Common\Model\QuestionTagModel
NOTIC: D方法实例化没找到模型类Common\Model\ResourceTypeModel

[ 2016-05-05T23:53:47+08:00 ] ::1 /onlineen0328/Question/Index/alone_train.html
NOTIC: D方法实例化没找到模型类Common\Model\QuestionTagModel
NOTIC: D方法实例化没找到模型类Common\Model\ResourceTypeModel

[ 2016-05-05T23:53:47+08:00 ] ::1 /onlineen0328/Question/Index/alone_train.html
NOTIC: D方法实例化没找到模型类Common\Model\QuestionTagModel
NOTIC: D方法实例化没找到模型类Common\Model\ResourceTypeModel

[ 2016-05-05T23:53:57+08:00 ] ::1 /onlineen0328/Question/Index/alone_train.html
NOTIC: D方法实例化没找到模型类Common\Model\QuestionTagModel
NOTIC: D方法实例化没找到模型类Common\Model\ResourceTypeModel

[ 2016-05-05T23:53:58+08:00 ] ::1 /onlineen0328/Question/Index/alone_train.html
NOTIC: D方法实例化没找到模型类Common\Model\QuestionTagModel
NOTIC: D方法实例化没找到模型类Common\Model\ResourceTypeModel

[ 2016-05-05T23:53:58+08:00 ] ::1 /onlineen0328/Question/Index/alone_train.html
NOTIC: D方法实例化没找到模型类Common\Model\QuestionTagModel
NOTIC: D方法实例化没找到模型类Common\Model\ResourceTypeModel

[ 2016-05-05T23:57:11+08:00 ] ::1 /onlineen0328/Question/Index/alone_train.html
NOTIC: D方法实例化没找到模型类Common\Model\QuestionTagModel
NOTIC: D方法实例化没找到模型类Common\Model\ResourceTypeModel

[ 2016-05-05T23:57:12+08:00 ] ::1 /onlineen0328/Question/Index/alone_train.html
NOTIC: D方法实例化没找到模型类Common\Model\QuestionTagModel
NOTIC: D方法实例化没找到模型类Common\Model\ResourceTypeModel

[ 2016-05-05T23:57:32+08:00 ] ::1 /onlineen0328/Question/Index/index.html
NOTIC: D方法实例化没找到模型类Common\Model\QuestionTagModel
NOTIC: D方法实例化没找到模型类Common\Model\ResourceTypeModel

[ 2016-05-05T23:59:20+08:00 ] ::1 /onlineen0328/Question/Index/index.html
NOTIC: D方法实例化没找到模型类Common\Model\QuestionTagModel
NOTIC: D方法实例化没找到模型类Common\Model\ResourceTypeModel

[ 2016-05-05T23:59:21+08:00 ] ::1 /onlineen0328/Question/Index/alone_train.html
NOTIC: D方法实例化没找到模型类Common\Model\QuestionTagModel
NOTIC: D方法实例化没找到模型类Common\Model\ResourceTypeModel

