[ 2016-05-09T19:55:01+08:00 ] ::1 /onlineen0328/Question/Index/index.html
NOTIC: D方法实例化没找到模型类Common\Model\QuestionTagModel
NOTIC: D方法实例化没找到模型类Common\Model\ResourceTypeModel

[ 2016-05-09T19:55:05+08:00 ] ::1 /onlineen0328/Question/Index/alone_train.html
NOTIC: D方法实例化没找到模型类Common\Model\QuestionTagModel
NOTIC: D方法实例化没找到模型类Common\Model\ResourceTypeModel

[ 2016-05-09T20:20:17+08:00 ] ::1 /onlineen0328/Question/Index/alone_train.html
NOTIC: D方法实例化没找到模型类Common\Model\QuestionTagModel
NOTIC: D方法实例化没找到模型类Common\Model\ResourceTypeModel
NOTIC: D方法实例化没找到模型类Common\Model\QuestionModel

[ 2016-05-09T20:22:14+08:00 ] ::1 /onlineen0328/Question/Index/alone_train.html
NOTIC: D方法实例化没找到模型类Common\Model\QuestionTagModel
NOTIC: D方法实例化没找到模型类Common\Model\ResourceTypeModel
NOTIC: D方法实例化没找到模型类Common\Model\QuestionModel

[ 2016-05-09T20:28:20+08:00 ] ::1 /onlineen0328/Question/Index/alone_train.html
NOTIC: D方法实例化没找到模型类Common\Model\QuestionTagModel
NOTIC: D方法实例化没找到模型类Common\Model\ResourceTypeModel
NOTIC: D方法实例化没找到模型类Common\Model\QuestionModel

[ 2016-05-09T20:28:21+08:00 ] ::1 /onlineen0328/Question/Index/alone_train.html
NOTIC: D方法实例化没找到模型类Common\Model\QuestionTagModel
NOTIC: D方法实例化没找到模型类Common\Model\ResourceTypeModel
NOTIC: D方法实例化没找到模型类Common\Model\QuestionModel

[ 2016-05-09T20:28:42+08:00 ] ::1 /onlineen0328/Question/Index/alone_train.html
NOTIC: D方法实例化没找到模型类Common\Model\QuestionTagModel
NOTIC: D方法实例化没找到模型类Common\Model\ResourceTypeModel
NOTIC: D方法实例化没找到模型类Common\Model\QuestionModel

[ 2016-05-09T20:29:57+08:00 ] ::1 /onlineen0328/Question/Index/alone_train.html
NOTIC: D方法实例化没找到模型类Common\Model\QuestionTagModel
NOTIC: D方法实例化没找到模型类Common\Model\ResourceTypeModel
NOTIC: D方法实例化没找到模型类Common\Model\QuestionModel

[ 2016-05-09T20:38:30+08:00 ] ::1 /onlineen0328/Question/Index/alone_train.html
NOTIC: D方法实例化没找到模型类Common\Model\QuestionTagModel
NOTIC: D方法实例化没找到模型类Common\Model\ResourceTypeModel
NOTIC: D方法实例化没找到模型类Common\Model\QuestionModel

[ 2016-05-09T20:40:10+08:00 ] ::1 /onlineen0328/Question/Index/alone_train.html
NOTIC: D方法实例化没找到模型类Common\Model\QuestionTagModel
NOTIC: D方法实例化没找到模型类Common\Model\ResourceTypeModel
NOTIC: D方法实例化没找到模型类Common\Model\QuestionModel

[ 2016-05-09T20:40:45+08:00 ] ::1 /onlineen0328/Question/Index/alone_train.html
NOTIC: D方法实例化没找到模型类Common\Model\QuestionTagModel
NOTIC: D方法实例化没找到模型类Common\Model\ResourceTypeModel
NOTIC: D方法实例化没找到模型类Common\Model\QuestionModel

[ 2016-05-09T20:41:08+08:00 ] ::1 /onlineen0328/Question/Index/alone_train.html
NOTIC: D方法实例化没找到模型类Common\Model\QuestionTagModel
NOTIC: D方法实例化没找到模型类Common\Model\ResourceTypeModel
NOTIC: D方法实例化没找到模型类Common\Model\QuestionModel

[ 2016-05-09T20:41:51+08:00 ] ::1 /onlineen0328/Question/Index/alone_train.html
NOTIC: D方法实例化没找到模型类Common\Model\QuestionTagModel
NOTIC: D方法实例化没找到模型类Common\Model\ResourceTypeModel
NOTIC: D方法实例化没找到模型类Common\Model\QuestionModel

[ 2016-05-09T20:42:00+08:00 ] ::1 /onlineen0328/Question/Index/alone_train.html
NOTIC: D方法实例化没找到模型类Common\Model\QuestionTagModel
NOTIC: D方法实例化没找到模型类Common\Model\ResourceTypeModel
NOTIC: D方法实例化没找到模型类Common\Model\QuestionModel

[ 2016-05-09T20:42:03+08:00 ] ::1 /onlineen0328/Question/Index/alone_train.html
NOTIC: D方法实例化没找到模型类Common\Model\QuestionTagModel
NOTIC: D方法实例化没找到模型类Common\Model\ResourceTypeModel
NOTIC: D方法实例化没找到模型类Common\Model\QuestionModel

[ 2016-05-09T20:42:10+08:00 ] ::1 /onlineen0328/Question/Index/alone_train.html
NOTIC: D方法实例化没找到模型类Common\Model\QuestionTagModel
NOTIC: D方法实例化没找到模型类Common\Model\ResourceTypeModel
NOTIC: D方法实例化没找到模型类Common\Model\QuestionModel

[ 2016-05-09T20:43:27+08:00 ] ::1 /onlineen0328/Question/Index/alone_train.html
NOTIC: D方法实例化没找到模型类Common\Model\QuestionTagModel
NOTIC: D方法实例化没找到模型类Common\Model\ResourceTypeModel
NOTIC: D方法实例化没找到模型类Common\Model\QuestionModel

[ 2016-05-09T20:44:46+08:00 ] ::1 /onlineen0328/Question/Index/alone_train.html
NOTIC: D方法实例化没找到模型类Common\Model\QuestionTagModel
NOTIC: D方法实例化没找到模型类Common\Model\ResourceTypeModel
NOTIC: D方法实例化没找到模型类Common\Model\QuestionModel

[ 2016-05-09T20:49:16+08:00 ] ::1 /onlineen0328/Question/Index/alone_train.html
NOTIC: D方法实例化没找到模型类Common\Model\QuestionTagModel
NOTIC: D方法实例化没找到模型类Common\Model\ResourceTypeModel
NOTIC: D方法实例化没找到模型类Common\Model\QuestionModel

[ 2016-05-09T20:50:08+08:00 ] ::1 /onlineen0328/Question/Index/alone_train.html
NOTIC: D方法实例化没找到模型类Common\Model\QuestionTagModel
NOTIC: D方法实例化没找到模型类Common\Model\ResourceTypeModel
NOTIC: D方法实例化没找到模型类Common\Model\QuestionModel

[ 2016-05-09T20:51:08+08:00 ] ::1 /onlineen0328/Question/Index/alone_train.html
NOTIC: D方法实例化没找到模型类Common\Model\QuestionTagModel
NOTIC: D方法实例化没找到模型类Common\Model\ResourceTypeModel
NOTIC: D方法实例化没找到模型类Common\Model\QuestionModel

[ 2016-05-09T20:51:51+08:00 ] ::1 /onlineen0328/Question/Index/alone_train.html
NOTIC: D方法实例化没找到模型类Common\Model\QuestionTagModel
NOTIC: D方法实例化没找到模型类Common\Model\ResourceTypeModel
NOTIC: D方法实例化没找到模型类Common\Model\QuestionModel

[ 2016-05-09T20:55:20+08:00 ] ::1 /onlineen0328/Question/Index/alone_train.html
NOTIC: D方法实例化没找到模型类Common\Model\QuestionTagModel
NOTIC: D方法实例化没找到模型类Common\Model\ResourceTypeModel
NOTIC: D方法实例化没找到模型类Common\Model\QuestionModel

[ 2016-05-09T20:56:06+08:00 ] ::1 /onlineen0328/Question/Index/alone_train.html
NOTIC: D方法实例化没找到模型类Common\Model\QuestionTagModel
NOTIC: D方法实例化没找到模型类Common\Model\ResourceTypeModel
NOTIC: D方法实例化没找到模型类Common\Model\QuestionModel

[ 2016-05-09T20:56:21+08:00 ] ::1 /onlineen0328/Question/Index/alone_train.html
NOTIC: D方法实例化没找到模型类Common\Model\QuestionTagModel
NOTIC: D方法实例化没找到模型类Common\Model\ResourceTypeModel
NOTIC: D方法实例化没找到模型类Common\Model\QuestionModel

[ 2016-05-09T20:57:01+08:00 ] ::1 /onlineen0328/Question/Index/alone_train.html
NOTIC: D方法实例化没找到模型类Common\Model\QuestionTagModel
NOTIC: D方法实例化没找到模型类Common\Model\ResourceTypeModel
NOTIC: D方法实例化没找到模型类Common\Model\QuestionModel

[ 2016-05-09T20:57:53+08:00 ] ::1 /onlineen0328/Question/Index/alone_train.html
NOTIC: D方法实例化没找到模型类Common\Model\QuestionTagModel
NOTIC: D方法实例化没找到模型类Common\Model\ResourceTypeModel
NOTIC: D方法实例化没找到模型类Common\Model\QuestionModel

[ 2016-05-09T20:59:46+08:00 ] ::1 /onlineen0328/Question/Index/alone_train.html
NOTIC: D方法实例化没找到模型类Common\Model\QuestionTagModel
NOTIC: D方法实例化没找到模型类Common\Model\ResourceTypeModel
NOTIC: D方法实例化没找到模型类Common\Model\QuestionModel

[ 2016-05-09T21:16:21+08:00 ] ::1 /onlineen0328/Question/Index/alone_train.html
NOTIC: D方法实例化没找到模型类Common\Model\QuestionTagModel
NOTIC: D方法实例化没找到模型类Common\Model\ResourceTypeModel
NOTIC: D方法实例化没找到模型类Common\Model\QuestionModel

[ 2016-05-09T21:42:47+08:00 ] ::1 /onlineen0328/Question/Index/alone_train.html
NOTIC: D方法实例化没找到模型类Common\Model\QuestionTagModel
NOTIC: D方法实例化没找到模型类Common\Model\ResourceTypeModel
NOTIC: D方法实例化没找到模型类Common\Model\QuestionModel

[ 2016-05-09T21:44:04+08:00 ] ::1 /onlineen0328/Question/Index/alone_train.html
NOTIC: D方法实例化没找到模型类Common\Model\QuestionTagModel
NOTIC: D方法实例化没找到模型类Common\Model\ResourceTypeModel
NOTIC: D方法实例化没找到模型类Common\Model\QuestionModel

