[ 2016-05-04T10:23:01+08:00 ] ::1 /onlineen0328/Down/Index/index.html
NOTIC: D方法实例化没找到模型类Common\Model\ResourceModel
NOTIC: D方法实例化没找到模型类Common\Model\ResourceTypeModel

[ 2016-05-04T10:23:04+08:00 ] ::1 /onlineen0328/Down/Index/index.html
NOTIC: D方法实例化没找到模型类Common\Model\ResourceModel
NOTIC: D方法实例化没找到模型类Common\Model\ResourceTypeModel

[ 2016-05-04T10:23:52+08:00 ] ::1 /onlineen0328/Down/Index/index.html
NOTIC: D方法实例化没找到模型类Common\Model\ResourceModel
NOTIC: D方法实例化没找到模型类Common\Model\ResourceTypeModel

[ 2016-05-04T10:23:54+08:00 ] ::1 /onlineen0328/Down/Index/resourcedetail/id/18.html
NOTIC: D方法实例化没找到模型类Common\Model\ResourceModel
NOTIC: D方法实例化没找到模型类Common\Model\ResourceTypeModel

[ 2016-05-04T10:35:05+08:00 ] ::1 /onlineen0328/Down/Index/downdetail/id/18.html
NOTIC: D方法实例化没找到模型类Common\Model\ResourceModel
NOTIC: D方法实例化没找到模型类Common\Model\ResourceTypeModel

[ 2016-05-04T13:07:01+08:00 ] ::1 /onlineen0328/Down/Index/index.html
NOTIC: D方法实例化没找到模型类Common\Model\ResourceModel
NOTIC: D方法实例化没找到模型类Common\Model\ResourceTypeModel

[ 2016-05-04T13:07:02+08:00 ] ::1 /onlineen0328/Down/Index/resourcedetail/id/1.html
NOTIC: D方法实例化没找到模型类Common\Model\ResourceModel
NOTIC: D方法实例化没找到模型类Common\Model\ResourceTypeModel

[ 2016-05-04T13:07:04+08:00 ] ::1 /onlineen0328/Down/Index/downdetail/id/1.html
NOTIC: D方法实例化没找到模型类Common\Model\ResourceModel
NOTIC: D方法实例化没找到模型类Common\Model\ResourceTypeModel

[ 2016-05-04T16:35:10+08:00 ] ::1 /onlineen0328/Down/Index/index.html
NOTIC: D方法实例化没找到模型类Common\Model\ResourceModel
NOTIC: D方法实例化没找到模型类Common\Model\ResourceTypeModel

[ 2016-05-04T22:49:24+08:00 ] ::1 /onlineen0328/Down/Index/index.html
NOTIC: D方法实例化没找到模型类Common\Model\ResourceModel
NOTIC: D方法实例化没找到模型类Common\Model\ResourceTypeModel

[ 2016-05-04T22:49:32+08:00 ] ::1 /onlineen0328/Down/Index/index.html
NOTIC: D方法实例化没找到模型类Common\Model\ResourceModel
NOTIC: D方法实例化没找到模型类Common\Model\ResourceTypeModel

[ 2016-05-04T22:52:32+08:00 ] ::1 /onlineen0328/Down/Index/index.html
NOTIC: D方法实例化没找到模型类Common\Model\ResourceModel
NOTIC: D方法实例化没找到模型类Common\Model\ResourceTypeModel

[ 2016-05-04T22:53:20+08:00 ] ::1 /onlineen0328/Down/Index/index.html
NOTIC: D方法实例化没找到模型类Common\Model\ResourceModel
NOTIC: D方法实例化没找到模型类Common\Model\ResourceTypeModel

[ 2016-05-04T22:53:23+08:00 ] ::1 /onlineen0328/Down/Index/index.html
NOTIC: D方法实例化没找到模型类Common\Model\ResourceModel
NOTIC: D方法实例化没找到模型类Common\Model\ResourceTypeModel

[ 2016-05-04T22:53:23+08:00 ] ::1 /onlineen0328/Down/Index/index.html
NOTIC: D方法实例化没找到模型类Common\Model\ResourceModel
NOTIC: D方法实例化没找到模型类Common\Model\ResourceTypeModel

[ 2016-05-04T22:53:23+08:00 ] ::1 /onlineen0328/Down/Index/index.html
NOTIC: D方法实例化没找到模型类Common\Model\ResourceModel
NOTIC: D方法实例化没找到模型类Common\Model\ResourceTypeModel

[ 2016-05-04T22:53:23+08:00 ] ::1 /onlineen0328/Down/Index/index.html
NOTIC: D方法实例化没找到模型类Common\Model\ResourceModel
NOTIC: D方法实例化没找到模型类Common\Model\ResourceTypeModel

[ 2016-05-04T22:53:24+08:00 ] ::1 /onlineen0328/Down/Index/index.html
NOTIC: D方法实例化没找到模型类Common\Model\ResourceModel
NOTIC: D方法实例化没找到模型类Common\Model\ResourceTypeModel

[ 2016-05-04T22:53:25+08:00 ] ::1 /onlineen0328/Down/Index/index.html
NOTIC: D方法实例化没找到模型类Common\Model\ResourceModel
NOTIC: D方法实例化没找到模型类Common\Model\ResourceTypeModel

[ 2016-05-04T22:53:25+08:00 ] ::1 /onlineen0328/Down/Index/index.html
NOTIC: D方法实例化没找到模型类Common\Model\ResourceModel
NOTIC: D方法实例化没找到模型类Common\Model\ResourceTypeModel

[ 2016-05-04T22:53:26+08:00 ] ::1 /onlineen0328/Down/Index/index.html
NOTIC: D方法实例化没找到模型类Common\Model\ResourceModel
NOTIC: D方法实例化没找到模型类Common\Model\ResourceTypeModel

[ 2016-05-04T22:57:17+08:00 ] ::1 /onlineen0328/Down/Index/index.html
NOTIC: D方法实例化没找到模型类Common\Model\ResourceModel
NOTIC: D方法实例化没找到模型类Common\Model\ResourceTypeModel

[ 2016-05-04T22:57:18+08:00 ] ::1 /onlineen0328/Down/Index/index.html
NOTIC: D方法实例化没找到模型类Common\Model\ResourceModel
NOTIC: D方法实例化没找到模型类Common\Model\ResourceTypeModel

[ 2016-05-04T22:57:19+08:00 ] ::1 /onlineen0328/Down/Index/index.html
NOTIC: D方法实例化没找到模型类Common\Model\ResourceModel
NOTIC: D方法实例化没找到模型类Common\Model\ResourceTypeModel

[ 2016-05-04T23:04:25+08:00 ] ::1 /onlineen0328/Down/Index/index.html
NOTIC: D方法实例化没找到模型类Common\Model\ResourceModel
NOTIC: D方法实例化没找到模型类Common\Model\ResourceTypeModel

[ 2016-05-04T23:43:42+08:00 ] ::1 /onlineen0328/Down/Index/index.html
NOTIC: D方法实例化没找到模型类Common\Model\ResourceModel
NOTIC: D方法实例化没找到模型类Common\Model\ResourceTypeModel

[ 2016-05-04T23:46:39+08:00 ] ::1 /onlineen0328/Down/Index/index.html
NOTIC: D方法实例化没找到模型类Common\Model\ResourceModel
NOTIC: D方法实例化没找到模型类Common\Model\ResourceTypeModel

[ 2016-05-04T23:46:40+08:00 ] ::1 /onlineen0328/Down/Index/index.html
NOTIC: D方法实例化没找到模型类Common\Model\ResourceModel
NOTIC: D方法实例化没找到模型类Common\Model\ResourceTypeModel

[ 2016-05-04T23:47:22+08:00 ] ::1 /onlineen0328/Down/Index/index.html
NOTIC: D方法实例化没找到模型类Common\Model\ResourceModel
NOTIC: D方法实例化没找到模型类Common\Model\ResourceTypeModel

[ 2016-05-04T23:47:23+08:00 ] ::1 /onlineen0328/Down/Index/index.html
NOTIC: D方法实例化没找到模型类Common\Model\ResourceModel
NOTIC: D方法实例化没找到模型类Common\Model\ResourceTypeModel

[ 2016-05-04T23:49:03+08:00 ] ::1 /onlineen0328/Down/Index/resourcedetail/id/21.html
NOTIC: D方法实例化没找到模型类Common\Model\ResourceModel
NOTIC: D方法实例化没找到模型类Common\Model\ResourceTypeModel

[ 2016-05-04T23:49:07+08:00 ] ::1 /onlineen0328/Down/Index/typelist/id/2.html
NOTIC: D方法实例化没找到模型类Common\Model\ResourceModel
NOTIC: D方法实例化没找到模型类Common\Model\ResourceTypeModel

[ 2016-05-04T23:49:09+08:00 ] ::1 /onlineen0328/Down/Index/typelist/id/2/p/2.html
NOTIC: D方法实例化没找到模型类Common\Model\ResourceModel
NOTIC: D方法实例化没找到模型类Common\Model\ResourceTypeModel

[ 2016-05-04T23:49:21+08:00 ] ::1 /onlineen0328/Down/Index/typelist/id/2.html
NOTIC: D方法实例化没找到模型类Common\Model\ResourceModel
NOTIC: D方法实例化没找到模型类Common\Model\ResourceTypeModel

[ 2016-05-04T23:49:25+08:00 ] ::1 /onlineen0328/Down/Index/index.html
NOTIC: D方法实例化没找到模型类Common\Model\ResourceModel
NOTIC: D方法实例化没找到模型类Common\Model\ResourceTypeModel

