[ 2016-04-14T19:57:28+08:00 ] ::1 /onlineen0328/index.php?g=Down&m=Index&a=index
NOTIC: D方法实例化没找到模型类Common\Model\ResourceModel
NOTIC: D方法实例化没找到模型类Common\Model\ResourceTypeModel

[ 2016-04-14T19:58:21+08:00 ] ::1 /onlineen0328/index.php?g=Down&m=Index&a=resourcedetail&id=18
NOTIC: D方法实例化没找到模型类Common\Model\ResourceModel
NOTIC: D方法实例化没找到模型类Common\Model\ResourceTypeModel

[ 2016-04-14T19:58:27+08:00 ] ::1 /onlineen0328/index.php?g=Down&m=Index&a=downdetail&id=18
NOTIC: D方法实例化没找到模型类Common\Model\ResourceModel
NOTIC: D方法实例化没找到模型类Common\Model\ResourceTypeModel

[ 2016-04-14T19:58:50+08:00 ] ::1 /onlineen0328/index.php?g=Down&m=Index&a=typelist&id=3
NOTIC: D方法实例化没找到模型类Common\Model\ResourceModel
NOTIC: D方法实例化没找到模型类Common\Model\ResourceTypeModel

[ 2016-04-14T19:58:51+08:00 ] ::1 /onlineen0328/index.php?g=Down&m=Index&a=typelist&id=4
NOTIC: D方法实例化没找到模型类Common\Model\ResourceModel
NOTIC: D方法实例化没找到模型类Common\Model\ResourceTypeModel

[ 2016-04-14T19:58:52+08:00 ] ::1 /onlineen0328/index.php?g=Down&m=Index&a=typelist&id=5
NOTIC: D方法实例化没找到模型类Common\Model\ResourceModel
NOTIC: D方法实例化没找到模型类Common\Model\ResourceTypeModel

[ 2016-04-14T19:58:52+08:00 ] ::1 /onlineen0328/index.php?g=Down&m=Index&a=typelist&id=6
NOTIC: D方法实例化没找到模型类Common\Model\ResourceModel
NOTIC: D方法实例化没找到模型类Common\Model\ResourceTypeModel

[ 2016-04-14T19:58:53+08:00 ] ::1 /onlineen0328/index.php?g=Down&m=Index&a=typelist&id=7
NOTIC: D方法实例化没找到模型类Common\Model\ResourceModel
NOTIC: D方法实例化没找到模型类Common\Model\ResourceTypeModel

[ 2016-04-14T19:58:53+08:00 ] ::1 /onlineen0328/index.php?g=Down&m=Index&a=typelist&id=8
NOTIC: D方法实例化没找到模型类Common\Model\ResourceModel
NOTIC: D方法实例化没找到模型类Common\Model\ResourceTypeModel

[ 2016-04-14T19:58:54+08:00 ] ::1 /onlineen0328/index.php?g=Down&m=Index&a=typelist&id=9
NOTIC: D方法实例化没找到模型类Common\Model\ResourceModel
NOTIC: D方法实例化没找到模型类Common\Model\ResourceTypeModel

[ 2016-04-14T19:58:54+08:00 ] ::1 /onlineen0328/index.php?g=Down&m=Index&a=typelist&id=10
NOTIC: D方法实例化没找到模型类Common\Model\ResourceModel
NOTIC: D方法实例化没找到模型类Common\Model\ResourceTypeModel

[ 2016-04-14T19:59:24+08:00 ] ::1 /onlineen0328/index.php?g=Down&m=Index&a=index
NOTIC: D方法实例化没找到模型类Common\Model\ResourceModel
NOTIC: D方法实例化没找到模型类Common\Model\ResourceTypeModel

