[ 2016-05-03T10:20:44+08:00 ] ::1 /onlineen0328/Down/Index/index.html
NOTIC: D方法实例化没找到模型类Common\Model\ResourceModel
NOTIC: D方法实例化没找到模型类Common\Model\ResourceTypeModel

[ 2016-05-03T10:24:07+08:00 ] ::1 /onlineen0328/Down/Index/resourcedetail/id/18.html
NOTIC: D方法实例化没找到模型类Common\Model\ResourceModel
NOTIC: D方法实例化没找到模型类Common\Model\ResourceTypeModel

[ 2016-05-03T10:24:10+08:00 ] ::1 /onlineen0328/Down/Index/typelist/id/2.html
NOTIC: D方法实例化没找到模型类Common\Model\ResourceModel
NOTIC: D方法实例化没找到模型类Common\Model\ResourceTypeModel

[ 2016-05-03T10:24:13+08:00 ] ::1 /onlineen0328/Down/Index/typelist/id/2/p/2.html
NOTIC: D方法实例化没找到模型类Common\Model\ResourceModel
NOTIC: D方法实例化没找到模型类Common\Model\ResourceTypeModel

[ 2016-05-03T10:24:13+08:00 ] ::1 /onlineen0328/Down/Index/index.html
NOTIC: D方法实例化没找到模型类Common\Model\ResourceModel
NOTIC: D方法实例化没找到模型类Common\Model\ResourceTypeModel

[ 2016-05-03T10:24:17+08:00 ] ::1 /onlineen0328/Down/Index/typelist/id/2.html
NOTIC: D方法实例化没找到模型类Common\Model\ResourceModel
NOTIC: D方法实例化没找到模型类Common\Model\ResourceTypeModel

[ 2016-05-03T10:24:20+08:00 ] ::1 /onlineen0328/Down/Index/typelist/id/2/p/2.html
NOTIC: D方法实例化没找到模型类Common\Model\ResourceModel
NOTIC: D方法实例化没找到模型类Common\Model\ResourceTypeModel

[ 2016-05-03T10:24:38+08:00 ] ::1 /onlineen0328/Down/Index/typelist/id/3.html
NOTIC: D方法实例化没找到模型类Common\Model\ResourceModel
NOTIC: D方法实例化没找到模型类Common\Model\ResourceTypeModel

[ 2016-05-03T10:24:39+08:00 ] ::1 /onlineen0328/Down/Index/typelist/id/4.html
NOTIC: D方法实例化没找到模型类Common\Model\ResourceModel
NOTIC: D方法实例化没找到模型类Common\Model\ResourceTypeModel

[ 2016-05-03T10:24:40+08:00 ] ::1 /onlineen0328/Down/Index/typelist/id/5.html
NOTIC: D方法实例化没找到模型类Common\Model\ResourceModel
NOTIC: D方法实例化没找到模型类Common\Model\ResourceTypeModel

[ 2016-05-03T10:24:42+08:00 ] ::1 /onlineen0328/Down/Index/typelist/id/2.html
NOTIC: D方法实例化没找到模型类Common\Model\ResourceModel
NOTIC: D方法实例化没找到模型类Common\Model\ResourceTypeModel

[ 2016-05-03T10:24:45+08:00 ] ::1 /onlineen0328/Down/Index/typelist/id/2/p/2.html
NOTIC: D方法实例化没找到模型类Common\Model\ResourceModel
NOTIC: D方法实例化没找到模型类Common\Model\ResourceTypeModel

[ 2016-05-03T10:24:48+08:00 ] ::1 /onlineen0328/Down/Index/typelist/id/2/p/3.html
NOTIC: D方法实例化没找到模型类Common\Model\ResourceModel
NOTIC: D方法实例化没找到模型类Common\Model\ResourceTypeModel

[ 2016-05-03T10:24:51+08:00 ] ::1 /onlineen0328/Down/Index/typelist/id/2/p/1.html
NOTIC: D方法实例化没找到模型类Common\Model\ResourceModel
NOTIC: D方法实例化没找到模型类Common\Model\ResourceTypeModel

[ 2016-05-03T10:24:54+08:00 ] ::1 /onlineen0328/Down/Index/typelist/id/2/p/2.html
NOTIC: D方法实例化没找到模型类Common\Model\ResourceModel
NOTIC: D方法实例化没找到模型类Common\Model\ResourceTypeModel

[ 2016-05-03T10:25:03+08:00 ] ::1 /onlineen0328/Down/Index/index.html
NOTIC: D方法实例化没找到模型类Common\Model\ResourceModel
NOTIC: D方法实例化没找到模型类Common\Model\ResourceTypeModel

[ 2016-05-03T10:26:53+08:00 ] ::1 /onlineen0328/Down/Index/resourcedetail/id/18.html
NOTIC: D方法实例化没找到模型类Common\Model\ResourceModel
NOTIC: D方法实例化没找到模型类Common\Model\ResourceTypeModel

[ 2016-05-03T10:29:54+08:00 ] ::1 /onlineen0328/Down/Index/downdetail/id/18.html
NOTIC: D方法实例化没找到模型类Common\Model\ResourceModel
NOTIC: D方法实例化没找到模型类Common\Model\ResourceTypeModel

[ 2016-05-03T10:30:13+08:00 ] ::1 /onlineen0328/Down/Index/index.html
NOTIC: D方法实例化没找到模型类Common\Model\ResourceModel
NOTIC: D方法实例化没找到模型类Common\Model\ResourceTypeModel

[ 2016-05-03T10:30:18+08:00 ] ::1 /onlineen0328/Down/Index/resourcedetail/id/18.html
NOTIC: D方法实例化没找到模型类Common\Model\ResourceModel
NOTIC: D方法实例化没找到模型类Common\Model\ResourceTypeModel

[ 2016-05-03T10:30:23+08:00 ] ::1 /onlineen0328/Down/Index/downdetail/id/18.html
NOTIC: D方法实例化没找到模型类Common\Model\ResourceModel
NOTIC: D方法实例化没找到模型类Common\Model\ResourceTypeModel

[ 2016-05-03T10:31:04+08:00 ] ::1 /onlineen0328/Down/Index/index.html
NOTIC: D方法实例化没找到模型类Common\Model\ResourceModel
NOTIC: D方法实例化没找到模型类Common\Model\ResourceTypeModel

[ 2016-05-03T10:31:08+08:00 ] ::1 /onlineen0328/Down/Index/index.html
NOTIC: D方法实例化没找到模型类Common\Model\ResourceModel
NOTIC: D方法实例化没找到模型类Common\Model\ResourceTypeModel

[ 2016-05-03T10:31:11+08:00 ] ::1 /onlineen0328/Down/Index/resourcedetail/id/18.html
NOTIC: D方法实例化没找到模型类Common\Model\ResourceModel
NOTIC: D方法实例化没找到模型类Common\Model\ResourceTypeModel

[ 2016-05-03T17:00:29+08:00 ] ::1 /onlineen0328/Down/Index/index.html
NOTIC: D方法实例化没找到模型类Common\Model\ResourceModel
NOTIC: D方法实例化没找到模型类Common\Model\ResourceTypeModel

[ 2016-05-03T17:00:34+08:00 ] ::1 /onlineen0328/Down/Index/index.html
NOTIC: D方法实例化没找到模型类Common\Model\ResourceModel
NOTIC: D方法实例化没找到模型类Common\Model\ResourceTypeModel

[ 2016-05-03T23:14:23+08:00 ] ::1 /onlineen0328/Down/Index/index.html
NOTIC: D方法实例化没找到模型类Common\Model\ResourceModel
NOTIC: D方法实例化没找到模型类Common\Model\ResourceTypeModel

[ 2016-05-03T23:14:24+08:00 ] ::1 /onlineen0328/Down/Index/resourcedetail/id/21.html
NOTIC: D方法实例化没找到模型类Common\Model\ResourceModel
NOTIC: D方法实例化没找到模型类Common\Model\ResourceTypeModel

[ 2016-05-03T23:17:03+08:00 ] ::1 /onlineen0328/Down/Index/resourcedetail/id/ArrayArray.html
NOTIC: D方法实例化没找到模型类Common\Model\ResourceModel
NOTIC: D方法实例化没找到模型类Common\Model\ResourceTypeModel
ERR: SQLSTATE[42S22]: Column not found: 1054 Unknown column 'ArrayArray' in 'where clause'

[ 2016-05-03T23:17:13+08:00 ] ::1 /onlineen0328/Down/Index/resourcedetail/id/4.html
NOTIC: D方法实例化没找到模型类Common\Model\ResourceModel
NOTIC: D方法实例化没找到模型类Common\Model\ResourceTypeModel

