[ 2016-04-13T18:20:06+08:00 ] ::1 /onlineen0328/index.php?g=Down&m=Index&a=index
NOTIC: D方法实例化没找到模型类Common\Model\ResourceModel
NOTIC: D方法实例化没找到模型类Common\Model\ResourceTypeModel

[ 2016-04-13T18:20:09+08:00 ] ::1 /onlineen0328/index.php?g=Down&m=Index&a=resourcedetail&id=18
NOTIC: D方法实例化没找到模型类Common\Model\ResourceModel
NOTIC: D方法实例化没找到模型类Common\Model\ResourceTypeModel

[ 2016-04-13T18:20:15+08:00 ] ::1 /onlineen0328/index.php?g=Down&m=Index&a=resourcedetail&id=21
NOTIC: D方法实例化没找到模型类Common\Model\ResourceModel
NOTIC: D方法实例化没找到模型类Common\Model\ResourceTypeModel

[ 2016-04-13T18:57:41+08:00 ] ::1 /onlineen0328/index.php?g=Down&m=Index&a=resourcedetail&id=21
NOTIC: D方法实例化没找到模型类Common\Model\ResourceModel
NOTIC: D方法实例化没找到模型类Common\Model\ResourceTypeModel

[ 2016-04-13T18:58:43+08:00 ] ::1 /onlineen0328/index.php?g=Down&m=Index&a=index
NOTIC: D方法实例化没找到模型类Common\Model\ResourceModel
NOTIC: D方法实例化没找到模型类Common\Model\ResourceTypeModel

[ 2016-04-13T18:58:46+08:00 ] ::1 /onlineen0328/index.php?g=Down&m=Index&a=resourcedetail&id=17
NOTIC: D方法实例化没找到模型类Common\Model\ResourceModel
NOTIC: D方法实例化没找到模型类Common\Model\ResourceTypeModel

[ 2016-04-13T18:58:51+08:00 ] ::1 /onlineen0328/index.php?g=Down&m=Index&a=index
NOTIC: D方法实例化没找到模型类Common\Model\ResourceModel
NOTIC: D方法实例化没找到模型类Common\Model\ResourceTypeModel

[ 2016-04-13T18:58:52+08:00 ] ::1 /onlineen0328/index.php?g=Down&m=Index&a=typelist&id=1
NOTIC: D方法实例化没找到模型类Common\Model\ResourceModel
NOTIC: D方法实例化没找到模型类Common\Model\ResourceTypeModel

[ 2016-04-13T20:28:43+08:00 ] ::1 /onlineen0328/index.php?g=Down&m=Index&a=index
NOTIC: D方法实例化没找到模型类Common\Model\ResourceModel
NOTIC: D方法实例化没找到模型类Common\Model\ResourceTypeModel

[ 2016-04-13T20:32:03+08:00 ] ::1 /onlineen0328/index.php?g=Down&m=Index&a=index
NOTIC: D方法实例化没找到模型类Common\Model\ResourceModel
NOTIC: D方法实例化没找到模型类Common\Model\ResourceTypeModel

[ 2016-04-13T20:32:52+08:00 ] ::1 /onlineen0328/index.php?g=Down&m=Index&a=index
NOTIC: D方法实例化没找到模型类Common\Model\ResourceModel
NOTIC: D方法实例化没找到模型类Common\Model\ResourceTypeModel

[ 2016-04-13T20:37:19+08:00 ] ::1 /onlineen0328/index.php?g=Down&m=Index&a=typelist&id=1
NOTIC: D方法实例化没找到模型类Common\Model\ResourceModel
NOTIC: D方法实例化没找到模型类Common\Model\ResourceTypeModel

[ 2016-04-13T20:37:22+08:00 ] ::1 /onlineen0328/index.php?g=Down&m=Index&a=typelist&id=2
NOTIC: D方法实例化没找到模型类Common\Model\ResourceModel
NOTIC: D方法实例化没找到模型类Common\Model\ResourceTypeModel

[ 2016-04-13T20:37:29+08:00 ] ::1 /onlineen0328/index.php?g=Down&m=Index&a=typelist&id=2
NOTIC: D方法实例化没找到模型类Common\Model\ResourceModel
NOTIC: D方法实例化没找到模型类Common\Model\ResourceTypeModel

[ 2016-04-13T20:38:48+08:00 ] ::1 /onlineen0328/index.php?g=Down&m=Index&a=index
NOTIC: D方法实例化没找到模型类Common\Model\ResourceModel
NOTIC: D方法实例化没找到模型类Common\Model\ResourceTypeModel

[ 2016-04-13T20:39:23+08:00 ] ::1 /onlineen0328/index.php?g=Down&m=Index&a=index
NOTIC: D方法实例化没找到模型类Common\Model\ResourceModel
NOTIC: D方法实例化没找到模型类Common\Model\ResourceTypeModel

[ 2016-04-13T20:39:51+08:00 ] ::1 /onlineen0328/index.php?g=Down&m=Index&a=index
NOTIC: D方法实例化没找到模型类Common\Model\ResourceModel
NOTIC: D方法实例化没找到模型类Common\Model\ResourceTypeModel

[ 2016-04-13T20:42:49+08:00 ] ::1 /onlineen0328/index.php?g=Down&m=Index&a=index
NOTIC: D方法实例化没找到模型类Common\Model\ResourceModel
NOTIC: D方法实例化没找到模型类Common\Model\ResourceTypeModel

[ 2016-04-13T20:43:29+08:00 ] ::1 /onlineen0328/index.php?g=Down&m=Index&a=index
NOTIC: D方法实例化没找到模型类Common\Model\ResourceModel
NOTIC: D方法实例化没找到模型类Common\Model\ResourceTypeModel

[ 2016-04-13T20:43:54+08:00 ] ::1 /onlineen0328/index.php?g=Down&m=Index&a=index
NOTIC: D方法实例化没找到模型类Common\Model\ResourceModel
NOTIC: D方法实例化没找到模型类Common\Model\ResourceTypeModel

[ 2016-04-13T20:45:41+08:00 ] ::1 /onlineen0328/index.php?g=Down&m=Index&a=index
NOTIC: D方法实例化没找到模型类Common\Model\ResourceModel
NOTIC: D方法实例化没找到模型类Common\Model\ResourceTypeModel

[ 2016-04-13T20:45:59+08:00 ] ::1 /onlineen0328/index.php?g=Down&m=Index&a=index
NOTIC: D方法实例化没找到模型类Common\Model\ResourceModel
NOTIC: D方法实例化没找到模型类Common\Model\ResourceTypeModel

[ 2016-04-13T20:46:41+08:00 ] ::1 /onlineen0328/index.php?g=Down&m=Index&a=index
NOTIC: D方法实例化没找到模型类Common\Model\ResourceModel
NOTIC: D方法实例化没找到模型类Common\Model\ResourceTypeModel

[ 2016-04-13T20:47:02+08:00 ] ::1 /onlineen0328/index.php?g=Down&m=Index&a=index
NOTIC: D方法实例化没找到模型类Common\Model\ResourceModel
NOTIC: D方法实例化没找到模型类Common\Model\ResourceTypeModel

[ 2016-04-13T20:59:58+08:00 ] ::1 /onlineen0328/index.php?g=Down&m=Index&a=index
NOTIC: D方法实例化没找到模型类Common\Model\ResourceModel
NOTIC: D方法实例化没找到模型类Common\Model\ResourceTypeModel

[ 2016-04-13T21:00:04+08:00 ] ::1 /onlineen0328/index.php?g=Down&m=Index&a=typelist&id=4
NOTIC: D方法实例化没找到模型类Common\Model\ResourceModel
NOTIC: D方法实例化没找到模型类Common\Model\ResourceTypeModel

[ 2016-04-13T21:02:40+08:00 ] ::1 /onlineen0328/index.php?g=Down&m=Index&a=typelist&id=4
NOTIC: D方法实例化没找到模型类Common\Model\ResourceModel
NOTIC: D方法实例化没找到模型类Common\Model\ResourceTypeModel

[ 2016-04-13T21:02:57+08:00 ] ::1 /onlineen0328/index.php?g=Down&m=Index&a=typelist&id=4
NOTIC: D方法实例化没找到模型类Common\Model\ResourceModel
NOTIC: D方法实例化没找到模型类Common\Model\ResourceTypeModel

[ 2016-04-13T21:03:08+08:00 ] ::1 /onlineen0328/index.php?g=Down&m=Index&a=typelist&id=4
NOTIC: D方法实例化没找到模型类Common\Model\ResourceModel
NOTIC: D方法实例化没找到模型类Common\Model\ResourceTypeModel

[ 2016-04-13T21:03:13+08:00 ] ::1 /onlineen0328/index.php?g=Down&m=Index&a=index
NOTIC: D方法实例化没找到模型类Common\Model\ResourceModel
NOTIC: D方法实例化没找到模型类Common\Model\ResourceTypeModel

[ 2016-04-13T21:03:14+08:00 ] ::1 /onlineen0328/index.php?g=Down&m=Index&a=typelist&id=4
NOTIC: D方法实例化没找到模型类Common\Model\ResourceModel
NOTIC: D方法实例化没找到模型类Common\Model\ResourceTypeModel

[ 2016-04-13T21:03:15+08:00 ] ::1 /onlineen0328/index.php?g=Down&m=Index&a=typelist&id=5
NOTIC: D方法实例化没找到模型类Common\Model\ResourceModel
NOTIC: D方法实例化没找到模型类Common\Model\ResourceTypeModel

[ 2016-04-13T21:03:16+08:00 ] ::1 /onlineen0328/index.php?g=Down&m=Index&a=typelist&id=6
NOTIC: D方法实例化没找到模型类Common\Model\ResourceModel
NOTIC: D方法实例化没找到模型类Common\Model\ResourceTypeModel

[ 2016-04-13T21:03:17+08:00 ] ::1 /onlineen0328/index.php?g=Down&m=Index&a=typelist&id=7
NOTIC: D方法实例化没找到模型类Common\Model\ResourceModel
NOTIC: D方法实例化没找到模型类Common\Model\ResourceTypeModel

[ 2016-04-13T21:03:18+08:00 ] ::1 /onlineen0328/index.php?g=Down&m=Index&a=typelist&id=8
NOTIC: D方法实例化没找到模型类Common\Model\ResourceModel
NOTIC: D方法实例化没找到模型类Common\Model\ResourceTypeModel

[ 2016-04-13T21:03:18+08:00 ] ::1 /onlineen0328/index.php?g=Down&m=Index&a=typelist&id=9
NOTIC: D方法实例化没找到模型类Common\Model\ResourceModel
NOTIC: D方法实例化没找到模型类Common\Model\ResourceTypeModel

[ 2016-04-13T21:03:19+08:00 ] ::1 /onlineen0328/index.php?g=Down&m=Index&a=typelist&id=10
NOTIC: D方法实例化没找到模型类Common\Model\ResourceModel
NOTIC: D方法实例化没找到模型类Common\Model\ResourceTypeModel

[ 2016-04-13T21:03:20+08:00 ] ::1 /onlineen0328/index.php?g=Down&m=Index&a=typelist&id=2
NOTIC: D方法实例化没找到模型类Common\Model\ResourceModel
NOTIC: D方法实例化没找到模型类Common\Model\ResourceTypeModel

[ 2016-04-13T21:03:22+08:00 ] ::1 /onlineen0328/index.php?g=Down&m=Index&a=typelist&id=3
NOTIC: D方法实例化没找到模型类Common\Model\ResourceModel
NOTIC: D方法实例化没找到模型类Common\Model\ResourceTypeModel

[ 2016-04-13T21:03:23+08:00 ] ::1 /onlineen0328/index.php?g=Down&m=Index&a=index
NOTIC: D方法实例化没找到模型类Common\Model\ResourceModel
NOTIC: D方法实例化没找到模型类Common\Model\ResourceTypeModel

