[ 2016-04-28T08:43:15+08:00 ] ::1 /onlineen0328/index.php?g=Down&m=Index&a=index
NOTIC: D方法实例化没找到模型类Common\Model\ResourceModel
NOTIC: D方法实例化没找到模型类Common\Model\ResourceTypeModel

[ 2016-04-28T08:44:17+08:00 ] ::1 /onlineen0328/index.php?g=Down&m=Index&a=resourcedetail&id=18
NOTIC: D方法实例化没找到模型类Common\Model\ResourceModel
NOTIC: D方法实例化没找到模型类Common\Model\ResourceTypeModel

[ 2016-04-28T08:46:10+08:00 ] ::1 /onlineen0328/index.php?g=Down&m=Index&a=resourcedetail&id=18
NOTIC: D方法实例化没找到模型类Common\Model\ResourceModel
NOTIC: D方法实例化没找到模型类Common\Model\ResourceTypeModel

[ 2016-04-28T08:46:11+08:00 ] ::1 /onlineen0328/index.php?g=Down&m=Index&a=resourcedetail&id=18
NOTIC: D方法实例化没找到模型类Common\Model\ResourceModel
NOTIC: D方法实例化没找到模型类Common\Model\ResourceTypeModel

[ 2016-04-28T08:47:03+08:00 ] ::1 /onlineen0328/index.php?g=Down&m=Index&a=downdetail&id=18
NOTIC: D方法实例化没找到模型类Common\Model\ResourceModel
NOTIC: D方法实例化没找到模型类Common\Model\ResourceTypeModel

[ 2016-04-28T08:47:13+08:00 ] ::1 /onlineen0328/index.php?g=Down&m=Index&a=index
NOTIC: D方法实例化没找到模型类Common\Model\ResourceModel
NOTIC: D方法实例化没找到模型类Common\Model\ResourceTypeModel

[ 2016-04-28T08:49:34+08:00 ] ::1 /onlineen0328/index.php?g=Down&m=Index&a=index
NOTIC: D方法实例化没找到模型类Common\Model\ResourceModel
NOTIC: D方法实例化没找到模型类Common\Model\ResourceTypeModel

[ 2016-04-28T08:49:47+08:00 ] ::1 /onlineen0328/index.php?g=Down&m=Index&a=index
NOTIC: D方法实例化没找到模型类Common\Model\ResourceModel
NOTIC: D方法实例化没找到模型类Common\Model\ResourceTypeModel

[ 2016-04-28T08:49:49+08:00 ] ::1 /onlineen0328/index.php?g=Down&m=Index&a=resourcedetail&id=18
NOTIC: D方法实例化没找到模型类Common\Model\ResourceModel
NOTIC: D方法实例化没找到模型类Common\Model\ResourceTypeModel

[ 2016-04-28T08:49:51+08:00 ] ::1 /onlineen0328/index.php?g=Down&m=Index&a=downdetail&id=18
NOTIC: D方法实例化没找到模型类Common\Model\ResourceModel
NOTIC: D方法实例化没找到模型类Common\Model\ResourceTypeModel

[ 2016-04-28T08:50:02+08:00 ] ::1 /onlineen0328/index.php?g=Down&m=index&a=videodown&id=2
NOTIC: D方法实例化没找到模型类Common\Model\ResourceModel
NOTIC: D方法实例化没找到模型类Common\Model\ResourceTypeModel

[ 2016-04-28T08:50:06+08:00 ] ::1 /onlineen0328/index.php?g=Down&m=index&a=videodown&id=2
NOTIC: D方法实例化没找到模型类Common\Model\ResourceModel
NOTIC: D方法实例化没找到模型类Common\Model\ResourceTypeModel

[ 2016-04-28T08:50:16+08:00 ] ::1 /onlineen0328/index.php?g=Down&m=Index&a=index
NOTIC: D方法实例化没找到模型类Common\Model\ResourceModel
NOTIC: D方法实例化没找到模型类Common\Model\ResourceTypeModel

[ 2016-04-28T09:28:23+08:00 ] ::1 /onlineen0328/index.php?g=Down&m=Index&a=index
NOTIC: D方法实例化没找到模型类Common\Model\ResourceModel
NOTIC: D方法实例化没找到模型类Common\Model\ResourceTypeModel

[ 2016-04-28T09:28:25+08:00 ] ::1 /onlineen0328/index.php?g=Down&m=Index&a=index
NOTIC: D方法实例化没找到模型类Common\Model\ResourceModel
NOTIC: D方法实例化没找到模型类Common\Model\ResourceTypeModel

[ 2016-04-28T09:28:26+08:00 ] ::1 /onlineen0328/index.php?g=Down&m=Index&a=index
NOTIC: D方法实例化没找到模型类Common\Model\ResourceModel
NOTIC: D方法实例化没找到模型类Common\Model\ResourceTypeModel

[ 2016-04-28T09:29:38+08:00 ] ::1 /onlineen0328/index.php?g=Down&m=Index&a=index
NOTIC: D方法实例化没找到模型类Common\Model\ResourceModel
NOTIC: D方法实例化没找到模型类Common\Model\ResourceTypeModel

[ 2016-04-28T09:29:42+08:00 ] ::1 /onlineen0328/index.php?g=Down&m=Index&a=index
NOTIC: D方法实例化没找到模型类Common\Model\ResourceModel
NOTIC: D方法实例化没找到模型类Common\Model\ResourceTypeModel

[ 2016-04-28T09:29:51+08:00 ] ::1 /onlineen0328/index.php?g=Down&m=Index&a=index
NOTIC: D方法实例化没找到模型类Common\Model\ResourceModel
NOTIC: D方法实例化没找到模型类Common\Model\ResourceTypeModel

[ 2016-04-28T09:29:53+08:00 ] ::1 /onlineen0328/index.php?g=Down&m=Index&a=resourcedetail&id=21
NOTIC: D方法实例化没找到模型类Common\Model\ResourceModel
NOTIC: D方法实例化没找到模型类Common\Model\ResourceTypeModel

[ 2016-04-28T09:29:54+08:00 ] ::1 /onlineen0328/index.php?g=Down&m=Index&a=downdetail&id=21
NOTIC: D方法实例化没找到模型类Common\Model\ResourceModel
NOTIC: D方法实例化没找到模型类Common\Model\ResourceTypeModel

[ 2016-04-28T09:41:58+08:00 ] ::1 /onlineen0328/index.php?g=Down&m=Index&a=downdetail&id=21
NOTIC: D方法实例化没找到模型类Common\Model\ResourceModel
NOTIC: D方法实例化没找到模型类Common\Model\ResourceTypeModel

[ 2016-04-28T09:42:01+08:00 ] ::1 /onlineen0328/index.php?g=Down&m=Index&a=downdetail&id=21
NOTIC: D方法实例化没找到模型类Common\Model\ResourceModel
NOTIC: D方法实例化没找到模型类Common\Model\ResourceTypeModel

[ 2016-04-28T09:42:01+08:00 ] ::1 /onlineen0328/index.php?g=Down&m=Index&a=downdetail&id=21
NOTIC: D方法实例化没找到模型类Common\Model\ResourceModel
NOTIC: D方法实例化没找到模型类Common\Model\ResourceTypeModel

[ 2016-04-28T09:42:25+08:00 ] ::1 /onlineen0328/index.php?g=Down&m=Index&a=downdetail&id=21
NOTIC: D方法实例化没找到模型类Common\Model\ResourceModel
NOTIC: D方法实例化没找到模型类Common\Model\ResourceTypeModel

[ 2016-04-28T09:42:32+08:00 ] ::1 /onlineen0328/index.php?g=Down&m=Index&a=downdetail&id=21
NOTIC: D方法实例化没找到模型类Common\Model\ResourceModel
NOTIC: D方法实例化没找到模型类Common\Model\ResourceTypeModel

[ 2016-04-28T09:42:33+08:00 ] ::1 /onlineen0328/index.php?g=Down&m=Index&a=downdetail&id=21
NOTIC: D方法实例化没找到模型类Common\Model\ResourceModel
NOTIC: D方法实例化没找到模型类Common\Model\ResourceTypeModel

[ 2016-04-28T09:42:34+08:00 ] ::1 /onlineen0328/index.php?g=Down&m=Index&a=downdetail&id=21
NOTIC: D方法实例化没找到模型类Common\Model\ResourceModel
NOTIC: D方法实例化没找到模型类Common\Model\ResourceTypeModel

[ 2016-04-28T09:42:35+08:00 ] ::1 /onlineen0328/index.php?g=Down&m=Index&a=downdetail&id=21
NOTIC: D方法实例化没找到模型类Common\Model\ResourceModel
NOTIC: D方法实例化没找到模型类Common\Model\ResourceTypeModel

[ 2016-04-28T09:43:31+08:00 ] ::1 /onlineen0328/index.php?g=Down&m=Index&a=downdetail&id=21
NOTIC: D方法实例化没找到模型类Common\Model\ResourceModel
NOTIC: D方法实例化没找到模型类Common\Model\ResourceTypeModel

[ 2016-04-28T23:02:04+08:00 ] ::1 /onlineen0328/index.php?g=Down&m=Index&a=index
NOTIC: D方法实例化没找到模型类Common\Model\ResourceModel
NOTIC: D方法实例化没找到模型类Common\Model\ResourceTypeModel

