[ 2016-04-26T21:54:55+08:00 ] ::1 /onlineen0328/index.php?g=Down&m=Index&a=index
NOTIC: D方法实例化没找到模型类Common\Model\ResourceModel
NOTIC: D方法实例化没找到模型类Common\Model\ResourceTypeModel

[ 2016-04-26T21:54:57+08:00 ] ::1 /onlineen0328/index.php?g=Down&m=Index&a=resourcedetail&id=18
NOTIC: D方法实例化没找到模型类Common\Model\ResourceModel
NOTIC: D方法实例化没找到模型类Common\Model\ResourceTypeModel

[ 2016-04-26T21:55:00+08:00 ] ::1 /onlineen0328/index.php?g=Down&m=Index&a=typelist&id=3
NOTIC: D方法实例化没找到模型类Common\Model\ResourceModel
NOTIC: D方法实例化没找到模型类Common\Model\ResourceTypeModel

[ 2016-04-26T21:56:22+08:00 ] ::1 /onlineen0328/index.php?g=Down&m=Index&a=typelist&id=3
NOTIC: D方法实例化没找到模型类Common\Model\ResourceModel
NOTIC: D方法实例化没找到模型类Common\Model\ResourceTypeModel

[ 2016-04-26T21:56:25+08:00 ] ::1 /onlineen0328/index.php?g=Down&m=Index&a=typelist&id=4
NOTIC: D方法实例化没找到模型类Common\Model\ResourceModel
NOTIC: D方法实例化没找到模型类Common\Model\ResourceTypeModel

[ 2016-04-26T21:56:26+08:00 ] ::1 /onlineen0328/index.php?g=Down&m=Index&a=typelist&id=5
NOTIC: D方法实例化没找到模型类Common\Model\ResourceModel
NOTIC: D方法实例化没找到模型类Common\Model\ResourceTypeModel

[ 2016-04-26T21:56:29+08:00 ] ::1 /onlineen0328/index.php?g=Down&m=Index&a=typelist&id=6
NOTIC: D方法实例化没找到模型类Common\Model\ResourceModel
NOTIC: D方法实例化没找到模型类Common\Model\ResourceTypeModel

[ 2016-04-26T21:56:31+08:00 ] ::1 /onlineen0328/index.php?g=Down&m=Index&a=typelist&id=2
NOTIC: D方法实例化没找到模型类Common\Model\ResourceModel
NOTIC: D方法实例化没找到模型类Common\Model\ResourceTypeModel

[ 2016-04-26T21:56:44+08:00 ] ::1 /onlineen0328/index.php?g=Down&m=Index&a=typelist&id=2
NOTIC: D方法实例化没找到模型类Common\Model\ResourceModel
NOTIC: D方法实例化没找到模型类Common\Model\ResourceTypeModel

[ 2016-04-26T21:56:55+08:00 ] ::1 /onlineen0328/index.php?g=Down&m=Index&a=typelist&id=2
NOTIC: D方法实例化没找到模型类Common\Model\ResourceModel
NOTIC: D方法实例化没找到模型类Common\Model\ResourceTypeModel

[ 2016-04-26T21:57:00+08:00 ] ::1 /onlineen0328/index.php?g=Down&m=Index&a=typelist&id=2
NOTIC: D方法实例化没找到模型类Common\Model\ResourceModel
NOTIC: D方法实例化没找到模型类Common\Model\ResourceTypeModel

[ 2016-04-26T21:57:15+08:00 ] ::1 /onlineen0328/index.php?g=Down&m=Index&a=typelist&id=2
NOTIC: D方法实例化没找到模型类Common\Model\ResourceModel
NOTIC: D方法实例化没找到模型类Common\Model\ResourceTypeModel

[ 2016-04-26T21:57:27+08:00 ] ::1 /onlineen0328/index.php?g=Down&m=Index&a=typelist&id=2
NOTIC: D方法实例化没找到模型类Common\Model\ResourceModel
NOTIC: D方法实例化没找到模型类Common\Model\ResourceTypeModel

[ 2016-04-26T21:57:28+08:00 ] ::1 /onlineen0328/index.php?g=Down&m=Index&a=typelist&id=2
NOTIC: D方法实例化没找到模型类Common\Model\ResourceModel
NOTIC: D方法实例化没找到模型类Common\Model\ResourceTypeModel

[ 2016-04-26T21:57:32+08:00 ] ::1 /onlineen0328/index.php?g=Down&m=Index&a=typelist&id=3
NOTIC: D方法实例化没找到模型类Common\Model\ResourceModel
NOTIC: D方法实例化没找到模型类Common\Model\ResourceTypeModel

[ 2016-04-26T21:57:34+08:00 ] ::1 /onlineen0328/index.php?g=Down&m=Index&a=typelist&id=2
NOTIC: D方法实例化没找到模型类Common\Model\ResourceModel
NOTIC: D方法实例化没找到模型类Common\Model\ResourceTypeModel

[ 2016-04-26T21:58:03+08:00 ] ::1 /onlineen0328/index.php?g=Down&m=Index&a=typelist&id=2
NOTIC: D方法实例化没找到模型类Common\Model\ResourceModel
NOTIC: D方法实例化没找到模型类Common\Model\ResourceTypeModel

[ 2016-04-26T21:58:43+08:00 ] ::1 /onlineen0328/index.php?g=Down&m=Index&a=typelist&id=2
NOTIC: D方法实例化没找到模型类Common\Model\ResourceModel
NOTIC: D方法实例化没找到模型类Common\Model\ResourceTypeModel

[ 2016-04-26T21:58:59+08:00 ] ::1 /onlineen0328/index.php?g=Down&m=Index&a=typelist&id=2
NOTIC: D方法实例化没找到模型类Common\Model\ResourceModel
NOTIC: D方法实例化没找到模型类Common\Model\ResourceTypeModel

[ 2016-04-26T21:59:11+08:00 ] ::1 /onlineen0328/index.php?g=Down&m=Index&a=typelist&id=2
NOTIC: D方法实例化没找到模型类Common\Model\ResourceModel
NOTIC: D方法实例化没找到模型类Common\Model\ResourceTypeModel

[ 2016-04-26T21:59:14+08:00 ] ::1 /onlineen0328/index.php?g=Down&m=Index&a=typelist&id=2&p=2
NOTIC: D方法实例化没找到模型类Common\Model\ResourceModel
NOTIC: D方法实例化没找到模型类Common\Model\ResourceTypeModel

[ 2016-04-26T21:59:38+08:00 ] ::1 /onlineen0328/index.php?g=Down&m=Index&a=typelist&id=2
NOTIC: D方法实例化没找到模型类Common\Model\ResourceModel
NOTIC: D方法实例化没找到模型类Common\Model\ResourceTypeModel

[ 2016-04-26T21:59:40+08:00 ] ::1 /onlineen0328/index.php?g=Down&m=Index&a=typelist&id=2&p=2
NOTIC: D方法实例化没找到模型类Common\Model\ResourceModel
NOTIC: D方法实例化没找到模型类Common\Model\ResourceTypeModel

[ 2016-04-26T21:59:41+08:00 ] ::1 /onlineen0328/index.php?g=Down&m=Index&a=typelist&id=2&p=2
NOTIC: D方法实例化没找到模型类Common\Model\ResourceModel
NOTIC: D方法实例化没找到模型类Common\Model\ResourceTypeModel

[ 2016-04-26T21:59:42+08:00 ] ::1 /onlineen0328/index.php?g=Down&m=Index&a=typelist&id=2&p=1
NOTIC: D方法实例化没找到模型类Common\Model\ResourceModel
NOTIC: D方法实例化没找到模型类Common\Model\ResourceTypeModel

[ 2016-04-26T21:59:54+08:00 ] ::1 /onlineen0328/index.php?g=Down&m=Index&a=typelist&id=2&p=1
NOTIC: D方法实例化没找到模型类Common\Model\ResourceModel
NOTIC: D方法实例化没找到模型类Common\Model\ResourceTypeModel

[ 2016-04-26T21:59:56+08:00 ] ::1 /onlineen0328/index.php?g=Down&m=Index&a=typelist&id=2&p=1
NOTIC: D方法实例化没找到模型类Common\Model\ResourceModel
NOTIC: D方法实例化没找到模型类Common\Model\ResourceTypeModel

[ 2016-04-26T21:59:57+08:00 ] ::1 /onlineen0328/index.php?g=Down&m=Index&a=typelist&id=2&p=1
NOTIC: D方法实例化没找到模型类Common\Model\ResourceModel
NOTIC: D方法实例化没找到模型类Common\Model\ResourceTypeModel

[ 2016-04-26T21:59:59+08:00 ] ::1 /onlineen0328/index.php?g=Down&m=Index&a=typelist&id=2&p=2
NOTIC: D方法实例化没找到模型类Common\Model\ResourceModel
NOTIC: D方法实例化没找到模型类Common\Model\ResourceTypeModel

[ 2016-04-26T22:00:03+08:00 ] ::1 /onlineen0328/index.php?g=Down&m=Index&a=typelist&id=2&p=1
NOTIC: D方法实例化没找到模型类Common\Model\ResourceModel
NOTIC: D方法实例化没找到模型类Common\Model\ResourceTypeModel

[ 2016-04-26T22:00:04+08:00 ] ::1 /onlineen0328/index.php?g=Down&m=Index&a=typelist&id=2&p=1
NOTIC: D方法实例化没找到模型类Common\Model\ResourceModel
NOTIC: D方法实例化没找到模型类Common\Model\ResourceTypeModel

[ 2016-04-26T22:00:05+08:00 ] ::1 /onlineen0328/index.php?g=Down&m=Index&a=typelist&id=2&p=1
NOTIC: D方法实例化没找到模型类Common\Model\ResourceModel
NOTIC: D方法实例化没找到模型类Common\Model\ResourceTypeModel

[ 2016-04-26T22:00:07+08:00 ] ::1 /onlineen0328/index.php?g=Down&m=Index&a=typelist&id=2&p=2
NOTIC: D方法实例化没找到模型类Common\Model\ResourceModel
NOTIC: D方法实例化没找到模型类Common\Model\ResourceTypeModel

[ 2016-04-26T22:00:21+08:00 ] ::1 /onlineen0328/index.php?g=Down&m=Index&a=typelist&id=2&p=1
NOTIC: D方法实例化没找到模型类Common\Model\ResourceModel
NOTIC: D方法实例化没找到模型类Common\Model\ResourceTypeModel

[ 2016-04-26T22:00:23+08:00 ] ::1 /onlineen0328/index.php?g=Down&m=Index&a=typelist&id=2&p=2
NOTIC: D方法实例化没找到模型类Common\Model\ResourceModel
NOTIC: D方法实例化没找到模型类Common\Model\ResourceTypeModel

[ 2016-04-26T22:00:30+08:00 ] ::1 /onlineen0328/index.php?g=Down&m=Index&a=typelist&id=2&p=1
NOTIC: D方法实例化没找到模型类Common\Model\ResourceModel
NOTIC: D方法实例化没找到模型类Common\Model\ResourceTypeModel

[ 2016-04-26T22:00:31+08:00 ] ::1 /onlineen0328/index.php?g=Down&m=Index&a=typelist&id=2&p=1
NOTIC: D方法实例化没找到模型类Common\Model\ResourceModel
NOTIC: D方法实例化没找到模型类Common\Model\ResourceTypeModel

[ 2016-04-26T22:00:31+08:00 ] ::1 /onlineen0328/index.php?g=Down&m=Index&a=typelist&id=2&p=1
NOTIC: D方法实例化没找到模型类Common\Model\ResourceModel
NOTIC: D方法实例化没找到模型类Common\Model\ResourceTypeModel

[ 2016-04-26T22:00:34+08:00 ] ::1 /onlineen0328/index.php?g=Down&m=Index&a=typelist&id=2&p=2
NOTIC: D方法实例化没找到模型类Common\Model\ResourceModel
NOTIC: D方法实例化没找到模型类Common\Model\ResourceTypeModel

[ 2016-04-26T22:00:37+08:00 ] ::1 /onlineen0328/index.php?g=Down&m=Index&a=typelist&id=2&p=1
NOTIC: D方法实例化没找到模型类Common\Model\ResourceModel
NOTIC: D方法实例化没找到模型类Common\Model\ResourceTypeModel

[ 2016-04-26T22:00:38+08:00 ] ::1 /onlineen0328/index.php?g=Down&m=Index&a=typelist&id=2&p=1
NOTIC: D方法实例化没找到模型类Common\Model\ResourceModel
NOTIC: D方法实例化没找到模型类Common\Model\ResourceTypeModel

[ 2016-04-26T22:00:41+08:00 ] ::1 /onlineen0328/index.php?g=Down&m=Index&a=typelist&id=2&p=2
NOTIC: D方法实例化没找到模型类Common\Model\ResourceModel
NOTIC: D方法实例化没找到模型类Common\Model\ResourceTypeModel

[ 2016-04-26T22:02:23+08:00 ] ::1 /onlineen0328/index.php?g=Down&m=Index&a=typelist&id=2&p=1
NOTIC: D方法实例化没找到模型类Common\Model\ResourceModel
NOTIC: D方法实例化没找到模型类Common\Model\ResourceTypeModel

[ 2016-04-26T22:02:28+08:00 ] ::1 /onlineen0328/index.php?g=Down&m=Index&a=typelist&id=2&p=2
NOTIC: D方法实例化没找到模型类Common\Model\ResourceModel
NOTIC: D方法实例化没找到模型类Common\Model\ResourceTypeModel

[ 2016-04-26T22:05:08+08:00 ] ::1 /onlineen0328/index.php?g=Down&m=Index&a=typelist&id=2&p=1
NOTIC: D方法实例化没找到模型类Common\Model\ResourceModel
NOTIC: D方法实例化没找到模型类Common\Model\ResourceTypeModel

[ 2016-04-26T22:05:09+08:00 ] ::1 /onlineen0328/index.php?g=Down&m=Index&a=typelist&id=2&p=1
NOTIC: D方法实例化没找到模型类Common\Model\ResourceModel
NOTIC: D方法实例化没找到模型类Common\Model\ResourceTypeModel

[ 2016-04-26T22:05:12+08:00 ] ::1 /onlineen0328/index.php?g=Down&m=Index&a=typelist&id=2&p=2
NOTIC: D方法实例化没找到模型类Common\Model\ResourceModel
NOTIC: D方法实例化没找到模型类Common\Model\ResourceTypeModel

[ 2016-04-26T22:05:22+08:00 ] ::1 /onlineen0328/index.php?g=Down&m=Index&a=typelist&id=2&p=3
NOTIC: D方法实例化没找到模型类Common\Model\ResourceModel
NOTIC: D方法实例化没找到模型类Common\Model\ResourceTypeModel

[ 2016-04-26T22:05:31+08:00 ] ::1 /onlineen0328/index.php?g=Down&m=Index&a=typelist&id=2&p=2
NOTIC: D方法实例化没找到模型类Common\Model\ResourceModel
NOTIC: D方法实例化没找到模型类Common\Model\ResourceTypeModel

[ 2016-04-26T22:05:32+08:00 ] ::1 /onlineen0328/index.php?g=Down&m=Index&a=typelist&id=2&p=2
NOTIC: D方法实例化没找到模型类Common\Model\ResourceModel
NOTIC: D方法实例化没找到模型类Common\Model\ResourceTypeModel

[ 2016-04-26T22:05:33+08:00 ] ::1 /onlineen0328/index.php?g=Down&m=Index&a=typelist&id=2&p=2
NOTIC: D方法实例化没找到模型类Common\Model\ResourceModel
NOTIC: D方法实例化没找到模型类Common\Model\ResourceTypeModel

[ 2016-04-26T22:05:35+08:00 ] ::1 /onlineen0328/index.php?g=Down&m=Index&a=typelist&id=2&p=3
NOTIC: D方法实例化没找到模型类Common\Model\ResourceModel
NOTIC: D方法实例化没找到模型类Common\Model\ResourceTypeModel

[ 2016-04-26T22:08:59+08:00 ] ::1 /onlineen0328/index.php?g=Down&m=Index&a=typelist&id=2&p=2
NOTIC: D方法实例化没找到模型类Common\Model\ResourceModel
NOTIC: D方法实例化没找到模型类Common\Model\ResourceTypeModel

[ 2016-04-26T22:09:01+08:00 ] ::1 /onlineen0328/index.php?g=Down&m=Index&a=typelist&id=2&p=3
NOTIC: D方法实例化没找到模型类Common\Model\ResourceModel
NOTIC: D方法实例化没找到模型类Common\Model\ResourceTypeModel

[ 2016-04-26T22:09:11+08:00 ] ::1 /onlineen0328/index.php?g=Down&m=Index&a=typelist&id=2
NOTIC: D方法实例化没找到模型类Common\Model\ResourceModel
NOTIC: D方法实例化没找到模型类Common\Model\ResourceTypeModel

[ 2016-04-26T22:09:13+08:00 ] ::1 /onlineen0328/index.php?g=Down&m=Index&a=typelist&id=2&p=2
NOTIC: D方法实例化没找到模型类Common\Model\ResourceModel
NOTIC: D方法实例化没找到模型类Common\Model\ResourceTypeModel

[ 2016-04-26T22:09:27+08:00 ] ::1 /onlineen0328/index.php?g=Down&m=Index&a=typelist&id=2
NOTIC: D方法实例化没找到模型类Common\Model\ResourceModel
NOTIC: D方法实例化没找到模型类Common\Model\ResourceTypeModel

[ 2016-04-26T22:09:29+08:00 ] ::1 /onlineen0328/index.php?g=Down&m=Index&a=typelist&id=2
NOTIC: D方法实例化没找到模型类Common\Model\ResourceModel
NOTIC: D方法实例化没找到模型类Common\Model\ResourceTypeModel

[ 2016-04-26T22:09:31+08:00 ] ::1 /onlineen0328/index.php?g=Down&m=Index&a=typelist&id=2&p=2
NOTIC: D方法实例化没找到模型类Common\Model\ResourceModel
NOTIC: D方法实例化没找到模型类Common\Model\ResourceTypeModel

[ 2016-04-26T22:09:42+08:00 ] ::1 /onlineen0328/index.php?g=Down&m=Index&a=typelist&id=2
NOTIC: D方法实例化没找到模型类Common\Model\ResourceModel
NOTIC: D方法实例化没找到模型类Common\Model\ResourceTypeModel

[ 2016-04-26T22:09:43+08:00 ] ::1 /onlineen0328/index.php?g=Down&m=Index&a=typelist&id=2
NOTIC: D方法实例化没找到模型类Common\Model\ResourceModel
NOTIC: D方法实例化没找到模型类Common\Model\ResourceTypeModel

[ 2016-04-26T22:10:03+08:00 ] ::1 /onlineen0328/index.php?g=Down&m=Index&a=typelist&id=2
NOTIC: D方法实例化没找到模型类Common\Model\ResourceModel
NOTIC: D方法实例化没找到模型类Common\Model\ResourceTypeModel

[ 2016-04-26T22:10:04+08:00 ] ::1 /onlineen0328/index.php?g=Down&m=Index&a=typelist&id=2
NOTIC: D方法实例化没找到模型类Common\Model\ResourceModel
NOTIC: D方法实例化没找到模型类Common\Model\ResourceTypeModel

[ 2016-04-26T22:10:06+08:00 ] ::1 /onlineen0328/index.php?g=Down&m=Index&a=typelist&id=2&p=2
NOTIC: D方法实例化没找到模型类Common\Model\ResourceModel
NOTIC: D方法实例化没找到模型类Common\Model\ResourceTypeModel

[ 2016-04-26T22:11:36+08:00 ] ::1 /onlineen0328/index.php?g=Down&m=Index&a=typelist&id=2
NOTIC: D方法实例化没找到模型类Common\Model\ResourceModel
NOTIC: D方法实例化没找到模型类Common\Model\ResourceTypeModel

[ 2016-04-26T22:11:38+08:00 ] ::1 /onlineen0328/index.php?g=Down&m=Index&a=typelist&id=2
NOTIC: D方法实例化没找到模型类Common\Model\ResourceModel
NOTIC: D方法实例化没找到模型类Common\Model\ResourceTypeModel

[ 2016-04-26T22:11:40+08:00 ] ::1 /onlineen0328/index.php?g=Down&m=Index&a=typelist&id=2&p=2
NOTIC: D方法实例化没找到模型类Common\Model\ResourceModel
NOTIC: D方法实例化没找到模型类Common\Model\ResourceTypeModel

[ 2016-04-26T22:12:12+08:00 ] ::1 /onlineen0328/index.php?g=Down&m=Index&a=typelist&id=2
NOTIC: D方法实例化没找到模型类Common\Model\ResourceModel
NOTIC: D方法实例化没找到模型类Common\Model\ResourceTypeModel

[ 2016-04-26T22:12:14+08:00 ] ::1 /onlineen0328/index.php?g=Down&m=Index&a=typelist&id=2
NOTIC: D方法实例化没找到模型类Common\Model\ResourceModel
NOTIC: D方法实例化没找到模型类Common\Model\ResourceTypeModel

[ 2016-04-26T22:12:16+08:00 ] ::1 /onlineen0328/index.php?g=Down&m=Index&a=typelist&id=2&p=2
NOTIC: D方法实例化没找到模型类Common\Model\ResourceModel
NOTIC: D方法实例化没找到模型类Common\Model\ResourceTypeModel

[ 2016-04-26T22:14:35+08:00 ] ::1 /onlineen0328/index.php?g=Down&m=Index&a=typelist&id=2
NOTIC: D方法实例化没找到模型类Common\Model\ResourceModel
NOTIC: D方法实例化没找到模型类Common\Model\ResourceTypeModel

[ 2016-04-26T22:14:36+08:00 ] ::1 /onlineen0328/index.php?g=Down&m=Index&a=typelist&id=2
NOTIC: D方法实例化没找到模型类Common\Model\ResourceModel
NOTIC: D方法实例化没找到模型类Common\Model\ResourceTypeModel

[ 2016-04-26T22:14:40+08:00 ] ::1 /onlineen0328/index.php?g=Down&m=Index&a=typelist&id=2&p=2
NOTIC: D方法实例化没找到模型类Common\Model\ResourceModel
NOTIC: D方法实例化没找到模型类Common\Model\ResourceTypeModel

[ 2016-04-26T22:14:47+08:00 ] ::1 /onlineen0328/index.php?g=Down&m=Index&a=typelist&id=2&p=1
NOTIC: D方法实例化没找到模型类Common\Model\ResourceModel
NOTIC: D方法实例化没找到模型类Common\Model\ResourceTypeModel

[ 2016-04-26T22:15:01+08:00 ] ::1 /onlineen0328/index.php?g=Down&m=Index&a=typelist&id=2&p=1
NOTIC: D方法实例化没找到模型类Common\Model\ResourceModel
NOTIC: D方法实例化没找到模型类Common\Model\ResourceTypeModel

[ 2016-04-26T22:15:03+08:00 ] ::1 /onlineen0328/index.php?g=Down&m=Index&a=typelist&id=2&p=2
NOTIC: D方法实例化没找到模型类Common\Model\ResourceModel
NOTIC: D方法实例化没找到模型类Common\Model\ResourceTypeModel

[ 2016-04-26T22:15:06+08:00 ] ::1 /onlineen0328/index.php?g=Down&m=Index&a=typelist&id=2&p=1
NOTIC: D方法实例化没找到模型类Common\Model\ResourceModel
NOTIC: D方法实例化没找到模型类Common\Model\ResourceTypeModel

[ 2016-04-26T22:15:07+08:00 ] ::1 /onlineen0328/index.php?g=Down&m=Index&a=typelist&id=2&p=1
NOTIC: D方法实例化没找到模型类Common\Model\ResourceModel
NOTIC: D方法实例化没找到模型类Common\Model\ResourceTypeModel

[ 2016-04-26T22:15:07+08:00 ] ::1 /onlineen0328/index.php?g=Down&m=Index&a=typelist&id=2&p=1
NOTIC: D方法实例化没找到模型类Common\Model\ResourceModel
NOTIC: D方法实例化没找到模型类Common\Model\ResourceTypeModel

[ 2016-04-26T22:15:10+08:00 ] ::1 /onlineen0328/index.php?g=Down&m=Index&a=typelist&id=2&p=2
NOTIC: D方法实例化没找到模型类Common\Model\ResourceModel
NOTIC: D方法实例化没找到模型类Common\Model\ResourceTypeModel

[ 2016-04-26T23:47:29+08:00 ] ::1 /onlineen0328/index.php?g=Down&m=Index&a=resourcedetail&id=4
NOTIC: D方法实例化没找到模型类Common\Model\ResourceModel
NOTIC: D方法实例化没找到模型类Common\Model\ResourceTypeModel

