[ 2016-05-05T14:57:40+08:00 ] ::1 /onlineen0328/Down/Index/index.html
NOTIC: D方法实例化没找到模型类Common\Model\ResourceModel
NOTIC: D方法实例化没找到模型类Common\Model\ResourceTypeModel

[ 2016-05-05T14:57:42+08:00 ] ::1 /onlineen0328/Down/Index/typelist/id/4.html
NOTIC: D方法实例化没找到模型类Common\Model\ResourceModel
NOTIC: D方法实例化没找到模型类Common\Model\ResourceTypeModel

[ 2016-05-05T14:58:39+08:00 ] ::1 /onlineen0328/Down/Index/typelist/id/4.html
NOTIC: D方法实例化没找到模型类Common\Model\ResourceModel
NOTIC: D方法实例化没找到模型类Common\Model\ResourceTypeModel

[ 2016-05-05T14:58:41+08:00 ] ::1 /onlineen0328/Down/Index/typelist/id/4.html
NOTIC: D方法实例化没找到模型类Common\Model\ResourceModel
NOTIC: D方法实例化没找到模型类Common\Model\ResourceTypeModel

[ 2016-05-05T14:58:42+08:00 ] ::1 /onlineen0328/Down/Index/typelist/id/4.html
NOTIC: D方法实例化没找到模型类Common\Model\ResourceModel
NOTIC: D方法实例化没找到模型类Common\Model\ResourceTypeModel

[ 2016-05-05T14:58:43+08:00 ] ::1 /onlineen0328/Down/Index/typelist/id/3.html
NOTIC: D方法实例化没找到模型类Common\Model\ResourceModel
NOTIC: D方法实例化没找到模型类Common\Model\ResourceTypeModel

[ 2016-05-05T14:58:44+08:00 ] ::1 /onlineen0328/Down/Index/typelist/id/2.html
NOTIC: D方法实例化没找到模型类Common\Model\ResourceModel
NOTIC: D方法实例化没找到模型类Common\Model\ResourceTypeModel

[ 2016-05-05T14:58:46+08:00 ] ::1 /onlineen0328/Down/Index/typelist/id/5.html
NOTIC: D方法实例化没找到模型类Common\Model\ResourceModel
NOTIC: D方法实例化没找到模型类Common\Model\ResourceTypeModel

[ 2016-05-05T14:58:47+08:00 ] ::1 /onlineen0328/Down/Index/typelist/id/2.html
NOTIC: D方法实例化没找到模型类Common\Model\ResourceModel
NOTIC: D方法实例化没找到模型类Common\Model\ResourceTypeModel

[ 2016-05-05T14:58:50+08:00 ] ::1 /onlineen0328/Down/Index/typelist/id/2/p/2.html
NOTIC: D方法实例化没找到模型类Common\Model\ResourceModel
NOTIC: D方法实例化没找到模型类Common\Model\ResourceTypeModel

[ 2016-05-05T14:59:32+08:00 ] ::1 /onlineen0328/Down/Index/typelist/id/2.html
NOTIC: D方法实例化没找到模型类Common\Model\ResourceModel
NOTIC: D方法实例化没找到模型类Common\Model\ResourceTypeModel

[ 2016-05-05T14:59:33+08:00 ] ::1 /onlineen0328/Down/Index/typelist/id/2.html
NOTIC: D方法实例化没找到模型类Common\Model\ResourceModel
NOTIC: D方法实例化没找到模型类Common\Model\ResourceTypeModel

[ 2016-05-05T14:59:36+08:00 ] ::1 /onlineen0328/Down/Index/typelist/id/2/p/2.html
NOTIC: D方法实例化没找到模型类Common\Model\ResourceModel
NOTIC: D方法实例化没找到模型类Common\Model\ResourceTypeModel

[ 2016-05-05T15:00:03+08:00 ] ::1 /onlineen0328/Down/Index/typelist/id/2.html
NOTIC: D方法实例化没找到模型类Common\Model\ResourceModel
NOTIC: D方法实例化没找到模型类Common\Model\ResourceTypeModel

[ 2016-05-05T15:00:05+08:00 ] ::1 /onlineen0328/Down/Index/typelist/id/2/p/2.html
NOTIC: D方法实例化没找到模型类Common\Model\ResourceModel
NOTIC: D方法实例化没找到模型类Common\Model\ResourceTypeModel

[ 2016-05-05T15:00:16+08:00 ] ::1 /onlineen0328/Down/Index/typelist/id/2.html
NOTIC: D方法实例化没找到模型类Common\Model\ResourceModel
NOTIC: D方法实例化没找到模型类Common\Model\ResourceTypeModel

[ 2016-05-05T15:00:19+08:00 ] ::1 /onlineen0328/Down/Index/typelist/id/2/p/2.html
NOTIC: D方法实例化没找到模型类Common\Model\ResourceModel
NOTIC: D方法实例化没找到模型类Common\Model\ResourceTypeModel

[ 2016-05-05T15:10:08+08:00 ] ::1 /onlineen0328/Down/Index/typelist/id/2.html
NOTIC: D方法实例化没找到模型类Common\Model\ResourceModel
NOTIC: D方法实例化没找到模型类Common\Model\ResourceTypeModel

[ 2016-05-05T15:10:11+08:00 ] ::1 /onlineen0328/Down/Index/typelist/id/2/p/2.html
NOTIC: D方法实例化没找到模型类Common\Model\ResourceModel
NOTIC: D方法实例化没找到模型类Common\Model\ResourceTypeModel

[ 2016-05-05T15:11:04+08:00 ] ::1 /onlineen0328/Down/Index/typelist/id/2.html
NOTIC: D方法实例化没找到模型类Common\Model\ResourceModel
NOTIC: D方法实例化没找到模型类Common\Model\ResourceTypeModel

[ 2016-05-05T15:11:05+08:00 ] ::1 /onlineen0328/Down/Index/typelist/id/2.html
NOTIC: D方法实例化没找到模型类Common\Model\ResourceModel
NOTIC: D方法实例化没找到模型类Common\Model\ResourceTypeModel

[ 2016-05-05T15:11:08+08:00 ] ::1 /onlineen0328/Down/Index/typelist/id/2/p/2.html
NOTIC: D方法实例化没找到模型类Common\Model\ResourceModel
NOTIC: D方法实例化没找到模型类Common\Model\ResourceTypeModel

[ 2016-05-05T15:11:33+08:00 ] ::1 /onlineen0328/Down/Index/typelist/id/2.html
NOTIC: D方法实例化没找到模型类Common\Model\ResourceModel
NOTIC: D方法实例化没找到模型类Common\Model\ResourceTypeModel

[ 2016-05-05T15:11:34+08:00 ] ::1 /onlineen0328/Down/Index/typelist/id/2.html
NOTIC: D方法实例化没找到模型类Common\Model\ResourceModel
NOTIC: D方法实例化没找到模型类Common\Model\ResourceTypeModel

[ 2016-05-05T15:11:35+08:00 ] ::1 /onlineen0328/Down/Index/typelist/id/2.html
NOTIC: D方法实例化没找到模型类Common\Model\ResourceModel
NOTIC: D方法实例化没找到模型类Common\Model\ResourceTypeModel

[ 2016-05-05T15:11:37+08:00 ] ::1 /onlineen0328/Down/Index/typelist/id/2/p/2.html
NOTIC: D方法实例化没找到模型类Common\Model\ResourceModel
NOTIC: D方法实例化没找到模型类Common\Model\ResourceTypeModel

[ 2016-05-05T15:17:17+08:00 ] ::1 /onlineen0328/Down/Index/typelist/id/2.html
NOTIC: D方法实例化没找到模型类Common\Model\ResourceModel
NOTIC: D方法实例化没找到模型类Common\Model\ResourceTypeModel

[ 2016-05-05T15:17:19+08:00 ] ::1 /onlineen0328/Down/Index/typelist/id/2/p/2.html
NOTIC: D方法实例化没找到模型类Common\Model\ResourceModel
NOTIC: D方法实例化没找到模型类Common\Model\ResourceTypeModel

[ 2016-05-05T15:18:03+08:00 ] ::1 /onlineen0328/Down/Index/typelist/id/2.html
NOTIC: D方法实例化没找到模型类Common\Model\ResourceModel
NOTIC: D方法实例化没找到模型类Common\Model\ResourceTypeModel

[ 2016-05-05T15:18:04+08:00 ] ::1 /onlineen0328/Down/Index/typelist/id/2.html
NOTIC: D方法实例化没找到模型类Common\Model\ResourceModel
NOTIC: D方法实例化没找到模型类Common\Model\ResourceTypeModel

[ 2016-05-05T15:18:07+08:00 ] ::1 /onlineen0328/Down/Index/typelist/id/2/p/2.html
NOTIC: D方法实例化没找到模型类Common\Model\ResourceModel
NOTIC: D方法实例化没找到模型类Common\Model\ResourceTypeModel

[ 2016-05-05T15:18:37+08:00 ] ::1 /onlineen0328/Down/Index/typelist/id/2.html
NOTIC: D方法实例化没找到模型类Common\Model\ResourceModel
NOTIC: D方法实例化没找到模型类Common\Model\ResourceTypeModel

[ 2016-05-05T15:18:38+08:00 ] ::1 /onlineen0328/Down/Index/typelist/id/2.html
NOTIC: D方法实例化没找到模型类Common\Model\ResourceModel
NOTIC: D方法实例化没找到模型类Common\Model\ResourceTypeModel

[ 2016-05-05T15:18:41+08:00 ] ::1 /onlineen0328/Down/Index/typelist/id/2/p/2.html
NOTIC: D方法实例化没找到模型类Common\Model\ResourceModel
NOTIC: D方法实例化没找到模型类Common\Model\ResourceTypeModel

[ 2016-05-05T15:18:52+08:00 ] ::1 /onlineen0328/Down/Index/typelist/id/2.html
NOTIC: D方法实例化没找到模型类Common\Model\ResourceModel
NOTIC: D方法实例化没找到模型类Common\Model\ResourceTypeModel

[ 2016-05-05T15:18:54+08:00 ] ::1 /onlineen0328/Down/Index/typelist/id/2.html
NOTIC: D方法实例化没找到模型类Common\Model\ResourceModel
NOTIC: D方法实例化没找到模型类Common\Model\ResourceTypeModel

[ 2016-05-05T15:18:56+08:00 ] ::1 /onlineen0328/Down/Index/typelist/id/2/p/2.html
NOTIC: D方法实例化没找到模型类Common\Model\ResourceModel
NOTIC: D方法实例化没找到模型类Common\Model\ResourceTypeModel

[ 2016-05-05T15:19:09+08:00 ] ::1 /onlineen0328/Down/Index/typelist/id/2.html
NOTIC: D方法实例化没找到模型类Common\Model\ResourceModel
NOTIC: D方法实例化没找到模型类Common\Model\ResourceTypeModel

[ 2016-05-05T15:19:10+08:00 ] ::1 /onlineen0328/Down/Index/typelist/id/2.html
NOTIC: D方法实例化没找到模型类Common\Model\ResourceModel
NOTIC: D方法实例化没找到模型类Common\Model\ResourceTypeModel

[ 2016-05-05T15:19:13+08:00 ] ::1 /onlineen0328/Down/Index/typelist/id/2/p/2.html
NOTIC: D方法实例化没找到模型类Common\Model\ResourceModel
NOTIC: D方法实例化没找到模型类Common\Model\ResourceTypeModel

[ 2016-05-05T15:19:39+08:00 ] ::1 /onlineen0328/Down/Index/typelist/id/2.html
NOTIC: D方法实例化没找到模型类Common\Model\ResourceModel
NOTIC: D方法实例化没找到模型类Common\Model\ResourceTypeModel

[ 2016-05-05T15:19:41+08:00 ] ::1 /onlineen0328/Down/Index/typelist/id/2/p/2.html
NOTIC: D方法实例化没找到模型类Common\Model\ResourceModel
NOTIC: D方法实例化没找到模型类Common\Model\ResourceTypeModel

[ 2016-05-05T15:19:43+08:00 ] ::1 /onlineen0328/Down/Index/typelist/id/2/p/1.html
NOTIC: D方法实例化没找到模型类Common\Model\ResourceModel
NOTIC: D方法实例化没找到模型类Common\Model\ResourceTypeModel

[ 2016-05-05T15:20:09+08:00 ] ::1 /onlineen0328/Down/Index/typelist/id/2/p/1.html
NOTIC: D方法实例化没找到模型类Common\Model\ResourceModel
NOTIC: D方法实例化没找到模型类Common\Model\ResourceTypeModel

[ 2016-05-05T15:20:10+08:00 ] ::1 /onlineen0328/Down/Index/typelist/id/2/p/1.html
NOTIC: D方法实例化没找到模型类Common\Model\ResourceModel
NOTIC: D方法实例化没找到模型类Common\Model\ResourceTypeModel

[ 2016-05-05T15:20:13+08:00 ] ::1 /onlineen0328/Down/Index/typelist/id/2/p/2.html
NOTIC: D方法实例化没找到模型类Common\Model\ResourceModel
NOTIC: D方法实例化没找到模型类Common\Model\ResourceTypeModel

[ 2016-05-05T15:20:21+08:00 ] ::1 /onlineen0328/Down/Index/typelist/id/2/p/1.html
NOTIC: D方法实例化没找到模型类Common\Model\ResourceModel
NOTIC: D方法实例化没找到模型类Common\Model\ResourceTypeModel

[ 2016-05-05T15:20:22+08:00 ] ::1 /onlineen0328/Down/Index/typelist/id/2/p/1.html
NOTIC: D方法实例化没找到模型类Common\Model\ResourceModel
NOTIC: D方法实例化没找到模型类Common\Model\ResourceTypeModel

[ 2016-05-05T15:20:23+08:00 ] ::1 /onlineen0328/Down/Index/typelist/id/2/p/1.html
NOTIC: D方法实例化没找到模型类Common\Model\ResourceModel
NOTIC: D方法实例化没找到模型类Common\Model\ResourceTypeModel

[ 2016-05-05T15:20:23+08:00 ] ::1 /onlineen0328/Down/Index/typelist/id/2/p/1.html
NOTIC: D方法实例化没找到模型类Common\Model\ResourceModel
NOTIC: D方法实例化没找到模型类Common\Model\ResourceTypeModel

[ 2016-05-05T15:20:26+08:00 ] ::1 /onlineen0328/Down/Index/typelist/id/2/p/2.html
NOTIC: D方法实例化没找到模型类Common\Model\ResourceModel
NOTIC: D方法实例化没找到模型类Common\Model\ResourceTypeModel

[ 2016-05-05T15:20:30+08:00 ] ::1 /onlineen0328/Down/Index/typelist/id/2/p/1.html
NOTIC: D方法实例化没找到模型类Common\Model\ResourceModel
NOTIC: D方法实例化没找到模型类Common\Model\ResourceTypeModel

[ 2016-05-05T15:20:32+08:00 ] ::1 /onlineen0328/Down/Index/typelist/id/2/p/2.html
NOTIC: D方法实例化没找到模型类Common\Model\ResourceModel
NOTIC: D方法实例化没找到模型类Common\Model\ResourceTypeModel

[ 2016-05-05T15:20:35+08:00 ] ::1 /onlineen0328/Down/Index/typelist/id/2/p/3.html
NOTIC: D方法实例化没找到模型类Common\Model\ResourceModel
NOTIC: D方法实例化没找到模型类Common\Model\ResourceTypeModel

[ 2016-05-05T15:21:03+08:00 ] ::1 /onlineen0328/Down/Index/typelist/id/2/p/3.html
NOTIC: D方法实例化没找到模型类Common\Model\ResourceModel
NOTIC: D方法实例化没找到模型类Common\Model\ResourceTypeModel

[ 2016-05-05T15:21:04+08:00 ] ::1 /onlineen0328/Down/Index/typelist/id/2/p/3.html
NOTIC: D方法实例化没找到模型类Common\Model\ResourceModel
NOTIC: D方法实例化没找到模型类Common\Model\ResourceTypeModel

[ 2016-05-05T15:21:05+08:00 ] ::1 /onlineen0328/Down/Index/typelist/id/2/p/3.html
NOTIC: D方法实例化没找到模型类Common\Model\ResourceModel
NOTIC: D方法实例化没找到模型类Common\Model\ResourceTypeModel

[ 2016-05-05T15:21:05+08:00 ] ::1 /onlineen0328/Down/Index/typelist/id/2/p/3.html
NOTIC: D方法实例化没找到模型类Common\Model\ResourceModel
NOTIC: D方法实例化没找到模型类Common\Model\ResourceTypeModel

[ 2016-05-05T15:21:10+08:00 ] ::1 /onlineen0328/Down/Index/typelist/id/2/p/3.html
NOTIC: D方法实例化没找到模型类Common\Model\ResourceModel
NOTIC: D方法实例化没找到模型类Common\Model\ResourceTypeModel

[ 2016-05-05T15:21:11+08:00 ] ::1 /onlineen0328/Down/Index/typelist/id/2/p/3.html
NOTIC: D方法实例化没找到模型类Common\Model\ResourceModel
NOTIC: D方法实例化没找到模型类Common\Model\ResourceTypeModel

[ 2016-05-05T15:21:26+08:00 ] ::1 /onlineen0328/Down/Index/typelist/id/2/p/3.html
NOTIC: D方法实例化没找到模型类Common\Model\ResourceModel
NOTIC: D方法实例化没找到模型类Common\Model\ResourceTypeModel

[ 2016-05-05T15:21:38+08:00 ] ::1 /onlineen0328/Down/Index/typelist/id/2/p/3.html
NOTIC: D方法实例化没找到模型类Common\Model\ResourceModel
NOTIC: D方法实例化没找到模型类Common\Model\ResourceTypeModel

[ 2016-05-05T15:21:38+08:00 ] ::1 /onlineen0328/Down/Index/typelist/id/2/p/3.html
NOTIC: D方法实例化没找到模型类Common\Model\ResourceModel
NOTIC: D方法实例化没找到模型类Common\Model\ResourceTypeModel

[ 2016-05-05T15:21:40+08:00 ] ::1 /onlineen0328/Down/Index/typelist/id/2/p/3.html
NOTIC: D方法实例化没找到模型类Common\Model\ResourceModel
NOTIC: D方法实例化没找到模型类Common\Model\ResourceTypeModel

[ 2016-05-05T15:21:52+08:00 ] ::1 /onlineen0328/Down/Index/resourcedetail/id/21.html
NOTIC: D方法实例化没找到模型类Common\Model\ResourceModel
NOTIC: D方法实例化没找到模型类Common\Model\ResourceTypeModel

[ 2016-05-05T15:21:54+08:00 ] ::1 /onlineen0328/Down/Index/typelist/id/2.html
NOTIC: D方法实例化没找到模型类Common\Model\ResourceModel
NOTIC: D方法实例化没找到模型类Common\Model\ResourceTypeModel

[ 2016-05-05T15:21:57+08:00 ] ::1 /onlineen0328/Down/Index/typelist/id/2/p/2.html
NOTIC: D方法实例化没找到模型类Common\Model\ResourceModel
NOTIC: D方法实例化没找到模型类Common\Model\ResourceTypeModel

[ 2016-05-05T15:22:11+08:00 ] ::1 /onlineen0328/Down/Index/typelist/id/2.html
NOTIC: D方法实例化没找到模型类Common\Model\ResourceModel
NOTIC: D方法实例化没找到模型类Common\Model\ResourceTypeModel

[ 2016-05-05T22:30:18+08:00 ] ::1 /onlineen0328/Down/Index/index.html
NOTIC: D方法实例化没找到模型类Common\Model\ResourceModel
NOTIC: D方法实例化没找到模型类Common\Model\ResourceTypeModel

