[ 2016-05-02T11:05:30+08:00 ] ::1 /onlineen0328/index.php?g=Down&m=Index&a=index
NOTIC: D方法实例化没找到模型类Common\Model\ResourceModel
NOTIC: D方法实例化没找到模型类Common\Model\ResourceTypeModel

[ 2016-05-02T12:14:52+08:00 ] ::1 /onlineen0328/Down/Index/index/
NOTIC: D方法实例化没找到模型类Common\Model\ResourceModel
NOTIC: D方法实例化没找到模型类Common\Model\ResourceTypeModel

[ 2016-05-02T12:16:19+08:00 ] ::1 /onlineen0328/index.php/Down/Index/index.html
NOTIC: D方法实例化没找到模型类Common\Model\ResourceModel
NOTIC: D方法实例化没找到模型类Common\Model\ResourceTypeModel

[ 2016-05-02T12:16:22+08:00 ] ::1 /onlineen0328/index.php/Down/Index/resourcedetail/id/18.html
NOTIC: D方法实例化没找到模型类Common\Model\ResourceModel
NOTIC: D方法实例化没找到模型类Common\Model\ResourceTypeModel

[ 2016-05-02T12:31:53+08:00 ] ::1 /onlineen0328/index.php/Down/Index/index.html
NOTIC: D方法实例化没找到模型类Common\Model\ResourceModel
NOTIC: D方法实例化没找到模型类Common\Model\ResourceTypeModel

[ 2016-05-02T12:31:57+08:00 ] ::1 /onlineen0328/Down/Index/index.html
NOTIC: D方法实例化没找到模型类Common\Model\ResourceModel
NOTIC: D方法实例化没找到模型类Common\Model\ResourceTypeModel

[ 2016-05-02T12:34:29+08:00 ] ::1 /onlineen0328/index.php/Down/Index/index.html
NOTIC: D方法实例化没找到模型类Common\Model\ResourceModel
NOTIC: D方法实例化没找到模型类Common\Model\ResourceTypeModel

[ 2016-05-02T12:41:10+08:00 ] ::1 /onlineen0328/index.php?s=/Down/Index/index.html
NOTIC: D方法实例化没找到模型类Common\Model\ResourceModel
NOTIC: D方法实例化没找到模型类Common\Model\ResourceTypeModel

[ 2016-05-02T12:41:18+08:00 ] ::1 /onlineen0328/index.php?s=/Down/Index/index.html
NOTIC: D方法实例化没找到模型类Common\Model\ResourceModel
NOTIC: D方法实例化没找到模型类Common\Model\ResourceTypeModel

[ 2016-05-02T12:41:22+08:00 ] ::1 /onlineen0328/index.php?s=/Down/Index/index.html
NOTIC: D方法实例化没找到模型类Common\Model\ResourceModel
NOTIC: D方法实例化没找到模型类Common\Model\ResourceTypeModel

[ 2016-05-02T12:43:28+08:00 ] ::1 /onlineen0328/index.php/Down/Index/index.html
NOTIC: D方法实例化没找到模型类Common\Model\ResourceModel
NOTIC: D方法实例化没找到模型类Common\Model\ResourceTypeModel

[ 2016-05-02T12:43:29+08:00 ] ::1 /onlineen0328/index.php/Down/Index/index.html
NOTIC: D方法实例化没找到模型类Common\Model\ResourceModel
NOTIC: D方法实例化没找到模型类Common\Model\ResourceTypeModel

[ 2016-05-02T12:43:49+08:00 ] ::1 /onlineen0328/index.php/Down/Index/index.html
NOTIC: D方法实例化没找到模型类Common\Model\ResourceModel
NOTIC: D方法实例化没找到模型类Common\Model\ResourceTypeModel

[ 2016-05-02T12:43:50+08:00 ] ::1 /onlineen0328/index.php/Down/Index/index.html
NOTIC: D方法实例化没找到模型类Common\Model\ResourceModel
NOTIC: D方法实例化没找到模型类Common\Model\ResourceTypeModel

[ 2016-05-02T12:43:51+08:00 ] ::1 /onlineen0328/index.php/Down/Index/index.html
NOTIC: D方法实例化没找到模型类Common\Model\ResourceModel
NOTIC: D方法实例化没找到模型类Common\Model\ResourceTypeModel

[ 2016-05-02T12:47:33+08:00 ] ::1 /onlineen0328/Down/Index/index.html
NOTIC: D方法实例化没找到模型类Common\Model\ResourceModel
NOTIC: D方法实例化没找到模型类Common\Model\ResourceTypeModel

[ 2016-05-02T12:49:57+08:00 ] ::1 /onlineen0328/Down/Index/index.html
NOTIC: D方法实例化没找到模型类Common\Model\ResourceModel
NOTIC: D方法实例化没找到模型类Common\Model\ResourceTypeModel

[ 2016-05-02T12:50:06+08:00 ] ::1 /onlineen0328/Down/Index/index.html
NOTIC: D方法实例化没找到模型类Common\Model\ResourceModel
NOTIC: D方法实例化没找到模型类Common\Model\ResourceTypeModel

[ 2016-05-02T12:50:07+08:00 ] ::1 /onlineen0328/Down/Index/index.html
NOTIC: D方法实例化没找到模型类Common\Model\ResourceModel
NOTIC: D方法实例化没找到模型类Common\Model\ResourceTypeModel

[ 2016-05-02T12:50:08+08:00 ] ::1 /onlineen0328/Down/Index/index.html
NOTIC: D方法实例化没找到模型类Common\Model\ResourceModel
NOTIC: D方法实例化没找到模型类Common\Model\ResourceTypeModel

[ 2016-05-02T12:52:03+08:00 ] ::1 /onlineen0328/Down/Index/index.html
NOTIC: D方法实例化没找到模型类Common\Model\ResourceModel
NOTIC: D方法实例化没找到模型类Common\Model\ResourceTypeModel

[ 2016-05-02T12:52:05+08:00 ] ::1 /onlineen0328/Down/Index/resourcedetail/id/18.html
NOTIC: D方法实例化没找到模型类Common\Model\ResourceModel
NOTIC: D方法实例化没找到模型类Common\Model\ResourceTypeModel

[ 2016-05-02T12:52:08+08:00 ] ::1 /onlineen0328/Down/Index/downdetail/id/18.html
NOTIC: D方法实例化没找到模型类Common\Model\ResourceModel
NOTIC: D方法实例化没找到模型类Common\Model\ResourceTypeModel

[ 2016-05-02T12:55:51+08:00 ] ::1 /onlineen0328/Down/Index/index.html
NOTIC: D方法实例化没找到模型类Common\Model\ResourceModel
NOTIC: D方法实例化没找到模型类Common\Model\ResourceTypeModel

[ 2016-05-02T13:02:13+08:00 ] ::1 /onlineen0328/Down/Index/index.html
NOTIC: D方法实例化没找到模型类Common\Model\ResourceModel
NOTIC: D方法实例化没找到模型类Common\Model\ResourceTypeModel

[ 2016-05-02T13:02:15+08:00 ] ::1 /onlineen0328/Down/Index/index.html
NOTIC: D方法实例化没找到模型类Common\Model\ResourceModel
NOTIC: D方法实例化没找到模型类Common\Model\ResourceTypeModel

[ 2016-05-02T13:02:17+08:00 ] ::1 /onlineen0328/Down/Index/index.html
NOTIC: D方法实例化没找到模型类Common\Model\ResourceModel
NOTIC: D方法实例化没找到模型类Common\Model\ResourceTypeModel

[ 2016-05-02T13:09:19+08:00 ] ::1 /onlineen0328/Down/Index/index.html
NOTIC: D方法实例化没找到模型类Common\Model\ResourceModel
NOTIC: D方法实例化没找到模型类Common\Model\ResourceTypeModel

[ 2016-05-02T13:11:08+08:00 ] ::1 /onlineen0328/Down/Index/index.html
NOTIC: D方法实例化没找到模型类Common\Model\ResourceModel
NOTIC: D方法实例化没找到模型类Common\Model\ResourceTypeModel

[ 2016-05-02T13:11:11+08:00 ] ::1 /onlineen0328/Down/Index/index.html
NOTIC: D方法实例化没找到模型类Common\Model\ResourceModel
NOTIC: D方法实例化没找到模型类Common\Model\ResourceTypeModel

[ 2016-05-02T13:11:12+08:00 ] ::1 /onlineen0328/Down/Index/resourcedetail/id/1.html
NOTIC: D方法实例化没找到模型类Common\Model\ResourceModel
NOTIC: D方法实例化没找到模型类Common\Model\ResourceTypeModel

[ 2016-05-02T18:58:59+08:00 ] ::1 /onlineen0328/Down/Index/index.html
NOTIC: D方法实例化没找到模型类Common\Model\ResourceModel
NOTIC: D方法实例化没找到模型类Common\Model\ResourceTypeModel

[ 2016-05-02T18:59:04+08:00 ] ::1 /onlineen0328/Down/Index/index.html
NOTIC: D方法实例化没找到模型类Common\Model\ResourceModel
NOTIC: D方法实例化没找到模型类Common\Model\ResourceTypeModel

[ 2016-05-02T18:59:09+08:00 ] ::1 /onlineen0328/Down/Index/index.html
NOTIC: D方法实例化没找到模型类Common\Model\ResourceModel
NOTIC: D方法实例化没找到模型类Common\Model\ResourceTypeModel

[ 2016-05-02T19:00:28+08:00 ] ::1 /onlineen0328/Down/Index/index.html
NOTIC: D方法实例化没找到模型类Common\Model\ResourceModel
NOTIC: D方法实例化没找到模型类Common\Model\ResourceTypeModel

[ 2016-05-02T19:09:26+08:00 ] ::1 /onlineen0328/Down/Index/index.html
NOTIC: D方法实例化没找到模型类Common\Model\ResourceModel
NOTIC: D方法实例化没找到模型类Common\Model\ResourceTypeModel

[ 2016-05-02T19:09:29+08:00 ] ::1 /onlineen0328/Down/Index/index.html
NOTIC: D方法实例化没找到模型类Common\Model\ResourceModel
NOTIC: D方法实例化没找到模型类Common\Model\ResourceTypeModel

[ 2016-05-02T19:09:47+08:00 ] ::1 /onlineen0328/Down/Index/index.html
NOTIC: D方法实例化没找到模型类Common\Model\ResourceModel
NOTIC: D方法实例化没找到模型类Common\Model\ResourceTypeModel

[ 2016-05-02T19:09:53+08:00 ] ::1 /onlineen0328/Down/Index/index.html
NOTIC: D方法实例化没找到模型类Common\Model\ResourceModel
NOTIC: D方法实例化没找到模型类Common\Model\ResourceTypeModel

[ 2016-05-02T19:09:58+08:00 ] ::1 /onlineen0328/Down/Index/index.html
NOTIC: D方法实例化没找到模型类Common\Model\ResourceModel
NOTIC: D方法实例化没找到模型类Common\Model\ResourceTypeModel

[ 2016-05-02T19:10:28+08:00 ] ::1 /onlineen0328/Down/Index/index.html
NOTIC: D方法实例化没找到模型类Common\Model\ResourceModel
NOTIC: D方法实例化没找到模型类Common\Model\ResourceTypeModel

[ 2016-05-02T19:11:39+08:00 ] ::1 /onlineen0328/Down/Index/index.html
NOTIC: D方法实例化没找到模型类Common\Model\ResourceModel
NOTIC: D方法实例化没找到模型类Common\Model\ResourceTypeModel

[ 2016-05-02T19:11:52+08:00 ] ::1 /onlineen0328/Down/Index/resourcedetail/id/8.html
NOTIC: D方法实例化没找到模型类Common\Model\ResourceModel
NOTIC: D方法实例化没找到模型类Common\Model\ResourceTypeModel

[ 2016-05-02T19:12:22+08:00 ] ::1 /onlineen0328/Down/Index/resourcedetail/id/8.html
NOTIC: D方法实例化没找到模型类Common\Model\ResourceModel
NOTIC: D方法实例化没找到模型类Common\Model\ResourceTypeModel

[ 2016-05-02T19:12:45+08:00 ] ::1 /onlineen0328/Down/Index/index.html
NOTIC: D方法实例化没找到模型类Common\Model\ResourceModel
NOTIC: D方法实例化没找到模型类Common\Model\ResourceTypeModel

[ 2016-05-02T19:12:55+08:00 ] ::1 /onlineen0328/Down/Index/resourcedetail/id/21.html
NOTIC: D方法实例化没找到模型类Common\Model\ResourceModel
NOTIC: D方法实例化没找到模型类Common\Model\ResourceTypeModel

[ 2016-05-02T19:13:19+08:00 ] ::1 /onlineen0328/Down/Index/typelist/id/3.html
NOTIC: D方法实例化没找到模型类Common\Model\ResourceModel
NOTIC: D方法实例化没找到模型类Common\Model\ResourceTypeModel

[ 2016-05-02T19:13:21+08:00 ] ::1 /onlineen0328/Down/Index/index.html
NOTIC: D方法实例化没找到模型类Common\Model\ResourceModel
NOTIC: D方法实例化没找到模型类Common\Model\ResourceTypeModel

[ 2016-05-02T19:13:53+08:00 ] ::1 /onlineen0328/Down/Index/index.html
NOTIC: D方法实例化没找到模型类Common\Model\ResourceModel
NOTIC: D方法实例化没找到模型类Common\Model\ResourceTypeModel

[ 2016-05-02T19:13:56+08:00 ] ::1 /onlineen0328/Down/Index/typelist/id/2.html
NOTIC: D方法实例化没找到模型类Common\Model\ResourceModel
NOTIC: D方法实例化没找到模型类Common\Model\ResourceTypeModel

[ 2016-05-02T19:13:59+08:00 ] ::1 /onlineen0328/Down/Index/typelist/id/2/p/2.html
NOTIC: D方法实例化没找到模型类Common\Model\ResourceModel
NOTIC: D方法实例化没找到模型类Common\Model\ResourceTypeModel

[ 2016-05-02T19:14:07+08:00 ] ::1 /onlineen0328/Down/Index/typelist/id/2.html
NOTIC: D方法实例化没找到模型类Common\Model\ResourceModel
NOTIC: D方法实例化没找到模型类Common\Model\ResourceTypeModel

[ 2016-05-02T19:14:10+08:00 ] ::1 /onlineen0328/Down/Index/typelist/id/2/p/2.html
NOTIC: D方法实例化没找到模型类Common\Model\ResourceModel
NOTIC: D方法实例化没找到模型类Common\Model\ResourceTypeModel

[ 2016-05-02T19:14:14+08:00 ] ::1 /onlineen0328/Down/Index/resourcedetail/id/4.html
NOTIC: D方法实例化没找到模型类Common\Model\ResourceModel
NOTIC: D方法实例化没找到模型类Common\Model\ResourceTypeModel

[ 2016-05-02T19:14:21+08:00 ] ::1 /onlineen0328/Down/Index/downdetail/id/4.html
NOTIC: D方法实例化没找到模型类Common\Model\ResourceModel
NOTIC: D方法实例化没找到模型类Common\Model\ResourceTypeModel

[ 2016-05-02T19:14:42+08:00 ] ::1 /onlineen0328/Down/Index/index.html
NOTIC: D方法实例化没找到模型类Common\Model\ResourceModel
NOTIC: D方法实例化没找到模型类Common\Model\ResourceTypeModel

[ 2016-05-02T19:18:37+08:00 ] ::1 /onlineen0328/Down/Index/index.html
NOTIC: D方法实例化没找到模型类Common\Model\ResourceModel
NOTIC: D方法实例化没找到模型类Common\Model\ResourceTypeModel

[ 2016-05-02T19:26:37+08:00 ] ::1 /onlineen0328/Down/Index/index.html
NOTIC: D方法实例化没找到模型类Common\Model\ResourceModel
NOTIC: D方法实例化没找到模型类Common\Model\ResourceTypeModel

