[ 2016-04-11T17:20:55+08:00 ] ::1 /onlineen0328/index.php?g=Admin&m=setting&a=site_post
INFO: [ app_begin ] --START--
INFO: Run Behavior\ReadHtmlCacheBehavior [ RunTime:0.001450s ]
INFO: Run Behavior\CheckLangBehavior [ RunTime:0.003993s ]
INFO: [ app_begin ] --END-- [ RunTime:0.006690s ]
SQL: SHOW COLUMNS FROM `on_users` [ RunTime:0.0012s ]
SQL: SELECT * FROM `on_users` WHERE ( id=1 ) LIMIT 1   [ RunTime:0.0005s ]
SQL: SHOW COLUMNS FROM `on_options` [ RunTime:0.0014s ]
SQL: SELECT * FROM `on_options` WHERE ( option_name='site_options' ) LIMIT 1   [ RunTime:0.0006s ]
SQL: UPDATE `on_options` SET `option_id`='2',`option_name`='site_options',`option_value`='{\"site_name\":\"\\u82f1\\u8bed\\u5728\\u7ebf\",\"site_host\":\"http:\\/\\/127.0.0.1:8088\\/onlineennew\\/\",\"site_tpl\":\"onlineenweb\",\"site_adminstyle\":\"bluesky\",\"site_icp\":\"\",\"site_admin_email\":\"937768649@qq.com\",\"site_tongji\":\"\",\"site_copyright\":\"\",\"site_seo_title\":\"ThinkCMF\\u5185\\u5bb9\\u7ba1\\u7406\\u6846\\u67b6\",\"site_seo_keywords\":\"\",\"site_seo_description\":\"ThinkCMF\\u662f\\u7b80\\u7ea6\\u98ce\\u7f51\\u7edc\\u79d1\\u6280\\u53d1\\u5e03\\u7684\\u4e00\\u6b3e\\u7528\\u4e8e\\u5feb\\u901f\\u5f00\\u53d1\\u7684\\u5185\\u5bb9\\u7ba1\\u7406\\u6846\\u67b6\",\"urlmode\":\"0\",\"html_suffix\":\"\",\"comment_time_interval\":60}' WHERE ( option_name='site_options' ) [ RunTime:0.0007s ]
SQL: SHOW COLUMNS FROM `on_options` [ RunTime:0.0013s ]
SQL: SELECT * FROM `on_options` WHERE ( option_name='cmf_settings' ) LIMIT 1   [ RunTime:0.0006s ]
SQL: UPDATE `on_options` SET `option_name`='cmf_settings',`option_value`='{\"banned_usernames\":\"\"}' WHERE ( option_name='cmf_settings' ) [ RunTime:0.0005s ]

[ 2016-04-11T17:21:00+08:00 ] ::1 /onlineen0328/index.php?g=Admin&m=Adddata&a=addresource&menuid=163
NOTIC: D方法实例化没找到模型类Common\Model\ResourceModel
NOTIC: D方法实例化没找到模型类Common\Model\ResourceTypeModel

[ 2016-04-11T18:43:38+08:00 ] ::1 /onlineen0328/index.php?g=Admin&m=Adddata&a=addresource&menuid=163
NOTIC: D方法实例化没找到模型类Common\Model\ResourceModel
NOTIC: D方法实例化没找到模型类Common\Model\ResourceTypeModel

[ 2016-04-11T18:44:45+08:00 ] ::1 /onlineen0328/index.php?g=Admin&m=Adddata&a=addresource&menuid=163
NOTIC: D方法实例化没找到模型类Common\Model\ResourceModel
NOTIC: D方法实例化没找到模型类Common\Model\ResourceTypeModel

[ 2016-04-11T18:45:08+08:00 ] ::1 /onlineen0328/index.php?g=Admin&m=Adddata&a=addresource&menuid=163
NOTIC: D方法实例化没找到模型类Common\Model\ResourceModel
NOTIC: D方法实例化没找到模型类Common\Model\ResourceTypeModel

[ 2016-04-11T18:48:07+08:00 ] ::1 /onlineen0328/index.php?g=Admin&m=Adddata&a=addresource&menuid=163
NOTIC: D方法实例化没找到模型类Common\Model\ResourceModel
NOTIC: D方法实例化没找到模型类Common\Model\ResourceTypeModel

[ 2016-04-11T18:48:08+08:00 ] ::1 /onlineen0328/index.php?g=Admin&m=Adddata&a=addresource&menuid=163
NOTIC: D方法实例化没找到模型类Common\Model\ResourceModel
NOTIC: D方法实例化没找到模型类Common\Model\ResourceTypeModel

[ 2016-04-11T18:48:28+08:00 ] ::1 /onlineen0328/index.php?g=Admin&m=Adddata&a=addresource&menuid=163
NOTIC: D方法实例化没找到模型类Common\Model\ResourceModel
NOTIC: D方法实例化没找到模型类Common\Model\ResourceTypeModel

[ 2016-04-11T18:49:12+08:00 ] ::1 /onlineen0328/index.php?g=Admin&m=Adddata&a=addresource&menuid=163
NOTIC: D方法实例化没找到模型类Common\Model\ResourceModel
NOTIC: D方法实例化没找到模型类Common\Model\ResourceTypeModel

[ 2016-04-11T18:49:23+08:00 ] ::1 /onlineen0328/index.php?g=Admin&m=Adddata&a=addresource&menuid=163
NOTIC: D方法实例化没找到模型类Common\Model\ResourceModel
NOTIC: D方法实例化没找到模型类Common\Model\ResourceTypeModel

[ 2016-04-11T18:49:24+08:00 ] ::1 /onlineen0328/index.php?g=Admin&m=Adddata&a=addresource&menuid=163
NOTIC: D方法实例化没找到模型类Common\Model\ResourceModel
NOTIC: D方法实例化没找到模型类Common\Model\ResourceTypeModel

[ 2016-04-11T18:49:51+08:00 ] ::1 /onlineen0328/index.php?g=Admin&m=Adddata&a=addresource&menuid=163
NOTIC: D方法实例化没找到模型类Common\Model\ResourceModel
NOTIC: D方法实例化没找到模型类Common\Model\ResourceTypeModel

[ 2016-04-11T18:49:57+08:00 ] ::1 /onlineen0328/index.php?g=Admin&m=Adddata&a=adddata_post
NOTIC: D方法实例化没找到模型类Common\Model\ResourceModel
NOTIC: D方法实例化没找到模型类Common\Model\ResourceTypeModel

[ 2016-04-11T18:50:14+08:00 ] ::1 /onlineen0328/index.php?g=Admin&m=Adddata&a=addresource&menuid=163
NOTIC: D方法实例化没找到模型类Common\Model\ResourceModel
NOTIC: D方法实例化没找到模型类Common\Model\ResourceTypeModel

[ 2016-04-11T18:50:17+08:00 ] ::1 /onlineen0328/index.php?g=Admin&m=Adddata&a=adddata_post
NOTIC: D方法实例化没找到模型类Common\Model\ResourceModel
NOTIC: D方法实例化没找到模型类Common\Model\ResourceTypeModel

[ 2016-04-11T18:50:28+08:00 ] ::1 /onlineen0328/index.php?g=Admin&m=Adddata&a=adddata_post
NOTIC: D方法实例化没找到模型类Common\Model\ResourceModel
NOTIC: D方法实例化没找到模型类Common\Model\ResourceTypeModel

[ 2016-04-11T18:50:40+08:00 ] ::1 /onlineen0328/index.php?g=Admin&m=Adddata&a=adddata_post
NOTIC: D方法实例化没找到模型类Common\Model\ResourceModel
NOTIC: D方法实例化没找到模型类Common\Model\ResourceTypeModel

[ 2016-04-11T18:51:05+08:00 ] ::1 /onlineen0328/index.php?g=Admin&m=Adddata&a=addresource&menuid=163
NOTIC: D方法实例化没找到模型类Common\Model\ResourceModel
NOTIC: D方法实例化没找到模型类Common\Model\ResourceTypeModel

[ 2016-04-11T18:51:09+08:00 ] ::1 /onlineen0328/index.php?g=Admin&m=Adddata&a=adddata_post
NOTIC: D方法实例化没找到模型类Common\Model\ResourceModel
NOTIC: D方法实例化没找到模型类Common\Model\ResourceTypeModel

[ 2016-04-11T18:51:17+08:00 ] ::1 /onlineen0328/index.php?g=Admin&m=Adddata&a=adddata_post
NOTIC: D方法实例化没找到模型类Common\Model\ResourceModel
NOTIC: D方法实例化没找到模型类Common\Model\ResourceTypeModel

[ 2016-04-11T18:52:01+08:00 ] ::1 /onlineen0328/index.php?g=Admin&m=Adddata&a=addresource&menuid=163
NOTIC: D方法实例化没找到模型类Common\Model\ResourceModel
NOTIC: D方法实例化没找到模型类Common\Model\ResourceTypeModel

[ 2016-04-11T18:52:09+08:00 ] ::1 /onlineen0328/index.php?g=Admin&m=Adddata&a=adddata_post
NOTIC: D方法实例化没找到模型类Common\Model\ResourceModel
NOTIC: D方法实例化没找到模型类Common\Model\ResourceTypeModel

[ 2016-04-11T18:52:28+08:00 ] ::1 /onlineen0328/index.php?g=Admin&m=Adddata&a=addresource&menuid=163
NOTIC: D方法实例化没找到模型类Common\Model\ResourceModel
NOTIC: D方法实例化没找到模型类Common\Model\ResourceTypeModel

[ 2016-04-11T18:53:48+08:00 ] ::1 /onlineen0328/index.php?g=Admin&m=Adddata&a=addresource&menuid=163
NOTIC: D方法实例化没找到模型类Common\Model\ResourceModel
NOTIC: D方法实例化没找到模型类Common\Model\ResourceTypeModel

[ 2016-04-11T18:53:55+08:00 ] ::1 /onlineen0328/index.php?g=Admin&m=Adddata&a=adddata_post
NOTIC: D方法实例化没找到模型类Common\Model\ResourceModel
NOTIC: D方法实例化没找到模型类Common\Model\ResourceTypeModel

[ 2016-04-11T18:55:03+08:00 ] ::1 /onlineen0328/index.php?g=Admin&m=Adddata&a=addresource&menuid=163
NOTIC: D方法实例化没找到模型类Common\Model\ResourceModel
NOTIC: D方法实例化没找到模型类Common\Model\ResourceTypeModel

[ 2016-04-11T18:55:07+08:00 ] ::1 /onlineen0328/index.php?g=Admin&m=Adddata&a=adddata_post
NOTIC: D方法实例化没找到模型类Common\Model\ResourceModel
NOTIC: D方法实例化没找到模型类Common\Model\ResourceTypeModel

[ 2016-04-11T18:55:22+08:00 ] ::1 /onlineen0328/index.php?g=Admin&m=Adddata&a=addresource&menuid=163
NOTIC: D方法实例化没找到模型类Common\Model\ResourceModel
NOTIC: D方法实例化没找到模型类Common\Model\ResourceTypeModel

[ 2016-04-11T18:55:26+08:00 ] ::1 /onlineen0328/index.php?g=Admin&m=Adddata&a=adddata_post
NOTIC: D方法实例化没找到模型类Common\Model\ResourceModel
NOTIC: D方法实例化没找到模型类Common\Model\ResourceTypeModel

[ 2016-04-11T18:55:33+08:00 ] ::1 /onlineen0328/index.php?g=Admin&m=Adddata&a=adddata_post
NOTIC: D方法实例化没找到模型类Common\Model\ResourceModel
NOTIC: D方法实例化没找到模型类Common\Model\ResourceTypeModel

[ 2016-04-11T18:56:42+08:00 ] ::1 /onlineen0328/index.php?g=Admin&m=Adddata&a=addresource&menuid=163
NOTIC: D方法实例化没找到模型类Common\Model\ResourceModel
NOTIC: D方法实例化没找到模型类Common\Model\ResourceTypeModel

[ 2016-04-11T18:56:46+08:00 ] ::1 /onlineen0328/index.php?g=Admin&m=Adddata&a=adddata_post
NOTIC: D方法实例化没找到模型类Common\Model\ResourceModel
NOTIC: D方法实例化没找到模型类Common\Model\ResourceTypeModel

[ 2016-04-11T18:57:46+08:00 ] ::1 /onlineen0328/index.php?g=Admin&m=Adddata&a=addresource&menuid=163
NOTIC: D方法实例化没找到模型类Common\Model\ResourceModel
NOTIC: D方法实例化没找到模型类Common\Model\ResourceTypeModel

[ 2016-04-11T18:57:49+08:00 ] ::1 /onlineen0328/index.php?g=Admin&m=Adddata&a=adddata_post
NOTIC: D方法实例化没找到模型类Common\Model\ResourceModel
NOTIC: D方法实例化没找到模型类Common\Model\ResourceTypeModel

[ 2016-04-11T18:58:24+08:00 ] ::1 /onlineen0328/index.php?g=Admin&m=Adddata&a=addresource&menuid=163
NOTIC: D方法实例化没找到模型类Common\Model\ResourceModel
NOTIC: D方法实例化没找到模型类Common\Model\ResourceTypeModel

[ 2016-04-11T19:04:09+08:00 ] ::1 /onlineen0328/index.php?g=Admin&m=Adddata&a=addresource&menuid=163
NOTIC: D方法实例化没找到模型类Common\Model\ResourceModel
NOTIC: D方法实例化没找到模型类Common\Model\ResourceTypeModel

[ 2016-04-11T19:04:12+08:00 ] ::1 /onlineen0328/index.php?g=Admin&m=Adddata&a=cover_post
NOTIC: D方法实例化没找到模型类Common\Model\ResourceModel
NOTIC: D方法实例化没找到模型类Common\Model\ResourceTypeModel

[ 2016-04-11T19:08:24+08:00 ] ::1 /onlineen0328/index.php?g=Admin&m=Adddata&a=addresource&menuid=163
NOTIC: D方法实例化没找到模型类Common\Model\ResourceModel
NOTIC: D方法实例化没找到模型类Common\Model\ResourceTypeModel

[ 2016-04-11T19:08:32+08:00 ] ::1 /onlineen0328/index.php?g=Admin&m=Adddata&a=cover_post
NOTIC: D方法实例化没找到模型类Common\Model\ResourceModel
NOTIC: D方法实例化没找到模型类Common\Model\ResourceTypeModel
ERR: Think\Controller:format_ret方法不存在！

[ 2016-04-11T19:09:10+08:00 ] ::1 /onlineen0328/index.php?g=Admin&m=Adddata&a=cover_post
NOTIC: D方法实例化没找到模型类Common\Model\ResourceModel
NOTIC: D方法实例化没找到模型类Common\Model\ResourceTypeModel

[ 2016-04-11T19:09:53+08:00 ] ::1 /onlineen0328/index.php?g=Admin&m=Adddata&a=cover_post
NOTIC: D方法实例化没找到模型类Common\Model\ResourceModel
NOTIC: D方法实例化没找到模型类Common\Model\ResourceTypeModel

[ 2016-04-11T19:10:21+08:00 ] ::1 /onlineen0328/index.php?g=Admin&m=Adddata&a=cover_post
NOTIC: D方法实例化没找到模型类Common\Model\ResourceModel
NOTIC: D方法实例化没找到模型类Common\Model\ResourceTypeModel

[ 2016-04-11T19:10:31+08:00 ] ::1 /onlineen0328/index.php?g=Admin&m=Adddata&a=cover_post
NOTIC: D方法实例化没找到模型类Common\Model\ResourceModel
NOTIC: D方法实例化没找到模型类Common\Model\ResourceTypeModel

[ 2016-04-11T19:10:32+08:00 ] ::1 /onlineen0328/index.php?g=Admin&m=Adddata&a=cover_post
NOTIC: D方法实例化没找到模型类Common\Model\ResourceModel
NOTIC: D方法实例化没找到模型类Common\Model\ResourceTypeModel

[ 2016-04-11T19:16:31+08:00 ] ::1 /onlineen0328/index.php?g=Admin&m=Adddata&a=cover_post
NOTIC: D方法实例化没找到模型类Common\Model\ResourceModel
NOTIC: D方法实例化没找到模型类Common\Model\ResourceTypeModel

[ 2016-04-11T19:16:35+08:00 ] ::1 /onlineen0328/index.php?g=Admin&m=Adddata&a=addresource&menuid=163
NOTIC: D方法实例化没找到模型类Common\Model\ResourceModel
NOTIC: D方法实例化没找到模型类Common\Model\ResourceTypeModel

[ 2016-04-11T19:16:41+08:00 ] ::1 /onlineen0328/index.php?g=Admin&m=Adddata&a=cover_post
NOTIC: D方法实例化没找到模型类Common\Model\ResourceModel
NOTIC: D方法实例化没找到模型类Common\Model\ResourceTypeModel

[ 2016-04-11T19:17:11+08:00 ] ::1 /onlineen0328/index.php?g=Admin&m=Adddata&a=cover_post
NOTIC: D方法实例化没找到模型类Common\Model\ResourceModel
NOTIC: D方法实例化没找到模型类Common\Model\ResourceTypeModel

[ 2016-04-11T19:17:15+08:00 ] ::1 /onlineen0328/index.php?g=Admin&m=Adddata&a=addresource&menuid=163
NOTIC: D方法实例化没找到模型类Common\Model\ResourceModel
NOTIC: D方法实例化没找到模型类Common\Model\ResourceTypeModel

[ 2016-04-11T19:17:22+08:00 ] ::1 /onlineen0328/index.php?g=Admin&m=Adddata&a=cover_post
NOTIC: D方法实例化没找到模型类Common\Model\ResourceModel
NOTIC: D方法实例化没找到模型类Common\Model\ResourceTypeModel

[ 2016-04-11T19:17:37+08:00 ] ::1 /onlineen0328/index.php?g=Admin&m=Adddata&a=cover_post
NOTIC: D方法实例化没找到模型类Common\Model\ResourceModel
NOTIC: D方法实例化没找到模型类Common\Model\ResourceTypeModel

[ 2016-04-11T19:18:24+08:00 ] ::1 /onlineen0328/index.php?g=Admin&m=Adddata&a=cover_post
NOTIC: D方法实例化没找到模型类Common\Model\ResourceModel
NOTIC: D方法实例化没找到模型类Common\Model\ResourceTypeModel

[ 2016-04-11T19:18:53+08:00 ] ::1 /onlineen0328/index.php?g=Admin&m=Adddata&a=cover_post
NOTIC: D方法实例化没找到模型类Common\Model\ResourceModel
NOTIC: D方法实例化没找到模型类Common\Model\ResourceTypeModel

[ 2016-04-11T19:55:58+08:00 ] ::1 /onlineen0328/index.php?g=Admin&m=Adddata&a=cover_post
NOTIC: D方法实例化没找到模型类Common\Model\ResourceModel
NOTIC: D方法实例化没找到模型类Common\Model\ResourceTypeModel

[ 2016-04-11T19:56:01+08:00 ] ::1 /onlineen0328/index.php?g=Admin&m=Adddata&a=addresource&menuid=163
NOTIC: D方法实例化没找到模型类Common\Model\ResourceModel
NOTIC: D方法实例化没找到模型类Common\Model\ResourceTypeModel

[ 2016-04-11T19:56:11+08:00 ] ::1 /onlineen0328/index.php?g=Admin&m=Adddata&a=cover_post
NOTIC: D方法实例化没找到模型类Common\Model\ResourceModel
NOTIC: D方法实例化没找到模型类Common\Model\ResourceTypeModel

[ 2016-04-11T19:59:52+08:00 ] ::1 /onlineen0328/index.php?g=Admin&m=Adddata&a=resourcelist&menuid=164
NOTIC: D方法实例化没找到模型类Common\Model\ResourceModel
NOTIC: D方法实例化没找到模型类Common\Model\ResourceTypeModel

[ 2016-04-11T20:01:52+08:00 ] ::1 /onlineen0328/index.php?g=Admin&m=Adddata&a=resourcelist&menuid=164
NOTIC: D方法实例化没找到模型类Common\Model\ResourceModel
NOTIC: D方法实例化没找到模型类Common\Model\ResourceTypeModel

[ 2016-04-11T20:02:44+08:00 ] ::1 /onlineen0328/index.php?g=Admin&m=Adddata&a=resourcelist&menuid=164
NOTIC: D方法实例化没找到模型类Common\Model\ResourceModel
NOTIC: D方法实例化没找到模型类Common\Model\ResourceTypeModel

[ 2016-04-11T20:04:30+08:00 ] ::1 /onlineen0328/index.php?g=Admin&m=Adddata&a=resourcelist&menuid=164
NOTIC: D方法实例化没找到模型类Common\Model\ResourceModel
NOTIC: D方法实例化没找到模型类Common\Model\ResourceTypeModel

[ 2016-04-11T20:04:43+08:00 ] ::1 /onlineen0328/index.php?g=Admin&m=Adddata&a=resourcelist&menuid=164
NOTIC: D方法实例化没找到模型类Common\Model\ResourceModel
NOTIC: D方法实例化没找到模型类Common\Model\ResourceTypeModel

[ 2016-04-11T20:05:02+08:00 ] ::1 /onlineen0328/index.php?g=Admin&m=Adddata&a=resourcelist&menuid=164
NOTIC: D方法实例化没找到模型类Common\Model\ResourceModel
NOTIC: D方法实例化没找到模型类Common\Model\ResourceTypeModel

[ 2016-04-11T20:05:06+08:00 ] ::1 /onlineen0328/index.php?g=Admin&m=Adddata&a=addresource&menuid=163
NOTIC: D方法实例化没找到模型类Common\Model\ResourceModel
NOTIC: D方法实例化没找到模型类Common\Model\ResourceTypeModel

[ 2016-04-11T20:05:12+08:00 ] ::1 /onlineen0328/index.php?g=Admin&m=Adddata&a=cover_post
NOTIC: D方法实例化没找到模型类Common\Model\ResourceModel
NOTIC: D方法实例化没找到模型类Common\Model\ResourceTypeModel

[ 2016-04-11T20:14:47+08:00 ] ::1 /onlineen0328/index.php?g=Admin&m=Adddata&a=resourcelist&menuid=164
NOTIC: D方法实例化没找到模型类Common\Model\ResourceModel
NOTIC: D方法实例化没找到模型类Common\Model\ResourceTypeModel

[ 2016-04-11T20:15:30+08:00 ] ::1 /onlineen0328/index.php?g=Admin&m=Adddata&a=resourcelist&menuid=164
NOTIC: D方法实例化没找到模型类Common\Model\ResourceModel
NOTIC: D方法实例化没找到模型类Common\Model\ResourceTypeModel

[ 2016-04-11T20:16:18+08:00 ] ::1 /onlineen0328/index.php?g=Admin&m=Adddata&a=resourcelist&menuid=164
NOTIC: D方法实例化没找到模型类Common\Model\ResourceModel
NOTIC: D方法实例化没找到模型类Common\Model\ResourceTypeModel

[ 2016-04-11T20:16:26+08:00 ] ::1 /onlineen0328/index.php?g=Admin&m=Adddata&a=resourcelist&menuid=164
NOTIC: D方法实例化没找到模型类Common\Model\ResourceModel
NOTIC: D方法实例化没找到模型类Common\Model\ResourceTypeModel

[ 2016-04-11T20:16:51+08:00 ] ::1 /onlineen0328/index.php?g=Admin&m=Adddata&a=addresource&menuid=163
NOTIC: D方法实例化没找到模型类Common\Model\ResourceModel
NOTIC: D方法实例化没找到模型类Common\Model\ResourceTypeModel

[ 2016-04-11T20:21:00+08:00 ] ::1 /onlineen0328/index.php?g=Admin&m=Adddata&a=resourcelist&menuid=164
NOTIC: D方法实例化没找到模型类Common\Model\ResourceModel
NOTIC: D方法实例化没找到模型类Common\Model\ResourceTypeModel

[ 2016-04-11T20:21:15+08:00 ] ::1 /onlineen0328/index.php?g=Admin&m=Adddata&a=resourcelist&menuid=164
NOTIC: D方法实例化没找到模型类Common\Model\ResourceModel
NOTIC: D方法实例化没找到模型类Common\Model\ResourceTypeModel

[ 2016-04-11T20:22:18+08:00 ] ::1 /onlineen0328/index.php?g=Admin&m=Adddata&a=addresource&menuid=163
NOTIC: D方法实例化没找到模型类Common\Model\ResourceModel
NOTIC: D方法实例化没找到模型类Common\Model\ResourceTypeModel

[ 2016-04-11T20:22:23+08:00 ] ::1 /onlineen0328/index.php?g=Admin&m=Adddata&a=cover_post
NOTIC: D方法实例化没找到模型类Common\Model\ResourceModel
NOTIC: D方法实例化没找到模型类Common\Model\ResourceTypeModel

[ 2016-04-11T20:31:35+08:00 ] ::1 /onlineen0328/index.php?g=Admin&m=Adddata&a=cover_post
NOTIC: D方法实例化没找到模型类Common\Model\ResourceModel
NOTIC: D方法实例化没找到模型类Common\Model\ResourceTypeModel

[ 2016-04-11T20:32:11+08:00 ] ::1 /onlineen0328/index.php?g=Admin&m=Adddata&a=cover_post
NOTIC: D方法实例化没找到模型类Common\Model\ResourceModel
NOTIC: D方法实例化没找到模型类Common\Model\ResourceTypeModel

[ 2016-04-11T20:32:37+08:00 ] ::1 /onlineen0328/index.php?g=Admin&m=Adddata&a=cover_post
NOTIC: D方法实例化没找到模型类Common\Model\ResourceModel
NOTIC: D方法实例化没找到模型类Common\Model\ResourceTypeModel

[ 2016-04-11T20:32:44+08:00 ] ::1 /onlineen0328/index.php?g=Admin&m=Adddata&a=cover_post
NOTIC: D方法实例化没找到模型类Common\Model\ResourceModel
NOTIC: D方法实例化没找到模型类Common\Model\ResourceTypeModel

[ 2016-04-11T20:33:11+08:00 ] ::1 /onlineen0328/index.php?g=Admin&m=Adddata&a=cover_post
NOTIC: D方法实例化没找到模型类Common\Model\ResourceModel
NOTIC: D方法实例化没找到模型类Common\Model\ResourceTypeModel

[ 2016-04-11T20:33:33+08:00 ] ::1 /onlineen0328/index.php?g=Admin&m=Adddata&a=cover_post
NOTIC: D方法实例化没找到模型类Common\Model\ResourceModel
NOTIC: D方法实例化没找到模型类Common\Model\ResourceTypeModel

[ 2016-04-11T20:33:58+08:00 ] ::1 /onlineen0328/index.php?g=Admin&m=Adddata&a=cover_post
NOTIC: D方法实例化没找到模型类Common\Model\ResourceModel
NOTIC: D方法实例化没找到模型类Common\Model\ResourceTypeModel

[ 2016-04-11T20:35:06+08:00 ] ::1 /onlineen0328/index.php?g=Admin&m=Adddata&a=cover_post
NOTIC: D方法实例化没找到模型类Common\Model\ResourceModel
NOTIC: D方法实例化没找到模型类Common\Model\ResourceTypeModel

[ 2016-04-11T20:35:18+08:00 ] ::1 /onlineen0328/index.php?g=Admin&m=Adddata&a=cover_post
NOTIC: D方法实例化没找到模型类Common\Model\ResourceModel
NOTIC: D方法实例化没找到模型类Common\Model\ResourceTypeModel

[ 2016-04-11T20:35:26+08:00 ] ::1 /onlineen0328/index.php?g=Admin&m=Adddata&a=cover_post
NOTIC: D方法实例化没找到模型类Common\Model\ResourceModel
NOTIC: D方法实例化没找到模型类Common\Model\ResourceTypeModel

[ 2016-04-11T20:35:32+08:00 ] ::1 /onlineen0328/index.php?g=Admin&m=Adddata&a=cover_post
NOTIC: D方法实例化没找到模型类Common\Model\ResourceModel
NOTIC: D方法实例化没找到模型类Common\Model\ResourceTypeModel

[ 2016-04-11T20:35:53+08:00 ] ::1 /onlineen0328/index.php?g=Admin&m=Adddata&a=cover_post
NOTIC: D方法实例化没找到模型类Common\Model\ResourceModel
NOTIC: D方法实例化没找到模型类Common\Model\ResourceTypeModel

[ 2016-04-11T20:36:14+08:00 ] ::1 /onlineen0328/index.php?g=Admin&m=Adddata&a=cover_post
NOTIC: D方法实例化没找到模型类Common\Model\ResourceModel
NOTIC: D方法实例化没找到模型类Common\Model\ResourceTypeModel

[ 2016-04-11T20:36:33+08:00 ] ::1 /onlineen0328/index.php?g=Admin&m=Adddata&a=cover_post
NOTIC: D方法实例化没找到模型类Common\Model\ResourceModel
NOTIC: D方法实例化没找到模型类Common\Model\ResourceTypeModel

[ 2016-04-11T20:37:23+08:00 ] ::1 /onlineen0328/index.php?g=Admin&m=Adddata&a=cover_post
NOTIC: D方法实例化没找到模型类Common\Model\ResourceModel
NOTIC: D方法实例化没找到模型类Common\Model\ResourceTypeModel

[ 2016-04-11T20:37:46+08:00 ] ::1 /onlineen0328/index.php?g=Admin&m=Adddata&a=cover_post
NOTIC: D方法实例化没找到模型类Common\Model\ResourceModel
NOTIC: D方法实例化没找到模型类Common\Model\ResourceTypeModel

[ 2016-04-11T20:38:43+08:00 ] ::1 /onlineen0328/index.php?g=Admin&m=Adddata&a=addresource&menuid=163
NOTIC: D方法实例化没找到模型类Common\Model\ResourceModel
NOTIC: D方法实例化没找到模型类Common\Model\ResourceTypeModel

[ 2016-04-11T20:38:50+08:00 ] ::1 /onlineen0328/index.php?g=Admin&m=Adddata&a=cover_post
NOTIC: D方法实例化没找到模型类Common\Model\ResourceModel
NOTIC: D方法实例化没找到模型类Common\Model\ResourceTypeModel

[ 2016-04-11T20:41:49+08:00 ] ::1 /onlineen0328/index.php?g=Admin&m=Adddata&a=cover_post
NOTIC: D方法实例化没找到模型类Common\Model\ResourceModel
NOTIC: D方法实例化没找到模型类Common\Model\ResourceTypeModel

[ 2016-04-11T20:41:52+08:00 ] ::1 /onlineen0328/index.php?g=Admin&m=Adddata&a=resourcelist&menuid=164
NOTIC: D方法实例化没找到模型类Common\Model\ResourceModel
NOTIC: D方法实例化没找到模型类Common\Model\ResourceTypeModel

[ 2016-04-11T20:41:53+08:00 ] ::1 /onlineen0328/index.php?g=Admin&m=Adddata&a=addresource&menuid=163
NOTIC: D方法实例化没找到模型类Common\Model\ResourceModel
NOTIC: D方法实例化没找到模型类Common\Model\ResourceTypeModel

[ 2016-04-11T20:41:59+08:00 ] ::1 /onlineen0328/index.php?g=Admin&m=Adddata&a=cover_post
NOTIC: D方法实例化没找到模型类Common\Model\ResourceModel
NOTIC: D方法实例化没找到模型类Common\Model\ResourceTypeModel

[ 2016-04-11T20:42:04+08:00 ] ::1 /onlineen0328/index.php?g=Admin&m=Adddata&a=cover_post
NOTIC: D方法实例化没找到模型类Common\Model\ResourceModel
NOTIC: D方法实例化没找到模型类Common\Model\ResourceTypeModel

[ 2016-04-11T20:42:13+08:00 ] ::1 /onlineen0328/index.php?g=Admin&m=Adddata&a=addresource&menuid=163
NOTIC: D方法实例化没找到模型类Common\Model\ResourceModel
NOTIC: D方法实例化没找到模型类Common\Model\ResourceTypeModel

[ 2016-04-11T20:42:31+08:00 ] ::1 /onlineen0328/index.php?g=Admin&m=Adddata&a=cover_post
NOTIC: D方法实例化没找到模型类Common\Model\ResourceModel
NOTIC: D方法实例化没找到模型类Common\Model\ResourceTypeModel

[ 2016-04-11T20:43:02+08:00 ] ::1 /onlineen0328/index.php?g=Admin&m=Adddata&a=cover_post
NOTIC: D方法实例化没找到模型类Common\Model\ResourceModel
NOTIC: D方法实例化没找到模型类Common\Model\ResourceTypeModel

[ 2016-04-11T20:43:13+08:00 ] ::1 /onlineen0328/index.php?g=Admin&m=Adddata&a=cover_post
NOTIC: D方法实例化没找到模型类Common\Model\ResourceModel
NOTIC: D方法实例化没找到模型类Common\Model\ResourceTypeModel

[ 2016-04-11T20:43:22+08:00 ] ::1 /onlineen0328/index.php?g=Admin&m=public&a=dologin
INFO: [ app_begin ] --START--
INFO: Run Behavior\ReadHtmlCacheBehavior [ RunTime:0.001551s ]
INFO: Run Behavior\CheckLangBehavior [ RunTime:0.003749s ]
INFO: [ app_begin ] --END-- [ RunTime:0.006487s ]
SQL: SHOW COLUMNS FROM `on_users` [ RunTime:0.0010s ]
SQL: SELECT * FROM `on_users` WHERE `user_login` = 'zhaohuawei' LIMIT 1   [ RunTime:0.0005s ]
SQL: SHOW COLUMNS FROM `on_role_user` [ RunTime:0.0008s ]
SQL: SELECT `role_id` FROM on_role_user a INNER JOIN on_role as b on a.role_id =b.id  WHERE `user_id` = '1' AND `status` = 1  [ RunTime:0.0007s ]
SQL: UPDATE `on_users` SET `user_login`='zhaohuawei',`user_pass`='681ab49e8b67d08bff1b954d77ce6816d958314845a1a65c',`user_nicename`='admin',`user_email`='937768649@qq.com',`user_url`='',`avatar`=NULL,`sex`='0',`birthday`=NULL,`signature`=NULL,`last_login_ip`='0.0.0.0',`last_login_time`='2016-04-11 20:43:22',`create_time`='2016-02-24 03:44:51',`user_activation_key`='',`user_status`='1',`score`='0',`user_type`='1' WHERE `id` = '1' [ RunTime:0.0009s ]

[ 2016-04-11T20:43:26+08:00 ] ::1 /onlineen0328/index.php?g=Admin&m=Adddata&a=addresource&menuid=163
NOTIC: D方法实例化没找到模型类Common\Model\ResourceModel
NOTIC: D方法实例化没找到模型类Common\Model\ResourceTypeModel

[ 2016-04-11T20:43:32+08:00 ] ::1 /onlineen0328/index.php?g=Admin&m=Adddata&a=cover_post
NOTIC: D方法实例化没找到模型类Common\Model\ResourceModel
NOTIC: D方法实例化没找到模型类Common\Model\ResourceTypeModel

[ 2016-04-11T20:43:43+08:00 ] ::1 /onlineen0328/index.php?g=Admin&m=Adddata&a=addresource&menuid=163
NOTIC: D方法实例化没找到模型类Common\Model\ResourceModel
NOTIC: D方法实例化没找到模型类Common\Model\ResourceTypeModel

[ 2016-04-11T20:43:47+08:00 ] ::1 /onlineen0328/index.php?g=Admin&m=Adddata&a=cover_post
NOTIC: D方法实例化没找到模型类Common\Model\ResourceModel
NOTIC: D方法实例化没找到模型类Common\Model\ResourceTypeModel

[ 2016-04-11T20:44:51+08:00 ] ::1 /onlineen0328/index.php?g=Admin&m=Adddata&a=addresource&menuid=163
NOTIC: D方法实例化没找到模型类Common\Model\ResourceModel
NOTIC: D方法实例化没找到模型类Common\Model\ResourceTypeModel

[ 2016-04-11T20:44:56+08:00 ] ::1 /onlineen0328/index.php?g=Admin&m=Adddata&a=cover_post
NOTIC: D方法实例化没找到模型类Common\Model\ResourceModel
NOTIC: D方法实例化没找到模型类Common\Model\ResourceTypeModel

[ 2016-04-11T20:45:20+08:00 ] ::1 /onlineen0328/index.php?g=Admin&m=Adddata&a=addresource&menuid=163
NOTIC: D方法实例化没找到模型类Common\Model\ResourceModel
NOTIC: D方法实例化没找到模型类Common\Model\ResourceTypeModel

[ 2016-04-11T20:45:24+08:00 ] ::1 /onlineen0328/index.php?g=Admin&m=Adddata&a=cover_post
NOTIC: D方法实例化没找到模型类Common\Model\ResourceModel
NOTIC: D方法实例化没找到模型类Common\Model\ResourceTypeModel

[ 2016-04-11T20:45:26+08:00 ] ::1 /onlineen0328/index.php?g=Admin&m=Adddata&a=cover_post
NOTIC: D方法实例化没找到模型类Common\Model\ResourceModel
NOTIC: D方法实例化没找到模型类Common\Model\ResourceTypeModel

[ 2016-04-11T20:45:27+08:00 ] ::1 /onlineen0328/index.php?g=Admin&m=Adddata&a=cover_post
NOTIC: D方法实例化没找到模型类Common\Model\ResourceModel
NOTIC: D方法实例化没找到模型类Common\Model\ResourceTypeModel

[ 2016-04-11T20:45:35+08:00 ] ::1 /onlineen0328/index.php?g=Admin&m=Adddata&a=addresource&menuid=163
NOTIC: D方法实例化没找到模型类Common\Model\ResourceModel
NOTIC: D方法实例化没找到模型类Common\Model\ResourceTypeModel

[ 2016-04-11T21:12:30+08:00 ] ::1 /onlineen0328/index.php?g=Admin&m=Adddata&a=resourcelist&menuid=164
NOTIC: D方法实例化没找到模型类Common\Model\ResourceModel
NOTIC: D方法实例化没找到模型类Common\Model\ResourceTypeModel

