[ 2016-04-14T21:40:55+08:00 ] ::1 /onlineen0328/index.php?g=Admin&m=public&a=dologin
INFO: [ app_begin ] --START--
INFO: Run Behavior\ReadHtmlCacheBehavior [ RunTime:0.001334s ]
INFO: Run Behavior\CheckLangBehavior [ RunTime:0.003599s ]
INFO: [ app_begin ] --END-- [ RunTime:0.005795s ]
SQL: SHOW COLUMNS FROM `on_users` [ RunTime:0.0060s ]
SQL: SELECT * FROM `on_users` WHERE `user_login` = 'zhaohuawei' LIMIT 1   [ RunTime:0.0087s ]
SQL: SHOW COLUMNS FROM `on_role_user` [ RunTime:0.0328s ]
SQL: SELECT `role_id` FROM on_role_user a INNER JOIN on_role as b on a.role_id =b.id  WHERE `user_id` = '1' AND `status` = 1  [ RunTime:0.0352s ]
SQL: UPDATE `on_users` SET `user_login`='zhaohuawei',`user_pass`='681ab49e8b67d08bff1b954d77ce6816d958314845a1a65c',`user_nicename`='admin',`user_email`='937768649@qq.com',`user_url`='',`avatar`=NULL,`sex`='0',`birthday`=NULL,`signature`=NULL,`last_login_ip`='0.0.0.0',`last_login_time`='2016-04-14 21:40:55',`create_time`='2016-02-24 03:44:51',`user_activation_key`='',`user_status`='1',`score`='0',`user_type`='1' WHERE `id` = '1' [ RunTime:0.0745s ]

[ 2016-04-14T21:50:23+08:00 ] ::1 /onlineen0328/index.php?g=Admin&m=Menu&a=index&menuid=100
NOTIC: D方法实例化没找到模型类Common\Model\AuthRuleModel

[ 2016-04-14T21:52:29+08:00 ] ::1 /onlineen0328/index.php?g=Admin&m=Adddata&a=addresource&menuid=163
NOTIC: D方法实例化没找到模型类Common\Model\ResourceModel
NOTIC: D方法实例化没找到模型类Common\Model\ResourceTypeModel

[ 2016-04-14T21:52:35+08:00 ] ::1 /onlineen0328/index.php?g=Admin&m=Adddata&a=cover_upload
NOTIC: D方法实例化没找到模型类Common\Model\ResourceModel
NOTIC: D方法实例化没找到模型类Common\Model\ResourceTypeModel

[ 2016-04-14T21:52:38+08:00 ] ::1 /onlineen0328/index.php?g=Admin&m=Adddata&a=addresource&menuid=163
NOTIC: D方法实例化没找到模型类Common\Model\ResourceModel
NOTIC: D方法实例化没找到模型类Common\Model\ResourceTypeModel

[ 2016-04-14T21:52:51+08:00 ] ::1 /onlineen0328/index.php?g=Admin&m=Adddata&a=cover_upload
NOTIC: D方法实例化没找到模型类Common\Model\ResourceModel
NOTIC: D方法实例化没找到模型类Common\Model\ResourceTypeModel

[ 2016-04-14T21:52:54+08:00 ] ::1 /onlineen0328/index.php?g=Admin&m=Adddata&a=addresource&menuid=163
NOTIC: D方法实例化没找到模型类Common\Model\ResourceModel
NOTIC: D方法实例化没找到模型类Common\Model\ResourceTypeModel

[ 2016-04-14T21:53:47+08:00 ] ::1 /onlineen0328/index.php?g=Admin&m=Adddata&a=cover_upload
NOTIC: D方法实例化没找到模型类Common\Model\ResourceModel
NOTIC: D方法实例化没找到模型类Common\Model\ResourceTypeModel

[ 2016-04-14T21:54:01+08:00 ] ::1 /onlineen0328/index.php?g=Admin&m=Adddata&a=cover_upload
NOTIC: D方法实例化没找到模型类Common\Model\ResourceModel
NOTIC: D方法实例化没找到模型类Common\Model\ResourceTypeModel

[ 2016-04-14T21:54:11+08:00 ] ::1 /onlineen0328/index.php?g=Admin&m=Adddata&a=cover_upload
NOTIC: D方法实例化没找到模型类Common\Model\ResourceModel
NOTIC: D方法实例化没找到模型类Common\Model\ResourceTypeModel

[ 2016-04-14T21:54:21+08:00 ] ::1 /onlineen0328/index.php?g=Admin&m=Adddata&a=cover_upload
NOTIC: D方法实例化没找到模型类Common\Model\ResourceModel
NOTIC: D方法实例化没找到模型类Common\Model\ResourceTypeModel

[ 2016-04-14T21:54:23+08:00 ] ::1 /onlineen0328/index.php?g=Admin&m=Adddata&a=addresource&menuid=163
NOTIC: D方法实例化没找到模型类Common\Model\ResourceModel
NOTIC: D方法实例化没找到模型类Common\Model\ResourceTypeModel

