[ 2016-04-13T15:58:31+08:00 ] ::1 /onlineen0328/index.php?g=Admin&m=public&a=dologin
INFO: [ app_begin ] --START--
INFO: Run Behavior\ReadHtmlCacheBehavior [ RunTime:0.001299s ]
INFO: Run Behavior\CheckLangBehavior [ RunTime:0.004181s ]
INFO: [ app_begin ] --END-- [ RunTime:0.006648s ]

[ 2016-04-13T15:58:36+08:00 ] ::1 /onlineen0328/index.php?g=Admin&m=public&a=dologin
INFO: [ app_begin ] --START--
INFO: Run Behavior\ReadHtmlCacheBehavior [ RunTime:0.000971s ]
INFO: Run Behavior\CheckLangBehavior [ RunTime:0.003483s ]
INFO: [ app_begin ] --END-- [ RunTime:0.005439s ]

[ 2016-04-13T15:58:40+08:00 ] ::1 /onlineen0328/index.php?g=Admin&m=public&a=dologin
INFO: [ app_begin ] --START--
INFO: Run Behavior\ReadHtmlCacheBehavior [ RunTime:0.001619s ]
INFO: Run Behavior\CheckLangBehavior [ RunTime:0.005278s ]
INFO: [ app_begin ] --END-- [ RunTime:0.008539s ]
SQL: SHOW COLUMNS FROM `on_users` [ RunTime:0.0325s ]
SQL: SELECT * FROM `on_users` WHERE `user_login` = 'zhaohuawei' LIMIT 1   [ RunTime:0.0017s ]
SQL: SHOW COLUMNS FROM `on_role_user` [ RunTime:0.0101s ]
SQL: SELECT `role_id` FROM on_role_user a INNER JOIN on_role as b on a.role_id =b.id  WHERE `user_id` = '1' AND `status` = 1  [ RunTime:0.0071s ]
SQL: UPDATE `on_users` SET `user_login`='zhaohuawei',`user_pass`='681ab49e8b67d08bff1b954d77ce6816d958314845a1a65c',`user_nicename`='admin',`user_email`='937768649@qq.com',`user_url`='',`avatar`=NULL,`sex`='0',`birthday`=NULL,`signature`=NULL,`last_login_ip`='0.0.0.0',`last_login_time`='2016-04-13 15:58:40',`create_time`='2016-02-24 03:44:51',`user_activation_key`='',`user_status`='1',`score`='0',`user_type`='1' WHERE `id` = '1' [ RunTime:0.0206s ]

[ 2016-04-13T15:59:01+08:00 ] ::1 /onlineen0328/index.php?g=Admin&m=Adddata&a=addresource&menuid=163
NOTIC: D方法实例化没找到模型类Common\Model\ResourceModel
NOTIC: D方法实例化没找到模型类Common\Model\ResourceTypeModel

[ 2016-04-13T15:59:05+08:00 ] ::1 /onlineen0328/index.php?g=Admin&m=Adddata&a=avatar_upload
NOTIC: D方法实例化没找到模型类Common\Model\ResourceModel
NOTIC: D方法实例化没找到模型类Common\Model\ResourceTypeModel

[ 2016-04-13T15:59:13+08:00 ] ::1 /onlineen0328/index.php?g=Admin&m=Adddata&a=cover_date
INFO: [ app_begin ] --START--
INFO: Run Behavior\ReadHtmlCacheBehavior [ RunTime:0.003489s ]
INFO: Run Behavior\CheckLangBehavior [ RunTime:0.010340s ]
INFO: [ app_begin ] --END-- [ RunTime:0.015410s ]
SQL: SHOW COLUMNS FROM `on_users` [ RunTime:0.0013s ]
SQL: SELECT * FROM `on_users` WHERE ( id=1 ) LIMIT 1   [ RunTime:0.0005s ]
NOTIC: D方法实例化没找到模型类Common\Model\ResourceModel
SQL: SHOW COLUMNS FROM `on_resource` [ RunTime:0.0011s ]
NOTIC: D方法实例化没找到模型类Common\Model\ResourceTypeModel
SQL: SHOW COLUMNS FROM `on_resource_type` [ RunTime:0.0010s ]

[ 2016-04-13T15:59:47+08:00 ] ::1 /onlineen0328/index.php?g=Admin&m=Adddata&a=addresource&menuid=163
NOTIC: D方法实例化没找到模型类Common\Model\ResourceModel
NOTIC: D方法实例化没找到模型类Common\Model\ResourceTypeModel

[ 2016-04-13T16:01:19+08:00 ] ::1 /onlineen0328/index.php?g=Admin&m=Adddata&a=addresource&menuid=163
NOTIC: D方法实例化没找到模型类Common\Model\ResourceModel
NOTIC: D方法实例化没找到模型类Common\Model\ResourceTypeModel

[ 2016-04-13T16:01:22+08:00 ] ::1 /onlineen0328/index.php?g=Admin&m=Adddata&a=avatar_upload
NOTIC: D方法实例化没找到模型类Common\Model\ResourceModel
NOTIC: D方法实例化没找到模型类Common\Model\ResourceTypeModel

[ 2016-04-13T16:01:41+08:00 ] ::1 /onlineen0328/index.php?g=Admin&m=Adddata&a=addresource&menuid=163
NOTIC: D方法实例化没找到模型类Common\Model\ResourceModel
NOTIC: D方法实例化没找到模型类Common\Model\ResourceTypeModel

[ 2016-04-13T16:01:47+08:00 ] ::1 /onlineen0328/index.php?g=Admin&m=Adddata&a=avatar_upload
NOTIC: D方法实例化没找到模型类Common\Model\ResourceModel
NOTIC: D方法实例化没找到模型类Common\Model\ResourceTypeModel

[ 2016-04-13T16:02:15+08:00 ] ::1 /onlineen0328/index.php?g=Admin&m=Adddata&a=addresource&menuid=163
NOTIC: D方法实例化没找到模型类Common\Model\ResourceModel
NOTIC: D方法实例化没找到模型类Common\Model\ResourceTypeModel

[ 2016-04-13T16:02:18+08:00 ] ::1 /onlineen0328/index.php?g=Admin&m=Adddata&a=avatar_upload
NOTIC: D方法实例化没找到模型类Common\Model\ResourceModel
NOTIC: D方法实例化没找到模型类Common\Model\ResourceTypeModel

[ 2016-04-13T16:03:00+08:00 ] ::1 /onlineen0328/index.php?g=Admin&m=Adddata&a=addresource&menuid=163
NOTIC: D方法实例化没找到模型类Common\Model\ResourceModel
NOTIC: D方法实例化没找到模型类Common\Model\ResourceTypeModel

[ 2016-04-13T16:03:04+08:00 ] ::1 /onlineen0328/index.php?g=Admin&m=Adddata&a=avatar_upload
NOTIC: D方法实例化没找到模型类Common\Model\ResourceModel
NOTIC: D方法实例化没找到模型类Common\Model\ResourceTypeModel

[ 2016-04-13T16:03:52+08:00 ] ::1 /onlineen0328/index.php?g=Admin&m=Adddata&a=addresource&menuid=163
NOTIC: D方法实例化没找到模型类Common\Model\ResourceModel
NOTIC: D方法实例化没找到模型类Common\Model\ResourceTypeModel

[ 2016-04-13T16:03:55+08:00 ] ::1 /onlineen0328/index.php?g=Admin&m=Adddata&a=avatar_upload
NOTIC: D方法实例化没找到模型类Common\Model\ResourceModel
NOTIC: D方法实例化没找到模型类Common\Model\ResourceTypeModel

[ 2016-04-13T16:03:56+08:00 ] ::1 /onlineen0328/index.php?g=Admin&m=Adddata&a=addresource&menuid=163
NOTIC: D方法实例化没找到模型类Common\Model\ResourceModel
NOTIC: D方法实例化没找到模型类Common\Model\ResourceTypeModel

[ 2016-04-13T16:04:18+08:00 ] ::1 /onlineen0328/index.php?g=Admin&m=Adddata&a=addresource&menuid=163
NOTIC: D方法实例化没找到模型类Common\Model\ResourceModel
NOTIC: D方法实例化没找到模型类Common\Model\ResourceTypeModel

[ 2016-04-13T16:04:22+08:00 ] ::1 /onlineen0328/index.php?g=Admin&m=Adddata&a=avatar_upload
NOTIC: D方法实例化没找到模型类Common\Model\ResourceModel
NOTIC: D方法实例化没找到模型类Common\Model\ResourceTypeModel

[ 2016-04-13T16:05:53+08:00 ] ::1 /onlineen0328/index.php?g=Admin&m=Adddata&a=addresource&menuid=163
NOTIC: D方法实例化没找到模型类Common\Model\ResourceModel
NOTIC: D方法实例化没找到模型类Common\Model\ResourceTypeModel

[ 2016-04-13T16:05:56+08:00 ] ::1 /onlineen0328/index.php?g=Admin&m=Adddata&a=avatar_upload
NOTIC: D方法实例化没找到模型类Common\Model\ResourceModel
NOTIC: D方法实例化没找到模型类Common\Model\ResourceTypeModel

[ 2016-04-13T16:09:17+08:00 ] ::1 /onlineen0328/index.php?g=Admin&m=Adddata&a=addresource&menuid=163
NOTIC: D方法实例化没找到模型类Common\Model\ResourceModel
NOTIC: D方法实例化没找到模型类Common\Model\ResourceTypeModel

[ 2016-04-13T16:09:20+08:00 ] ::1 /onlineen0328/index.php?g=Admin&m=Adddata&a=avatar_upload
NOTIC: D方法实例化没找到模型类Common\Model\ResourceModel
NOTIC: D方法实例化没找到模型类Common\Model\ResourceTypeModel

[ 2016-04-13T16:09:29+08:00 ] ::1 /onlineen0328/index.php?g=Admin&m=Adddata&a=addresource&menuid=163
NOTIC: D方法实例化没找到模型类Common\Model\ResourceModel
NOTIC: D方法实例化没找到模型类Common\Model\ResourceTypeModel

[ 2016-04-13T16:09:33+08:00 ] ::1 /onlineen0328/index.php?g=Admin&m=Adddata&a=avatar_upload
NOTIC: D方法实例化没找到模型类Common\Model\ResourceModel
NOTIC: D方法实例化没找到模型类Common\Model\ResourceTypeModel

[ 2016-04-13T16:09:57+08:00 ] ::1 /onlineen0328/index.php?g=Admin&m=Adddata&a=addresource&menuid=163
NOTIC: D方法实例化没找到模型类Common\Model\ResourceModel
NOTIC: D方法实例化没找到模型类Common\Model\ResourceTypeModel

[ 2016-04-13T16:10:00+08:00 ] ::1 /onlineen0328/index.php?g=Admin&m=Adddata&a=avatar_upload
NOTIC: D方法实例化没找到模型类Common\Model\ResourceModel
NOTIC: D方法实例化没找到模型类Common\Model\ResourceTypeModel

[ 2016-04-13T16:10:06+08:00 ] ::1 /onlineen0328/index.php?g=Admin&m=Adddata&a=addresource&menuid=163
NOTIC: D方法实例化没找到模型类Common\Model\ResourceModel
NOTIC: D方法实例化没找到模型类Common\Model\ResourceTypeModel

[ 2016-04-13T16:18:15+08:00 ] ::1 /onlineen0328/index.php?g=Admin&m=Adddata&a=addresource&menuid=163
NOTIC: D方法实例化没找到模型类Common\Model\ResourceModel
NOTIC: D方法实例化没找到模型类Common\Model\ResourceTypeModel

[ 2016-04-13T16:18:18+08:00 ] ::1 /onlineen0328/index.php?g=Admin&m=Adddata&a=avatar_upload
NOTIC: D方法实例化没找到模型类Common\Model\ResourceModel
NOTIC: D方法实例化没找到模型类Common\Model\ResourceTypeModel

[ 2016-04-13T16:19:16+08:00 ] ::1 /onlineen0328/index.php?g=Admin&m=Adddata&a=addresource&menuid=163
NOTIC: D方法实例化没找到模型类Common\Model\ResourceModel
NOTIC: D方法实例化没找到模型类Common\Model\ResourceTypeModel

[ 2016-04-13T16:29:48+08:00 ] ::1 /onlineen0328/index.php?g=Admin&m=Adddata&a=avatar_upload
NOTIC: D方法实例化没找到模型类Common\Model\ResourceModel
NOTIC: D方法实例化没找到模型类Common\Model\ResourceTypeModel

[ 2016-04-13T16:30:17+08:00 ] ::1 /onlineen0328/index.php?g=Admin&m=Adddata&a=addresource&menuid=163
NOTIC: D方法实例化没找到模型类Common\Model\ResourceModel
NOTIC: D方法实例化没找到模型类Common\Model\ResourceTypeModel

[ 2016-04-13T16:30:20+08:00 ] ::1 /onlineen0328/index.php?g=Admin&m=Adddata&a=avatar_upload
NOTIC: D方法实例化没找到模型类Common\Model\ResourceModel
NOTIC: D方法实例化没找到模型类Common\Model\ResourceTypeModel

[ 2016-04-13T16:30:42+08:00 ] ::1 /onlineen0328/index.php?g=Admin&m=Adddata&a=addresource&menuid=163
NOTIC: D方法实例化没找到模型类Common\Model\ResourceModel
NOTIC: D方法实例化没找到模型类Common\Model\ResourceTypeModel

[ 2016-04-13T16:30:45+08:00 ] ::1 /onlineen0328/index.php?g=Admin&m=Adddata&a=avatar_upload
NOTIC: D方法实例化没找到模型类Common\Model\ResourceModel
NOTIC: D方法实例化没找到模型类Common\Model\ResourceTypeModel

[ 2016-04-13T16:30:47+08:00 ] ::1 /onlineen0328/index.php?g=Admin&m=Adddata&a=addresource&menuid=163
NOTIC: D方法实例化没找到模型类Common\Model\ResourceModel
NOTIC: D方法实例化没找到模型类Common\Model\ResourceTypeModel

[ 2016-04-13T16:30:58+08:00 ] ::1 /onlineen0328/index.php?g=Admin&m=Adddata&a=avatar_upload
NOTIC: D方法实例化没找到模型类Common\Model\ResourceModel
NOTIC: D方法实例化没找到模型类Common\Model\ResourceTypeModel

[ 2016-04-13T16:31:00+08:00 ] ::1 /onlineen0328/index.php?g=Admin&m=Adddata&a=addresource&menuid=163
NOTIC: D方法实例化没找到模型类Common\Model\ResourceModel
NOTIC: D方法实例化没找到模型类Common\Model\ResourceTypeModel

[ 2016-04-13T16:32:42+08:00 ] ::1 /onlineen0328/index.php?g=Admin&m=Adddata&a=addresource&menuid=163
NOTIC: D方法实例化没找到模型类Common\Model\ResourceModel
NOTIC: D方法实例化没找到模型类Common\Model\ResourceTypeModel

[ 2016-04-13T16:32:45+08:00 ] ::1 /onlineen0328/index.php?g=Admin&m=Adddata&a=avatar_upload
NOTIC: D方法实例化没找到模型类Common\Model\ResourceModel
NOTIC: D方法实例化没找到模型类Common\Model\ResourceTypeModel

[ 2016-04-13T16:32:47+08:00 ] ::1 /onlineen0328/index.php?g=Admin&m=Adddata&a=cover_date
INFO: [ app_begin ] --START--
INFO: Run Behavior\ReadHtmlCacheBehavior [ RunTime:0.003904s ]
INFO: Run Behavior\CheckLangBehavior [ RunTime:0.005669s ]
INFO: [ app_begin ] --END-- [ RunTime:0.011034s ]
SQL: SHOW COLUMNS FROM `on_users` [ RunTime:0.0017s ]
SQL: SELECT * FROM `on_users` WHERE ( id=1 ) LIMIT 1   [ RunTime:0.0012s ]
NOTIC: D方法实例化没找到模型类Common\Model\ResourceModel
SQL: SHOW COLUMNS FROM `on_resource` [ RunTime:0.0008s ]
NOTIC: D方法实例化没找到模型类Common\Model\ResourceTypeModel
SQL: SHOW COLUMNS FROM `on_resource_type` [ RunTime:0.0006s ]

[ 2016-04-13T16:32:54+08:00 ] ::1 /onlineen0328/index.php?g=Admin&m=Adddata&a=addresource&menuid=163
NOTIC: D方法实例化没找到模型类Common\Model\ResourceModel
NOTIC: D方法实例化没找到模型类Common\Model\ResourceTypeModel

[ 2016-04-13T16:33:02+08:00 ] ::1 /onlineen0328/index.php?g=Admin&m=Adddata&a=avatar_upload
NOTIC: D方法实例化没找到模型类Common\Model\ResourceModel
NOTIC: D方法实例化没找到模型类Common\Model\ResourceTypeModel

[ 2016-04-13T16:33:05+08:00 ] ::1 /onlineen0328/index.php?g=Admin&m=Adddata&a=cover_date
INFO: [ app_begin ] --START--
INFO: Run Behavior\ReadHtmlCacheBehavior [ RunTime:0.001358s ]
INFO: Run Behavior\CheckLangBehavior [ RunTime:0.004907s ]
INFO: [ app_begin ] --END-- [ RunTime:0.007674s ]
SQL: SHOW COLUMNS FROM `on_users` [ RunTime:0.0009s ]
SQL: SELECT * FROM `on_users` WHERE ( id=1 ) LIMIT 1   [ RunTime:0.0004s ]
NOTIC: D方法实例化没找到模型类Common\Model\ResourceModel
SQL: SHOW COLUMNS FROM `on_resource` [ RunTime:0.0007s ]
NOTIC: D方法实例化没找到模型类Common\Model\ResourceTypeModel
SQL: SHOW COLUMNS FROM `on_resource_type` [ RunTime:0.0005s ]

[ 2016-04-13T16:37:42+08:00 ] ::1 /onlineen0328/index.php?g=Admin&m=Adddata&a=cover_date
INFO: [ app_begin ] --START--
INFO: Run Behavior\ReadHtmlCacheBehavior [ RunTime:0.001498s ]
INFO: Run Behavior\CheckLangBehavior [ RunTime:0.003417s ]
INFO: [ app_begin ] --END-- [ RunTime:0.006025s ]
SQL: SHOW COLUMNS FROM `on_users` [ RunTime:0.0012s ]
SQL: SELECT * FROM `on_users` WHERE ( id=1 ) LIMIT 1   [ RunTime:0.0005s ]
NOTIC: D方法实例化没找到模型类Common\Model\ResourceModel
SQL: SHOW COLUMNS FROM `on_resource` [ RunTime:0.0007s ]
NOTIC: D方法实例化没找到模型类Common\Model\ResourceTypeModel
SQL: SHOW COLUMNS FROM `on_resource_type` [ RunTime:0.0007s ]
NOTIC: [2] getimagesize(data/upload/resource/570e043eca5f6.jpg): failed to open stream: No such file or directory D:\wamp64\www\onlineen0328\application\Admin\Controller\AdddataController.class.php 第 136 行.
ERR: 不存在的图像文件

[ 2016-04-13T16:37:51+08:00 ] ::1 /onlineen0328/index.php?g=Admin&m=Adddata&a=cover_date
INFO: [ app_begin ] --START--
INFO: Run Behavior\ReadHtmlCacheBehavior [ RunTime:0.005111s ]
INFO: Run Behavior\CheckLangBehavior [ RunTime:0.003845s ]
INFO: [ app_begin ] --END-- [ RunTime:0.010777s ]
SQL: SHOW COLUMNS FROM `on_users` [ RunTime:0.0008s ]
SQL: SELECT * FROM `on_users` WHERE ( id=1 ) LIMIT 1   [ RunTime:0.0008s ]
NOTIC: D方法实例化没找到模型类Common\Model\ResourceModel
SQL: SHOW COLUMNS FROM `on_resource` [ RunTime:0.0010s ]
NOTIC: D方法实例化没找到模型类Common\Model\ResourceTypeModel
SQL: SHOW COLUMNS FROM `on_resource_type` [ RunTime:0.0006s ]
NOTIC: [2] getimagesize(data/upload/resource/570e043eca5f6.jpg): failed to open stream: No such file or directory D:\wamp64\www\onlineen0328\application\Admin\Controller\AdddataController.class.php 第 136 行.
ERR: 不存在的图像文件

[ 2016-04-13T16:37:54+08:00 ] ::1 /onlineen0328/index.php?g=Admin&m=Adddata&a=addresource&menuid=163
NOTIC: D方法实例化没找到模型类Common\Model\ResourceModel
NOTIC: D方法实例化没找到模型类Common\Model\ResourceTypeModel

[ 2016-04-13T16:37:58+08:00 ] ::1 /onlineen0328/index.php?g=Admin&m=Adddata&a=avatar_upload
NOTIC: D方法实例化没找到模型类Common\Model\ResourceModel
NOTIC: D方法实例化没找到模型类Common\Model\ResourceTypeModel

[ 2016-04-13T16:38:01+08:00 ] ::1 /onlineen0328/index.php?g=Admin&m=Adddata&a=cover_date
INFO: [ app_begin ] --START--
INFO: Run Behavior\ReadHtmlCacheBehavior [ RunTime:0.003345s ]
INFO: Run Behavior\CheckLangBehavior [ RunTime:0.009489s ]
INFO: [ app_begin ] --END-- [ RunTime:0.014474s ]
SQL: SHOW COLUMNS FROM `on_users` [ RunTime:0.0010s ]
SQL: SELECT * FROM `on_users` WHERE ( id=1 ) LIMIT 1   [ RunTime:0.0005s ]
NOTIC: D方法实例化没找到模型类Common\Model\ResourceModel
SQL: SHOW COLUMNS FROM `on_resource` [ RunTime:0.0010s ]
NOTIC: D方法实例化没找到模型类Common\Model\ResourceTypeModel
SQL: SHOW COLUMNS FROM `on_resource_type` [ RunTime:0.0008s ]

[ 2016-04-13T16:38:06+08:00 ] ::1 /onlineen0328/index.php?g=Admin&m=Adddata&a=cover_date
INFO: [ app_begin ] --START--
INFO: Run Behavior\ReadHtmlCacheBehavior [ RunTime:0.006607s ]
INFO: Run Behavior\CheckLangBehavior [ RunTime:0.007105s ]
INFO: [ app_begin ] --END-- [ RunTime:0.016700s ]
SQL: SHOW COLUMNS FROM `on_users` [ RunTime:0.0009s ]
SQL: SELECT * FROM `on_users` WHERE ( id=1 ) LIMIT 1   [ RunTime:0.0004s ]
NOTIC: D方法实例化没找到模型类Common\Model\ResourceModel
SQL: SHOW COLUMNS FROM `on_resource` [ RunTime:0.0011s ]
NOTIC: D方法实例化没找到模型类Common\Model\ResourceTypeModel
SQL: SHOW COLUMNS FROM `on_resource_type` [ RunTime:0.0032s ]

[ 2016-04-13T16:38:16+08:00 ] ::1 /onlineen0328/index.php?g=Admin&m=Adddata&a=cover_date
INFO: [ app_begin ] --START--
INFO: Run Behavior\ReadHtmlCacheBehavior [ RunTime:0.003617s ]
INFO: Run Behavior\CheckLangBehavior [ RunTime:0.006998s ]
INFO: [ app_begin ] --END-- [ RunTime:0.012468s ]
SQL: SHOW COLUMNS FROM `on_users` [ RunTime:0.0014s ]
SQL: SELECT * FROM `on_users` WHERE ( id=1 ) LIMIT 1   [ RunTime:0.0007s ]
NOTIC: D方法实例化没找到模型类Common\Model\ResourceModel
SQL: SHOW COLUMNS FROM `on_resource` [ RunTime:0.0011s ]
NOTIC: D方法实例化没找到模型类Common\Model\ResourceTypeModel
SQL: SHOW COLUMNS FROM `on_resource_type` [ RunTime:0.0007s ]

[ 2016-04-13T16:38:23+08:00 ] ::1 /onlineen0328/index.php?g=Admin&m=Adddata&a=addresource&menuid=163
NOTIC: D方法实例化没找到模型类Common\Model\ResourceModel
NOTIC: D方法实例化没找到模型类Common\Model\ResourceTypeModel

[ 2016-04-13T16:41:32+08:00 ] ::1 /onlineen0328/index.php?g=Admin&m=Adddata&a=addresource&menuid=163
NOTIC: D方法实例化没找到模型类Common\Model\ResourceModel
NOTIC: D方法实例化没找到模型类Common\Model\ResourceTypeModel

[ 2016-04-13T16:41:36+08:00 ] ::1 /onlineen0328/index.php?g=Admin&m=Adddata&a=cover_upload
NOTIC: D方法实例化没找到模型类Common\Model\ResourceModel
NOTIC: D方法实例化没找到模型类Common\Model\ResourceTypeModel

[ 2016-04-13T16:41:40+08:00 ] ::1 /onlineen0328/index.php?g=Admin&m=Adddata&a=cover_date
INFO: [ app_begin ] --START--
INFO: Run Behavior\ReadHtmlCacheBehavior [ RunTime:0.001560s ]
INFO: Run Behavior\CheckLangBehavior [ RunTime:0.007412s ]
INFO: [ app_begin ] --END-- [ RunTime:0.010074s ]
SQL: SHOW COLUMNS FROM `on_users` [ RunTime:0.0008s ]
SQL: SELECT * FROM `on_users` WHERE ( id=1 ) LIMIT 1   [ RunTime:0.0004s ]
NOTIC: D方法实例化没找到模型类Common\Model\ResourceModel
SQL: SHOW COLUMNS FROM `on_resource` [ RunTime:0.0008s ]
NOTIC: D方法实例化没找到模型类Common\Model\ResourceTypeModel
SQL: SHOW COLUMNS FROM `on_resource_type` [ RunTime:0.0016s ]

[ 2016-04-13T16:42:32+08:00 ] ::1 /onlineen0328/index.php?g=Admin&m=Adddata&a=addresource&menuid=163
NOTIC: D方法实例化没找到模型类Common\Model\ResourceModel
NOTIC: D方法实例化没找到模型类Common\Model\ResourceTypeModel

[ 2016-04-13T16:43:37+08:00 ] ::1 /onlineen0328/index.php?g=Admin&m=Adddata&a=addresource&menuid=163
NOTIC: D方法实例化没找到模型类Common\Model\ResourceModel
NOTIC: D方法实例化没找到模型类Common\Model\ResourceTypeModel

[ 2016-04-13T16:43:42+08:00 ] ::1 /onlineen0328/index.php?g=Admin&m=Adddata&a=resourcelist&menuid=164
NOTIC: D方法实例化没找到模型类Common\Model\ResourceModel
NOTIC: D方法实例化没找到模型类Common\Model\ResourceTypeModel

[ 2016-04-13T16:43:43+08:00 ] ::1 /onlineen0328/index.php?g=Admin&m=Adddata&a=change&id=1
NOTIC: D方法实例化没找到模型类Common\Model\ResourceModel
NOTIC: D方法实例化没找到模型类Common\Model\ResourceTypeModel

[ 2016-04-13T16:43:51+08:00 ] ::1 /onlineen0328/index.php?g=Admin&m=Adddata&a=cover_upload
NOTIC: D方法实例化没找到模型类Common\Model\ResourceModel
NOTIC: D方法实例化没找到模型类Common\Model\ResourceTypeModel

[ 2016-04-13T16:43:54+08:00 ] ::1 /onlineen0328/index.php?g=Admin&m=Adddata&a=cover_date
INFO: [ app_begin ] --START--
INFO: Run Behavior\ReadHtmlCacheBehavior [ RunTime:0.001429s ]
INFO: Run Behavior\CheckLangBehavior [ RunTime:0.003577s ]
INFO: [ app_begin ] --END-- [ RunTime:0.006060s ]
SQL: SHOW COLUMNS FROM `on_users` [ RunTime:0.0009s ]
SQL: SELECT * FROM `on_users` WHERE ( id=1 ) LIMIT 1   [ RunTime:0.0008s ]
NOTIC: D方法实例化没找到模型类Common\Model\ResourceModel
SQL: SHOW COLUMNS FROM `on_resource` [ RunTime:0.0008s ]
NOTIC: D方法实例化没找到模型类Common\Model\ResourceTypeModel
SQL: SHOW COLUMNS FROM `on_resource_type` [ RunTime:0.0006s ]

[ 2016-04-13T16:43:57+08:00 ] ::1 /onlineen0328/index.php?g=Admin&m=Adddata&a=change&id=1
NOTIC: D方法实例化没找到模型类Common\Model\ResourceModel
NOTIC: D方法实例化没找到模型类Common\Model\ResourceTypeModel

[ 2016-04-13T16:43:59+08:00 ] ::1 /onlineen0328/index.php?g=Admin&m=Adddata&a=change&id=1
NOTIC: D方法实例化没找到模型类Common\Model\ResourceModel
NOTIC: D方法实例化没找到模型类Common\Model\ResourceTypeModel

[ 2016-04-13T16:46:34+08:00 ] ::1 /onlineen0328/index.php?g=Admin&m=Adddata&a=change&id=1
NOTIC: D方法实例化没找到模型类Common\Model\ResourceModel
NOTIC: D方法实例化没找到模型类Common\Model\ResourceTypeModel

[ 2016-04-13T16:46:49+08:00 ] ::1 /onlineen0328/index.php?g=Admin&m=Adddata&a=change&id=1
NOTIC: D方法实例化没找到模型类Common\Model\ResourceModel
NOTIC: D方法实例化没找到模型类Common\Model\ResourceTypeModel

[ 2016-04-13T16:47:01+08:00 ] ::1 /onlineen0328/index.php?g=Admin&m=Adddata&a=change&id=1
NOTIC: D方法实例化没找到模型类Common\Model\ResourceModel
NOTIC: D方法实例化没找到模型类Common\Model\ResourceTypeModel

[ 2016-04-13T16:47:15+08:00 ] ::1 /onlineen0328/index.php?g=Admin&m=Adddata&a=cover_upload
NOTIC: D方法实例化没找到模型类Common\Model\ResourceModel
NOTIC: D方法实例化没找到模型类Common\Model\ResourceTypeModel

[ 2016-04-13T16:47:17+08:00 ] ::1 /onlineen0328/index.php?g=Admin&m=Adddata&a=cover_date
INFO: [ app_begin ] --START--
INFO: Run Behavior\ReadHtmlCacheBehavior [ RunTime:0.005459s ]
INFO: Run Behavior\CheckLangBehavior [ RunTime:0.006707s ]
INFO: [ app_begin ] --END-- [ RunTime:0.014877s ]
SQL: SHOW COLUMNS FROM `on_users` [ RunTime:0.0015s ]
SQL: SELECT * FROM `on_users` WHERE ( id=1 ) LIMIT 1   [ RunTime:0.0021s ]
NOTIC: D方法实例化没找到模型类Common\Model\ResourceModel
SQL: SHOW COLUMNS FROM `on_resource` [ RunTime:0.0008s ]
NOTIC: D方法实例化没找到模型类Common\Model\ResourceTypeModel
SQL: SHOW COLUMNS FROM `on_resource_type` [ RunTime:0.0009s ]

[ 2016-04-13T16:47:54+08:00 ] ::1 /onlineen0328/index.php?g=Admin&m=Adddata&a=change&id=1
NOTIC: D方法实例化没找到模型类Common\Model\ResourceModel
NOTIC: D方法实例化没找到模型类Common\Model\ResourceTypeModel

[ 2016-04-13T16:47:55+08:00 ] ::1 /onlineen0328/index.php?g=Admin&m=Adddata&a=change&id=1
NOTIC: D方法实例化没找到模型类Common\Model\ResourceModel
NOTIC: D方法实例化没找到模型类Common\Model\ResourceTypeModel

[ 2016-04-13T16:47:58+08:00 ] ::1 /onlineen0328/index.php?g=Admin&m=Adddata&a=cover_upload
NOTIC: D方法实例化没找到模型类Common\Model\ResourceModel
NOTIC: D方法实例化没找到模型类Common\Model\ResourceTypeModel

[ 2016-04-13T16:48:00+08:00 ] ::1 /onlineen0328/index.php?g=Admin&m=Adddata&a=cover_date
INFO: [ app_begin ] --START--
INFO: Run Behavior\ReadHtmlCacheBehavior [ RunTime:0.003255s ]
INFO: Run Behavior\CheckLangBehavior [ RunTime:0.009924s ]
INFO: [ app_begin ] --END-- [ RunTime:0.014683s ]
SQL: SHOW COLUMNS FROM `on_users` [ RunTime:0.0009s ]
SQL: SELECT * FROM `on_users` WHERE ( id=1 ) LIMIT 1   [ RunTime:0.0005s ]
NOTIC: D方法实例化没找到模型类Common\Model\ResourceModel
SQL: SHOW COLUMNS FROM `on_resource` [ RunTime:0.0007s ]
NOTIC: D方法实例化没找到模型类Common\Model\ResourceTypeModel
SQL: SHOW COLUMNS FROM `on_resource_type` [ RunTime:0.0006s ]

[ 2016-04-13T16:49:46+08:00 ] ::1 /onlineen0328/index.php?g=Admin&m=Adddata&a=change&id=1
NOTIC: D方法实例化没找到模型类Common\Model\ResourceModel
NOTIC: D方法实例化没找到模型类Common\Model\ResourceTypeModel

[ 2016-04-13T16:49:47+08:00 ] ::1 /onlineen0328/index.php?g=Admin&m=Adddata&a=change&id=1
NOTIC: D方法实例化没找到模型类Common\Model\ResourceModel
NOTIC: D方法实例化没找到模型类Common\Model\ResourceTypeModel

[ 2016-04-13T16:51:03+08:00 ] ::1 /onlineen0328/index.php?g=Admin&m=Adddata&a=change&id=1
NOTIC: D方法实例化没找到模型类Common\Model\ResourceModel
NOTIC: D方法实例化没找到模型类Common\Model\ResourceTypeModel

[ 2016-04-13T16:51:27+08:00 ] ::1 /onlineen0328/index.php?g=Admin&m=Adddata&a=change&id=1
NOTIC: D方法实例化没找到模型类Common\Model\ResourceModel
NOTIC: D方法实例化没找到模型类Common\Model\ResourceTypeModel

[ 2016-04-13T16:51:41+08:00 ] ::1 /onlineen0328/index.php?g=Admin&m=Adddata&a=change&id=1
NOTIC: D方法实例化没找到模型类Common\Model\ResourceModel
NOTIC: D方法实例化没找到模型类Common\Model\ResourceTypeModel

[ 2016-04-13T16:53:19+08:00 ] ::1 /onlineen0328/index.php?g=Admin&m=Adddata&a=change&id=1
NOTIC: D方法实例化没找到模型类Common\Model\ResourceModel
NOTIC: D方法实例化没找到模型类Common\Model\ResourceTypeModel

[ 2016-04-13T16:53:47+08:00 ] ::1 /onlineen0328/index.php?g=Admin&m=Adddata&a=change&id=1
NOTIC: D方法实例化没找到模型类Common\Model\ResourceModel
NOTIC: D方法实例化没找到模型类Common\Model\ResourceTypeModel

[ 2016-04-13T16:54:23+08:00 ] ::1 /onlineen0328/index.php?g=Admin&m=Adddata&a=change&id=1
NOTIC: D方法实例化没找到模型类Common\Model\ResourceModel
NOTIC: D方法实例化没找到模型类Common\Model\ResourceTypeModel

[ 2016-04-13T16:54:24+08:00 ] ::1 /onlineen0328/index.php?g=Admin&m=Adddata&a=change&id=1
NOTIC: D方法实例化没找到模型类Common\Model\ResourceModel
NOTIC: D方法实例化没找到模型类Common\Model\ResourceTypeModel

[ 2016-04-13T16:54:28+08:00 ] ::1 /onlineen0328/index.php?g=Admin&m=Adddata&a=cover_upload
NOTIC: D方法实例化没找到模型类Common\Model\ResourceModel
NOTIC: D方法实例化没找到模型类Common\Model\ResourceTypeModel

[ 2016-04-13T16:54:30+08:00 ] ::1 /onlineen0328/index.php?g=Admin&m=Adddata&a=cover_date
INFO: [ app_begin ] --START--
INFO: Run Behavior\ReadHtmlCacheBehavior [ RunTime:0.001411s ]
INFO: Run Behavior\CheckLangBehavior [ RunTime:0.003477s ]
INFO: [ app_begin ] --END-- [ RunTime:0.005861s ]
SQL: SHOW COLUMNS FROM `on_users` [ RunTime:0.0009s ]
SQL: SELECT * FROM `on_users` WHERE ( id=1 ) LIMIT 1   [ RunTime:0.0004s ]
NOTIC: D方法实例化没找到模型类Common\Model\ResourceModel
SQL: SHOW COLUMNS FROM `on_resource` [ RunTime:0.0007s ]
NOTIC: D方法实例化没找到模型类Common\Model\ResourceTypeModel
SQL: SHOW COLUMNS FROM `on_resource_type` [ RunTime:0.0006s ]

[ 2016-04-13T16:54:31+08:00 ] ::1 /onlineen0328/index.php?g=Admin&m=Adddata&a=change&id=1
NOTIC: D方法实例化没找到模型类Common\Model\ResourceModel
NOTIC: D方法实例化没找到模型类Common\Model\ResourceTypeModel

[ 2016-04-13T16:54:44+08:00 ] ::1 /onlineen0328/index.php?g=Admin&m=Adddata&a=cover_upload
NOTIC: D方法实例化没找到模型类Common\Model\ResourceModel
NOTIC: D方法实例化没找到模型类Common\Model\ResourceTypeModel

[ 2016-04-13T16:54:46+08:00 ] ::1 /onlineen0328/index.php?g=Admin&m=Adddata&a=cover_date
INFO: [ app_begin ] --START--
INFO: Run Behavior\ReadHtmlCacheBehavior [ RunTime:0.011408s ]
INFO: Run Behavior\CheckLangBehavior [ RunTime:0.005204s ]
INFO: [ app_begin ] --END-- [ RunTime:0.019597s ]
SQL: SHOW COLUMNS FROM `on_users` [ RunTime:0.0010s ]
SQL: SELECT * FROM `on_users` WHERE ( id=1 ) LIMIT 1   [ RunTime:0.0006s ]
NOTIC: D方法实例化没找到模型类Common\Model\ResourceModel
SQL: SHOW COLUMNS FROM `on_resource` [ RunTime:0.0015s ]
NOTIC: D方法实例化没找到模型类Common\Model\ResourceTypeModel
SQL: SHOW COLUMNS FROM `on_resource_type` [ RunTime:0.0036s ]

[ 2016-04-13T16:54:51+08:00 ] ::1 /onlineen0328/index.php?g=Admin&m=Adddata&a=change&id=1
NOTIC: D方法实例化没找到模型类Common\Model\ResourceModel
NOTIC: D方法实例化没找到模型类Common\Model\ResourceTypeModel

[ 2016-04-13T17:02:51+08:00 ] ::1 /onlineen0328/index.php?g=Admin&m=Adddata&a=adddata_post
INFO: [ app_begin ] --START--
INFO: Run Behavior\ReadHtmlCacheBehavior [ RunTime:0.001356s ]
INFO: Run Behavior\CheckLangBehavior [ RunTime:0.003343s ]
INFO: [ app_begin ] --END-- [ RunTime:0.005584s ]
SQL: SHOW COLUMNS FROM `on_users` [ RunTime:0.0010s ]
SQL: SELECT * FROM `on_users` WHERE ( id=1 ) LIMIT 1   [ RunTime:0.0004s ]
NOTIC: D方法实例化没找到模型类Common\Model\ResourceModel
SQL: SHOW COLUMNS FROM `on_resource` [ RunTime:0.0011s ]
NOTIC: D方法实例化没找到模型类Common\Model\ResourceTypeModel
SQL: SHOW COLUMNS FROM `on_resource_type` [ RunTime:0.0007s ]

[ 2016-04-13T17:03:03+08:00 ] ::1 /onlineen0328/index.php?g=Admin&m=Adddata&a=addresource&menuid=163
NOTIC: D方法实例化没找到模型类Common\Model\ResourceModel
NOTIC: D方法实例化没找到模型类Common\Model\ResourceTypeModel

[ 2016-04-13T17:03:05+08:00 ] ::1 /onlineen0328/index.php?g=Admin&m=Adddata&a=addresource&menuid=163
NOTIC: D方法实例化没找到模型类Common\Model\ResourceModel
NOTIC: D方法实例化没找到模型类Common\Model\ResourceTypeModel

[ 2016-04-13T17:03:06+08:00 ] ::1 /onlineen0328/index.php?g=Admin&m=Adddata&a=addresource_post
INFO: [ app_begin ] --START--
INFO: Run Behavior\ReadHtmlCacheBehavior [ RunTime:0.001289s ]
INFO: Run Behavior\CheckLangBehavior [ RunTime:0.003342s ]
INFO: [ app_begin ] --END-- [ RunTime:0.005558s ]
SQL: SHOW COLUMNS FROM `on_users` [ RunTime:0.0009s ]
SQL: SELECT * FROM `on_users` WHERE ( id=1 ) LIMIT 1   [ RunTime:0.0005s ]
NOTIC: D方法实例化没找到模型类Common\Model\ResourceModel
SQL: SHOW COLUMNS FROM `on_resource` [ RunTime:0.0007s ]
NOTIC: D方法实例化没找到模型类Common\Model\ResourceTypeModel
SQL: SHOW COLUMNS FROM `on_resource_type` [ RunTime:0.0008s ]
NOTIC: [8] Undefined index: resource_pic D:\wamp64\www\onlineen0328\application\Admin\Controller\AdddataController.class.php 第 70 行.
INFO: [ app_end ] --START--
INFO: Run Behavior\ShowPageTraceBehavior [ RunTime:0.001540s ]
INFO: [ app_end ] --END-- [ RunTime:0.001670s ]

[ 2016-04-13T17:03:12+08:00 ] ::1 /onlineen0328/index.php?g=Admin&m=Adddata&a=addresource_post
INFO: [ app_begin ] --START--
INFO: Run Behavior\ReadHtmlCacheBehavior [ RunTime:0.001496s ]
INFO: Run Behavior\CheckLangBehavior [ RunTime:0.004589s ]
INFO: [ app_begin ] --END-- [ RunTime:0.007108s ]
SQL: SHOW COLUMNS FROM `on_users` [ RunTime:0.0009s ]
SQL: SELECT * FROM `on_users` WHERE ( id=1 ) LIMIT 1   [ RunTime:0.0004s ]
NOTIC: D方法实例化没找到模型类Common\Model\ResourceModel
SQL: SHOW COLUMNS FROM `on_resource` [ RunTime:0.0006s ]
NOTIC: D方法实例化没找到模型类Common\Model\ResourceTypeModel
SQL: SHOW COLUMNS FROM `on_resource_type` [ RunTime:0.0006s ]
NOTIC: [8] Undefined index: resource_pic D:\wamp64\www\onlineen0328\application\Admin\Controller\AdddataController.class.php 第 70 行.
INFO: [ app_end ] --START--
INFO: Run Behavior\ShowPageTraceBehavior [ RunTime:0.001467s ]
INFO: [ app_end ] --END-- [ RunTime:0.001596s ]

[ 2016-04-13T17:03:30+08:00 ] ::1 /onlineen0328/index.php?g=Admin&m=Adddata&a=addresource&menuid=163
NOTIC: D方法实例化没找到模型类Common\Model\ResourceModel
NOTIC: D方法实例化没找到模型类Common\Model\ResourceTypeModel

[ 2016-04-13T17:03:31+08:00 ] ::1 /onlineen0328/index.php?g=Admin&m=Adddata&a=addresource&menuid=163
NOTIC: D方法实例化没找到模型类Common\Model\ResourceModel
NOTIC: D方法实例化没找到模型类Common\Model\ResourceTypeModel

[ 2016-04-13T17:03:32+08:00 ] ::1 /onlineen0328/index.php?g=Admin&m=Adddata&a=addresource_post
INFO: [ app_begin ] --START--
INFO: Run Behavior\ReadHtmlCacheBehavior [ RunTime:0.001422s ]
INFO: Run Behavior\CheckLangBehavior [ RunTime:0.003893s ]
INFO: [ app_begin ] --END-- [ RunTime:0.006306s ]
SQL: SHOW COLUMNS FROM `on_users` [ RunTime:0.0009s ]
SQL: SELECT * FROM `on_users` WHERE ( id=1 ) LIMIT 1   [ RunTime:0.0005s ]
NOTIC: D方法实例化没找到模型类Common\Model\ResourceModel
SQL: SHOW COLUMNS FROM `on_resource` [ RunTime:0.0007s ]
NOTIC: D方法实例化没找到模型类Common\Model\ResourceTypeModel
SQL: SHOW COLUMNS FROM `on_resource_type` [ RunTime:0.0006s ]

[ 2016-04-13T17:03:46+08:00 ] ::1 /onlineen0328/index.php?g=Admin&m=Adddata&a=addresource&menuid=163
NOTIC: D方法实例化没找到模型类Common\Model\ResourceModel
NOTIC: D方法实例化没找到模型类Common\Model\ResourceTypeModel

[ 2016-04-13T17:03:48+08:00 ] ::1 /onlineen0328/index.php?g=Admin&m=Adddata&a=addresource_post
INFO: [ app_begin ] --START--
INFO: Run Behavior\ReadHtmlCacheBehavior [ RunTime:0.001480s ]
INFO: Run Behavior\CheckLangBehavior [ RunTime:0.003882s ]
INFO: [ app_begin ] --END-- [ RunTime:0.006344s ]
SQL: SHOW COLUMNS FROM `on_users` [ RunTime:0.0009s ]
SQL: SELECT * FROM `on_users` WHERE ( id=1 ) LIMIT 1   [ RunTime:0.0005s ]
NOTIC: D方法实例化没找到模型类Common\Model\ResourceModel
SQL: SHOW COLUMNS FROM `on_resource` [ RunTime:0.0007s ]
NOTIC: D方法实例化没找到模型类Common\Model\ResourceTypeModel
SQL: SHOW COLUMNS FROM `on_resource_type` [ RunTime:0.0006s ]
NOTIC: [8] Undefined index: resource_pic D:\wamp64\www\onlineen0328\application\Admin\Controller\AdddataController.class.php 第 70 行.

[ 2016-04-13T17:04:06+08:00 ] ::1 /onlineen0328/index.php?g=Admin&m=Adddata&a=addresource&menuid=163
NOTIC: D方法实例化没找到模型类Common\Model\ResourceModel
NOTIC: D方法实例化没找到模型类Common\Model\ResourceTypeModel

[ 2016-04-13T17:06:12+08:00 ] ::1 /onlineen0328/index.php?g=Admin&m=Adddata&a=addresource&menuid=163
NOTIC: D方法实例化没找到模型类Common\Model\ResourceModel
NOTIC: D方法实例化没找到模型类Common\Model\ResourceTypeModel

[ 2016-04-13T17:06:14+08:00 ] ::1 /onlineen0328/index.php?g=Admin&m=Adddata&a=addresource_post
INFO: [ app_begin ] --START--
INFO: Run Behavior\ReadHtmlCacheBehavior [ RunTime:0.001360s ]
INFO: Run Behavior\CheckLangBehavior [ RunTime:0.003389s ]
INFO: [ app_begin ] --END-- [ RunTime:0.005714s ]
SQL: SHOW COLUMNS FROM `on_users` [ RunTime:0.0011s ]
SQL: SELECT * FROM `on_users` WHERE ( id=1 ) LIMIT 1   [ RunTime:0.0004s ]
NOTIC: D方法实例化没找到模型类Common\Model\ResourceModel
SQL: SHOW COLUMNS FROM `on_resource` [ RunTime:0.0006s ]
NOTIC: D方法实例化没找到模型类Common\Model\ResourceTypeModel
SQL: SHOW COLUMNS FROM `on_resource_type` [ RunTime:0.0005s ]

[ 2016-04-13T17:06:37+08:00 ] ::1 /onlineen0328/index.php?g=Admin&m=Adddata&a=addresource&menuid=163
NOTIC: D方法实例化没找到模型类Common\Model\ResourceModel
NOTIC: D方法实例化没找到模型类Common\Model\ResourceTypeModel

[ 2016-04-13T17:06:38+08:00 ] ::1 /onlineen0328/index.php?g=Admin&m=Adddata&a=addresource_post
INFO: [ app_begin ] --START--
INFO: Run Behavior\ReadHtmlCacheBehavior [ RunTime:0.001403s ]
INFO: Run Behavior\CheckLangBehavior [ RunTime:0.003693s ]
INFO: [ app_begin ] --END-- [ RunTime:0.006081s ]
SQL: SHOW COLUMNS FROM `on_users` [ RunTime:0.0012s ]
SQL: SELECT * FROM `on_users` WHERE ( id=1 ) LIMIT 1   [ RunTime:0.0006s ]
NOTIC: D方法实例化没找到模型类Common\Model\ResourceModel
SQL: SHOW COLUMNS FROM `on_resource` [ RunTime:0.0008s ]
NOTIC: D方法实例化没找到模型类Common\Model\ResourceTypeModel
SQL: SHOW COLUMNS FROM `on_resource_type` [ RunTime:0.0006s ]
NOTIC: [8] Undefined index: resource_pic D:\wamp64\www\onlineen0328\application\Admin\Controller\AdddataController.class.php 第 70 行.

[ 2016-04-13T17:07:58+08:00 ] ::1 /onlineen0328/index.php?g=Admin&m=Adddata&a=addresource&menuid=163
NOTIC: D方法实例化没找到模型类Common\Model\ResourceModel
NOTIC: D方法实例化没找到模型类Common\Model\ResourceTypeModel

[ 2016-04-13T17:08:03+08:00 ] ::1 /onlineen0328/index.php?g=Admin&m=Adddata&a=cover_upload
NOTIC: D方法实例化没找到模型类Common\Model\ResourceModel
NOTIC: D方法实例化没找到模型类Common\Model\ResourceTypeModel

[ 2016-04-13T17:08:05+08:00 ] ::1 /onlineen0328/index.php?g=Admin&m=Adddata&a=cover_date
INFO: [ app_begin ] --START--
INFO: Run Behavior\ReadHtmlCacheBehavior [ RunTime:0.001420s ]
INFO: Run Behavior\CheckLangBehavior [ RunTime:0.003718s ]
INFO: [ app_begin ] --END-- [ RunTime:0.006217s ]
SQL: SHOW COLUMNS FROM `on_users` [ RunTime:0.0009s ]
SQL: SELECT * FROM `on_users` WHERE ( id=1 ) LIMIT 1   [ RunTime:0.0004s ]
NOTIC: D方法实例化没找到模型类Common\Model\ResourceModel
SQL: SHOW COLUMNS FROM `on_resource` [ RunTime:0.0007s ]
NOTIC: D方法实例化没找到模型类Common\Model\ResourceTypeModel
SQL: SHOW COLUMNS FROM `on_resource_type` [ RunTime:0.0006s ]

[ 2016-04-13T17:08:07+08:00 ] ::1 /onlineen0328/index.php?g=Admin&m=Adddata&a=addresource&menuid=163
NOTIC: D方法实例化没找到模型类Common\Model\ResourceModel
NOTIC: D方法实例化没找到模型类Common\Model\ResourceTypeModel

[ 2016-04-13T17:12:42+08:00 ] ::1 /onlineen0328/index.php?g=Admin&m=Adddata&a=addresource&menuid=163
NOTIC: D方法实例化没找到模型类Common\Model\ResourceModel
NOTIC: D方法实例化没找到模型类Common\Model\ResourceTypeModel

[ 2016-04-13T17:21:31+08:00 ] ::1 /onlineen0328/index.php?g=Admin&m=Adddata&a=addresource&menuid=163
NOTIC: D方法实例化没找到模型类Common\Model\ResourceModel
NOTIC: D方法实例化没找到模型类Common\Model\ResourceTypeModel

[ 2016-04-13T17:21:33+08:00 ] ::1 /onlineen0328/index.php?g=Admin&m=Adddata&a=addresource&menuid=163
NOTIC: D方法实例化没找到模型类Common\Model\ResourceModel
NOTIC: D方法实例化没找到模型类Common\Model\ResourceTypeModel

[ 2016-04-13T17:22:07+08:00 ] ::1 /onlineen0328/index.php?g=Admin&m=Adddata&a=addresource&menuid=163
NOTIC: D方法实例化没找到模型类Common\Model\ResourceModel
NOTIC: D方法实例化没找到模型类Common\Model\ResourceTypeModel

[ 2016-04-13T17:22:08+08:00 ] ::1 /onlineen0328/index.php?g=Admin&m=Adddata&a=addresource&menuid=163
NOTIC: D方法实例化没找到模型类Common\Model\ResourceModel
NOTIC: D方法实例化没找到模型类Common\Model\ResourceTypeModel

[ 2016-04-13T17:27:13+08:00 ] ::1 /onlineen0328/index.php?g=Admin&m=Adddata&a=addresource&menuid=163
NOTIC: D方法实例化没找到模型类Common\Model\ResourceModel
NOTIC: D方法实例化没找到模型类Common\Model\ResourceTypeModel

[ 2016-04-13T17:27:19+08:00 ] ::1 /onlineen0328/index.php?g=Admin&m=Adddata&a=cover_upload
NOTIC: D方法实例化没找到模型类Common\Model\ResourceModel
NOTIC: D方法实例化没找到模型类Common\Model\ResourceTypeModel

[ 2016-04-13T17:27:21+08:00 ] ::1 /onlineen0328/index.php?g=Admin&m=Adddata&a=cover_date
INFO: [ app_begin ] --START--
INFO: Run Behavior\ReadHtmlCacheBehavior [ RunTime:0.004696s ]
INFO: Run Behavior\CheckLangBehavior [ RunTime:0.011304s ]
INFO: [ app_begin ] --END-- [ RunTime:0.021423s ]
SQL: SHOW COLUMNS FROM `on_users` [ RunTime:0.0008s ]
SQL: SELECT * FROM `on_users` WHERE ( id=1 ) LIMIT 1   [ RunTime:0.0008s ]
NOTIC: D方法实例化没找到模型类Common\Model\ResourceModel
SQL: SHOW COLUMNS FROM `on_resource` [ RunTime:0.0016s ]
NOTIC: D方法实例化没找到模型类Common\Model\ResourceTypeModel
SQL: SHOW COLUMNS FROM `on_resource_type` [ RunTime:0.0011s ]

[ 2016-04-13T17:27:23+08:00 ] ::1 /onlineen0328/index.php?g=Admin&m=Adddata&a=addresource_post
INFO: [ app_begin ] --START--
INFO: Run Behavior\ReadHtmlCacheBehavior [ RunTime:0.003131s ]
INFO: Run Behavior\CheckLangBehavior [ RunTime:0.006305s ]
INFO: [ app_begin ] --END-- [ RunTime:0.010817s ]
SQL: SHOW COLUMNS FROM `on_users` [ RunTime:0.0009s ]
SQL: SELECT * FROM `on_users` WHERE ( id=1 ) LIMIT 1   [ RunTime:0.0005s ]
NOTIC: D方法实例化没找到模型类Common\Model\ResourceModel
SQL: SHOW COLUMNS FROM `on_resource` [ RunTime:0.0007s ]
NOTIC: D方法实例化没找到模型类Common\Model\ResourceTypeModel
SQL: SHOW COLUMNS FROM `on_resource_type` [ RunTime:0.0012s ]
NOTIC: [8] Undefined index: resource_pic D:\wamp64\www\onlineen0328\application\Admin\Controller\AdddataController.class.php 第 70 行.
NOTIC: [8] Undefined index: resoure_url D:\wamp64\www\onlineen0328\application\Admin\Controller\AdddataController.class.php 第 72 行.

[ 2016-04-13T17:27:46+08:00 ] ::1 /onlineen0328/index.php?g=Admin&m=Adddata&a=addresource_post
INFO: [ app_begin ] --START--
INFO: Run Behavior\ReadHtmlCacheBehavior [ RunTime:0.003380s ]
INFO: Run Behavior\CheckLangBehavior [ RunTime:0.006840s ]
INFO: [ app_begin ] --END-- [ RunTime:0.011679s ]
SQL: SHOW COLUMNS FROM `on_users` [ RunTime:0.0009s ]
SQL: SELECT * FROM `on_users` WHERE ( id=1 ) LIMIT 1   [ RunTime:0.0005s ]
NOTIC: D方法实例化没找到模型类Common\Model\ResourceModel
SQL: SHOW COLUMNS FROM `on_resource` [ RunTime:0.0007s ]
NOTIC: D方法实例化没找到模型类Common\Model\ResourceTypeModel
SQL: SHOW COLUMNS FROM `on_resource_type` [ RunTime:0.0007s ]
NOTIC: [8] Undefined index: resource_pic D:\wamp64\www\onlineen0328\application\Admin\Controller\AdddataController.class.php 第 70 行.
NOTIC: [8] Undefined index: resoure_url D:\wamp64\www\onlineen0328\application\Admin\Controller\AdddataController.class.php 第 72 行.

[ 2016-04-13T17:28:17+08:00 ] ::1 /onlineen0328/index.php?g=Admin&m=Adddata&a=addresource_post
INFO: [ app_begin ] --START--
INFO: Run Behavior\ReadHtmlCacheBehavior [ RunTime:0.003126s ]
INFO: Run Behavior\CheckLangBehavior [ RunTime:0.007196s ]
INFO: [ app_begin ] --END-- [ RunTime:0.011775s ]
SQL: SHOW COLUMNS FROM `on_users` [ RunTime:0.0010s ]
SQL: SELECT * FROM `on_users` WHERE ( id=1 ) LIMIT 1   [ RunTime:0.0005s ]
NOTIC: D方法实例化没找到模型类Common\Model\ResourceModel
SQL: SHOW COLUMNS FROM `on_resource` [ RunTime:0.0009s ]
NOTIC: D方法实例化没找到模型类Common\Model\ResourceTypeModel
SQL: SHOW COLUMNS FROM `on_resource_type` [ RunTime:0.0007s ]
NOTIC: [8] Undefined index: resource_pic D:\wamp64\www\onlineen0328\application\Admin\Controller\AdddataController.class.php 第 70 行.
NOTIC: [8] Undefined index: resoure_url D:\wamp64\www\onlineen0328\application\Admin\Controller\AdddataController.class.php 第 72 行.

[ 2016-04-13T17:28:38+08:00 ] ::1 /onlineen0328/index.php?g=Admin&m=Adddata&a=addresource_post
INFO: [ app_begin ] --START--
INFO: Run Behavior\ReadHtmlCacheBehavior [ RunTime:0.003730s ]
INFO: Run Behavior\CheckLangBehavior [ RunTime:0.006143s ]
INFO: [ app_begin ] --END-- [ RunTime:0.011308s ]
SQL: SHOW COLUMNS FROM `on_users` [ RunTime:0.0010s ]
SQL: SELECT * FROM `on_users` WHERE ( id=1 ) LIMIT 1   [ RunTime:0.0005s ]
NOTIC: D方法实例化没找到模型类Common\Model\ResourceModel
SQL: SHOW COLUMNS FROM `on_resource` [ RunTime:0.0007s ]
NOTIC: D方法实例化没找到模型类Common\Model\ResourceTypeModel
SQL: SHOW COLUMNS FROM `on_resource_type` [ RunTime:0.0007s ]
NOTIC: [8] Undefined index: resource_pic D:\wamp64\www\onlineen0328\application\Admin\Controller\AdddataController.class.php 第 70 行.
NOTIC: [8] Undefined index: resource_info D:\wamp64\www\onlineen0328\application\Admin\Controller\AdddataController.class.php 第 71 行.

[ 2016-04-13T17:28:59+08:00 ] ::1 /onlineen0328/index.php?g=Admin&m=Adddata&a=addresource_post
INFO: [ app_begin ] --START--
INFO: Run Behavior\ReadHtmlCacheBehavior [ RunTime:0.003199s ]
INFO: Run Behavior\CheckLangBehavior [ RunTime:0.006499s ]
INFO: [ app_begin ] --END-- [ RunTime:0.011361s ]
SQL: SHOW COLUMNS FROM `on_users` [ RunTime:0.0010s ]
SQL: SELECT * FROM `on_users` WHERE ( id=1 ) LIMIT 1   [ RunTime:0.0005s ]
NOTIC: D方法实例化没找到模型类Common\Model\ResourceModel
SQL: SHOW COLUMNS FROM `on_resource` [ RunTime:0.0007s ]
NOTIC: D方法实例化没找到模型类Common\Model\ResourceTypeModel
SQL: SHOW COLUMNS FROM `on_resource_type` [ RunTime:0.0007s ]
NOTIC: [8] Undefined index: resource_pic D:\wamp64\www\onlineen0328\application\Admin\Controller\AdddataController.class.php 第 70 行.
NOTIC: [8] Undefined index: resource_info D:\wamp64\www\onlineen0328\application\Admin\Controller\AdddataController.class.php 第 71 行.

[ 2016-04-13T17:29:01+08:00 ] ::1 /onlineen0328/index.php?g=Admin&m=Adddata&a=addresource&menuid=163
NOTIC: D方法实例化没找到模型类Common\Model\ResourceModel
NOTIC: D方法实例化没找到模型类Common\Model\ResourceTypeModel

[ 2016-04-13T17:29:06+08:00 ] ::1 /onlineen0328/index.php?g=Admin&m=Adddata&a=cover_upload
NOTIC: D方法实例化没找到模型类Common\Model\ResourceModel
NOTIC: D方法实例化没找到模型类Common\Model\ResourceTypeModel

[ 2016-04-13T17:29:08+08:00 ] ::1 /onlineen0328/index.php?g=Admin&m=Adddata&a=cover_date
INFO: [ app_begin ] --START--
INFO: Run Behavior\ReadHtmlCacheBehavior [ RunTime:0.009029s ]
INFO: Run Behavior\CheckLangBehavior [ RunTime:0.007211s ]
INFO: [ app_begin ] --END-- [ RunTime:0.017857s ]
SQL: SHOW COLUMNS FROM `on_users` [ RunTime:0.0019s ]
SQL: SELECT * FROM `on_users` WHERE ( id=1 ) LIMIT 1   [ RunTime:0.0005s ]
NOTIC: D方法实例化没找到模型类Common\Model\ResourceModel
SQL: SHOW COLUMNS FROM `on_resource` [ RunTime:0.0007s ]
NOTIC: D方法实例化没找到模型类Common\Model\ResourceTypeModel
SQL: SHOW COLUMNS FROM `on_resource_type` [ RunTime:0.0007s ]

[ 2016-04-13T17:29:08+08:00 ] ::1 /onlineen0328/index.php?g=Admin&m=Adddata&a=addresource_post
INFO: [ app_begin ] --START--
INFO: Run Behavior\ReadHtmlCacheBehavior [ RunTime:0.003255s ]
INFO: Run Behavior\CheckLangBehavior [ RunTime:0.006514s ]
INFO: [ app_begin ] --END-- [ RunTime:0.011214s ]
SQL: SHOW COLUMNS FROM `on_users` [ RunTime:0.0009s ]
SQL: SELECT * FROM `on_users` WHERE ( id=1 ) LIMIT 1   [ RunTime:0.0004s ]
NOTIC: D方法实例化没找到模型类Common\Model\ResourceModel
SQL: SHOW COLUMNS FROM `on_resource` [ RunTime:0.0006s ]
NOTIC: D方法实例化没找到模型类Common\Model\ResourceTypeModel
SQL: SHOW COLUMNS FROM `on_resource_type` [ RunTime:0.0008s ]
NOTIC: [8] Undefined index: resource_pic D:\wamp64\www\onlineen0328\application\Admin\Controller\AdddataController.class.php 第 70 行.

[ 2016-04-13T17:29:19+08:00 ] ::1 /onlineen0328/index.php?g=Admin&m=Adddata&a=addresource_post
INFO: [ app_begin ] --START--
INFO: Run Behavior\ReadHtmlCacheBehavior [ RunTime:0.002069s ]
INFO: Run Behavior\CheckLangBehavior [ RunTime:0.005325s ]
INFO: [ app_begin ] --END-- [ RunTime:0.008619s ]
SQL: SHOW COLUMNS FROM `on_users` [ RunTime:0.0009s ]
SQL: SELECT * FROM `on_users` WHERE ( id=1 ) LIMIT 1   [ RunTime:0.0005s ]
NOTIC: D方法实例化没找到模型类Common\Model\ResourceModel
SQL: SHOW COLUMNS FROM `on_resource` [ RunTime:0.0007s ]
NOTIC: D方法实例化没找到模型类Common\Model\ResourceTypeModel
SQL: SHOW COLUMNS FROM `on_resource_type` [ RunTime:0.0006s ]
NOTIC: [8] Undefined index: resource_pic D:\wamp64\www\onlineen0328\application\Admin\Controller\AdddataController.class.php 第 70 行.

[ 2016-04-13T17:29:25+08:00 ] ::1 /onlineen0328/index.php?g=Admin&m=Adddata&a=addresource_post
INFO: [ app_begin ] --START--
INFO: Run Behavior\ReadHtmlCacheBehavior [ RunTime:0.001970s ]
INFO: Run Behavior\CheckLangBehavior [ RunTime:0.004028s ]
INFO: [ app_begin ] --END-- [ RunTime:0.007087s ]
SQL: SHOW COLUMNS FROM `on_users` [ RunTime:0.0010s ]
SQL: SELECT * FROM `on_users` WHERE ( id=1 ) LIMIT 1   [ RunTime:0.0004s ]
NOTIC: D方法实例化没找到模型类Common\Model\ResourceModel
SQL: SHOW COLUMNS FROM `on_resource` [ RunTime:0.0007s ]
NOTIC: D方法实例化没找到模型类Common\Model\ResourceTypeModel
SQL: SHOW COLUMNS FROM `on_resource_type` [ RunTime:0.0006s ]
NOTIC: [8] Undefined index: resource_pic D:\wamp64\www\onlineen0328\application\Admin\Controller\AdddataController.class.php 第 70 行.

[ 2016-04-13T17:29:33+08:00 ] ::1 /onlineen0328/index.php?g=Admin&m=Adddata&a=addresource_post
INFO: [ app_begin ] --START--
INFO: Run Behavior\ReadHtmlCacheBehavior [ RunTime:0.002026s ]
INFO: Run Behavior\CheckLangBehavior [ RunTime:0.005998s ]
INFO: [ app_begin ] --END-- [ RunTime:0.009129s ]
SQL: SHOW COLUMNS FROM `on_users` [ RunTime:0.0008s ]
SQL: SELECT * FROM `on_users` WHERE ( id=1 ) LIMIT 1   [ RunTime:0.0005s ]
NOTIC: D方法实例化没找到模型类Common\Model\ResourceModel
SQL: SHOW COLUMNS FROM `on_resource` [ RunTime:0.0007s ]
NOTIC: D方法实例化没找到模型类Common\Model\ResourceTypeModel
SQL: SHOW COLUMNS FROM `on_resource_type` [ RunTime:0.0006s ]
NOTIC: [8] Undefined index: resource_pic D:\wamp64\www\onlineen0328\application\Admin\Controller\AdddataController.class.php 第 70 行.

[ 2016-04-13T17:29:43+08:00 ] ::1 /onlineen0328/index.php?g=Admin&m=Adddata&a=addresource_post
INFO: [ app_begin ] --START--
INFO: Run Behavior\ReadHtmlCacheBehavior [ RunTime:0.002091s ]
INFO: Run Behavior\CheckLangBehavior [ RunTime:0.004118s ]
INFO: [ app_begin ] --END-- [ RunTime:0.007320s ]
SQL: SHOW COLUMNS FROM `on_users` [ RunTime:0.0009s ]
SQL: SELECT * FROM `on_users` WHERE ( id=1 ) LIMIT 1   [ RunTime:0.0004s ]
NOTIC: D方法实例化没找到模型类Common\Model\ResourceModel
SQL: SHOW COLUMNS FROM `on_resource` [ RunTime:0.0007s ]
NOTIC: D方法实例化没找到模型类Common\Model\ResourceTypeModel
SQL: SHOW COLUMNS FROM `on_resource_type` [ RunTime:0.0006s ]
NOTIC: [8] Undefined index: resource_pic D:\wamp64\www\onlineen0328\application\Admin\Controller\AdddataController.class.php 第 70 行.

[ 2016-04-13T17:30:36+08:00 ] ::1 /onlineen0328/index.php?g=Admin&m=Adddata&a=addresource&menuid=163
NOTIC: D方法实例化没找到模型类Common\Model\ResourceModel
NOTIC: D方法实例化没找到模型类Common\Model\ResourceTypeModel

[ 2016-04-13T17:30:41+08:00 ] ::1 /onlineen0328/index.php?g=Admin&m=Adddata&a=cover_upload
NOTIC: D方法实例化没找到模型类Common\Model\ResourceModel
NOTIC: D方法实例化没找到模型类Common\Model\ResourceTypeModel

[ 2016-04-13T17:30:42+08:00 ] ::1 /onlineen0328/index.php?g=Admin&m=Adddata&a=cover_date
INFO: [ app_begin ] --START--
INFO: Run Behavior\ReadHtmlCacheBehavior [ RunTime:0.005518s ]
INFO: Run Behavior\CheckLangBehavior [ RunTime:0.004030s ]
INFO: [ app_begin ] --END-- [ RunTime:0.010702s ]
SQL: SHOW COLUMNS FROM `on_users` [ RunTime:0.0020s ]
SQL: SELECT * FROM `on_users` WHERE ( id=1 ) LIMIT 1   [ RunTime:0.0013s ]
NOTIC: D方法实例化没找到模型类Common\Model\ResourceModel
SQL: SHOW COLUMNS FROM `on_resource` [ RunTime:0.0008s ]
NOTIC: D方法实例化没找到模型类Common\Model\ResourceTypeModel
SQL: SHOW COLUMNS FROM `on_resource_type` [ RunTime:0.0006s ]

[ 2016-04-13T17:30:45+08:00 ] ::1 /onlineen0328/index.php?g=Admin&m=Adddata&a=addresource_post
INFO: [ app_begin ] --START--
INFO: Run Behavior\ReadHtmlCacheBehavior [ RunTime:0.001881s ]
INFO: Run Behavior\CheckLangBehavior [ RunTime:0.004697s ]
INFO: [ app_begin ] --END-- [ RunTime:0.007960s ]
SQL: SHOW COLUMNS FROM `on_users` [ RunTime:0.0009s ]
SQL: SELECT * FROM `on_users` WHERE ( id=1 ) LIMIT 1   [ RunTime:0.0004s ]
NOTIC: D方法实例化没找到模型类Common\Model\ResourceModel
SQL: SHOW COLUMNS FROM `on_resource` [ RunTime:0.0007s ]
NOTIC: D方法实例化没找到模型类Common\Model\ResourceTypeModel
SQL: SHOW COLUMNS FROM `on_resource_type` [ RunTime:0.0005s ]
NOTIC: [8] Undefined index: resource_pic D:\wamp64\www\onlineen0328\application\Admin\Controller\AdddataController.class.php 第 70 行.

[ 2016-04-13T17:31:28+08:00 ] ::1 /onlineen0328/index.php?g=Admin&m=Adddata&a=addresource&menuid=163
NOTIC: D方法实例化没找到模型类Common\Model\ResourceModel
NOTIC: D方法实例化没找到模型类Common\Model\ResourceTypeModel

[ 2016-04-13T17:31:35+08:00 ] ::1 /onlineen0328/index.php?g=Admin&m=Adddata&a=cover_upload
NOTIC: D方法实例化没找到模型类Common\Model\ResourceModel
NOTIC: D方法实例化没找到模型类Common\Model\ResourceTypeModel

[ 2016-04-13T17:31:36+08:00 ] ::1 /onlineen0328/index.php?g=Admin&m=Adddata&a=cover_date
INFO: [ app_begin ] --START--
INFO: Run Behavior\ReadHtmlCacheBehavior [ RunTime:0.001366s ]
INFO: Run Behavior\CheckLangBehavior [ RunTime:0.007475s ]
INFO: [ app_begin ] --END-- [ RunTime:0.009944s ]
SQL: SHOW COLUMNS FROM `on_users` [ RunTime:0.0008s ]
SQL: SELECT * FROM `on_users` WHERE ( id=1 ) LIMIT 1   [ RunTime:0.0005s ]
NOTIC: D方法实例化没找到模型类Common\Model\ResourceModel
SQL: SHOW COLUMNS FROM `on_resource` [ RunTime:0.0019s ]
NOTIC: D方法实例化没找到模型类Common\Model\ResourceTypeModel
SQL: SHOW COLUMNS FROM `on_resource_type` [ RunTime:0.0033s ]

[ 2016-04-13T17:31:37+08:00 ] ::1 /onlineen0328/index.php?g=Admin&m=Adddata&a=addresource_post
INFO: [ app_begin ] --START--
INFO: Run Behavior\ReadHtmlCacheBehavior [ RunTime:0.001419s ]
INFO: Run Behavior\CheckLangBehavior [ RunTime:0.003687s ]
INFO: [ app_begin ] --END-- [ RunTime:0.006177s ]
SQL: SHOW COLUMNS FROM `on_users` [ RunTime:0.0009s ]
SQL: SELECT * FROM `on_users` WHERE ( id=1 ) LIMIT 1   [ RunTime:0.0005s ]
NOTIC: D方法实例化没找到模型类Common\Model\ResourceModel
SQL: SHOW COLUMNS FROM `on_resource` [ RunTime:0.0007s ]
NOTIC: D方法实例化没找到模型类Common\Model\ResourceTypeModel
SQL: SHOW COLUMNS FROM `on_resource_type` [ RunTime:0.0007s ]
SQL: INSERT INTO `on_resource` (`resource_name`,`resource_type`,`resource_size`,`resource_pic`,`resource_info`,`resource_url`,`resource_time`) VALUES ('1','2','1','570e11f70e4be.jpg','1','1','1460539897') [ RunTime:0.0614s ]

[ 2016-04-13T17:31:37+08:00 ] ::1 /onlineen0328/index.php?g=Admin&m=Adddata&a=addresource&menuid=163
NOTIC: D方法实例化没找到模型类Common\Model\ResourceModel
NOTIC: D方法实例化没找到模型类Common\Model\ResourceTypeModel

[ 2016-04-13T17:31:39+08:00 ] ::1 /onlineen0328/index.php?g=Admin&m=Adddata&a=resourcelist&menuid=164
NOTIC: D方法实例化没找到模型类Common\Model\ResourceModel
NOTIC: D方法实例化没找到模型类Common\Model\ResourceTypeModel

[ 2016-04-13T17:32:29+08:00 ] ::1 /onlineen0328/index.php?g=Admin&m=Adddata&a=addresource&menuid=163
NOTIC: D方法实例化没找到模型类Common\Model\ResourceModel
NOTIC: D方法实例化没找到模型类Common\Model\ResourceTypeModel

[ 2016-04-13T17:32:35+08:00 ] ::1 /onlineen0328/index.php?g=Admin&m=Adddata&a=addresource_post
INFO: [ app_begin ] --START--
INFO: Run Behavior\ReadHtmlCacheBehavior [ RunTime:0.001329s ]
INFO: Run Behavior\CheckLangBehavior [ RunTime:0.003266s ]
INFO: [ app_begin ] --END-- [ RunTime:0.005504s ]
SQL: SHOW COLUMNS FROM `on_users` [ RunTime:0.0009s ]
SQL: SELECT * FROM `on_users` WHERE ( id=1 ) LIMIT 1   [ RunTime:0.0004s ]
NOTIC: D方法实例化没找到模型类Common\Model\ResourceModel
SQL: SHOW COLUMNS FROM `on_resource` [ RunTime:0.0007s ]
NOTIC: D方法实例化没找到模型类Common\Model\ResourceTypeModel
SQL: SHOW COLUMNS FROM `on_resource_type` [ RunTime:0.0006s ]

[ 2016-04-13T17:32:41+08:00 ] ::1 /onlineen0328/index.php?g=Admin&m=Adddata&a=cover_upload
NOTIC: D方法实例化没找到模型类Common\Model\ResourceModel
NOTIC: D方法实例化没找到模型类Common\Model\ResourceTypeModel

[ 2016-04-13T17:32:44+08:00 ] ::1 /onlineen0328/index.php?g=Admin&m=Adddata&a=cover_date
INFO: [ app_begin ] --START--
INFO: Run Behavior\ReadHtmlCacheBehavior [ RunTime:0.001482s ]
INFO: Run Behavior\CheckLangBehavior [ RunTime:0.003423s ]
INFO: [ app_begin ] --END-- [ RunTime:0.006135s ]
SQL: SHOW COLUMNS FROM `on_users` [ RunTime:0.0008s ]
SQL: SELECT * FROM `on_users` WHERE ( id=1 ) LIMIT 1   [ RunTime:0.0004s ]
NOTIC: D方法实例化没找到模型类Common\Model\ResourceModel
SQL: SHOW COLUMNS FROM `on_resource` [ RunTime:0.0008s ]
NOTIC: D方法实例化没找到模型类Common\Model\ResourceTypeModel
SQL: SHOW COLUMNS FROM `on_resource_type` [ RunTime:0.0006s ]

[ 2016-04-13T17:32:45+08:00 ] ::1 /onlineen0328/index.php?g=Admin&m=Adddata&a=addresource_post
INFO: [ app_begin ] --START--
INFO: Run Behavior\ReadHtmlCacheBehavior [ RunTime:0.001514s ]
INFO: Run Behavior\CheckLangBehavior [ RunTime:0.008483s ]
INFO: [ app_begin ] --END-- [ RunTime:0.011465s ]
SQL: SHOW COLUMNS FROM `on_users` [ RunTime:0.0008s ]
SQL: SELECT * FROM `on_users` WHERE ( id=1 ) LIMIT 1   [ RunTime:0.0004s ]
NOTIC: D方法实例化没找到模型类Common\Model\ResourceModel
SQL: SHOW COLUMNS FROM `on_resource` [ RunTime:0.0006s ]
NOTIC: D方法实例化没找到模型类Common\Model\ResourceTypeModel
SQL: SHOW COLUMNS FROM `on_resource_type` [ RunTime:0.0010s ]
SQL: INSERT INTO `on_resource` (`resource_name`,`resource_type`,`resource_size`,`resource_pic`,`resource_info`,`resource_url`,`resource_time`) VALUES ('1111','2','111','570e1239bc445.jpg','1','111','1460539965') [ RunTime:0.0004s ]

[ 2016-04-13T17:32:45+08:00 ] ::1 /onlineen0328/index.php?g=Admin&m=Adddata&a=addresource&menuid=163
NOTIC: D方法实例化没找到模型类Common\Model\ResourceModel
NOTIC: D方法实例化没找到模型类Common\Model\ResourceTypeModel

[ 2016-04-13T17:32:49+08:00 ] ::1 /onlineen0328/index.php?g=Admin&m=Adddata&a=change&id=1
NOTIC: D方法实例化没找到模型类Common\Model\ResourceModel
NOTIC: D方法实例化没找到模型类Common\Model\ResourceTypeModel

[ 2016-04-13T17:32:50+08:00 ] ::1 /onlineen0328/index.php?g=Admin&m=Adddata&a=resourcelist
NOTIC: D方法实例化没找到模型类Common\Model\ResourceModel
NOTIC: D方法实例化没找到模型类Common\Model\ResourceTypeModel

[ 2016-04-13T17:33:16+08:00 ] ::1 /onlineen0328/index.php?g=Admin&m=Adddata&a=resourcelist
NOTIC: D方法实例化没找到模型类Common\Model\ResourceModel
NOTIC: D方法实例化没找到模型类Common\Model\ResourceTypeModel

[ 2016-04-13T17:34:04+08:00 ] ::1 /onlineen0328/index.php?g=Admin&m=Adddata&a=resourcelist
NOTIC: D方法实例化没找到模型类Common\Model\ResourceModel
NOTIC: D方法实例化没找到模型类Common\Model\ResourceTypeModel
ERR: SQLSTATE[42S22]: Column not found: 1054 Unknown column 'resource' in 'order clause'

[ 2016-04-13T17:34:18+08:00 ] ::1 /onlineen0328/index.php?g=Admin&m=Adddata&a=resourcelist
NOTIC: D方法实例化没找到模型类Common\Model\ResourceModel
NOTIC: D方法实例化没找到模型类Common\Model\ResourceTypeModel

[ 2016-04-13T17:38:32+08:00 ] ::1 /onlineen0328/index.php?g=Admin&m=Adddata&a=change&id=20
NOTIC: D方法实例化没找到模型类Common\Model\ResourceModel
NOTIC: D方法实例化没找到模型类Common\Model\ResourceTypeModel

[ 2016-04-13T17:38:55+08:00 ] ::1 /onlineen0328/index.php?g=Admin&m=Adddata&a=change&id=20
NOTIC: D方法实例化没找到模型类Common\Model\ResourceModel
NOTIC: D方法实例化没找到模型类Common\Model\ResourceTypeModel

[ 2016-04-13T17:41:20+08:00 ] ::1 /onlineen0328/index.php?g=Admin&m=Adddata&a=change&id=20
NOTIC: D方法实例化没找到模型类Common\Model\ResourceModel
NOTIC: D方法实例化没找到模型类Common\Model\ResourceTypeModel

[ 2016-04-13T17:41:22+08:00 ] ::1 /onlineen0328/index.php?g=Admin&m=Adddata&a=change&id=20
NOTIC: D方法实例化没找到模型类Common\Model\ResourceModel
NOTIC: D方法实例化没找到模型类Common\Model\ResourceTypeModel

[ 2016-04-13T17:41:52+08:00 ] ::1 /onlineen0328/index.php?g=Admin&m=Adddata&a=change&id=20
NOTIC: D方法实例化没找到模型类Common\Model\ResourceModel
NOTIC: D方法实例化没找到模型类Common\Model\ResourceTypeModel

[ 2016-04-13T17:41:54+08:00 ] ::1 /onlineen0328/index.php?g=Admin&m=Adddata&a=changeresource_post
INFO: [ app_begin ] --START--
INFO: Run Behavior\ReadHtmlCacheBehavior [ RunTime:0.001321s ]
INFO: Run Behavior\CheckLangBehavior [ RunTime:0.003378s ]
INFO: [ app_begin ] --END-- [ RunTime:0.005697s ]
SQL: SHOW COLUMNS FROM `on_users` [ RunTime:0.0010s ]
SQL: SELECT * FROM `on_users` WHERE ( id=1 ) LIMIT 1   [ RunTime:0.0004s ]
NOTIC: D方法实例化没找到模型类Common\Model\ResourceModel
SQL: SHOW COLUMNS FROM `on_resource` [ RunTime:0.0007s ]
NOTIC: D方法实例化没找到模型类Common\Model\ResourceTypeModel
SQL: SHOW COLUMNS FROM `on_resource_type` [ RunTime:0.0007s ]
NOTIC: [8] Undefined index: resource_info D:\wamp64\www\onlineen0328\application\Admin\Controller\AdddataController.class.php 第 96 行.

[ 2016-04-13T17:42:50+08:00 ] ::1 /onlineen0328/index.php?g=Admin&m=Adddata&a=change&id=20
NOTIC: D方法实例化没找到模型类Common\Model\ResourceModel
NOTIC: D方法实例化没找到模型类Common\Model\ResourceTypeModel

[ 2016-04-13T17:42:52+08:00 ] ::1 /onlineen0328/index.php?g=Admin&m=Adddata&a=changeresource_post
INFO: [ app_begin ] --START--
INFO: Run Behavior\ReadHtmlCacheBehavior [ RunTime:0.001410s ]
INFO: Run Behavior\CheckLangBehavior [ RunTime:0.003939s ]
INFO: [ app_begin ] --END-- [ RunTime:0.006793s ]
SQL: SHOW COLUMNS FROM `on_users` [ RunTime:0.0008s ]
SQL: SELECT * FROM `on_users` WHERE ( id=1 ) LIMIT 1   [ RunTime:0.0005s ]
NOTIC: D方法实例化没找到模型类Common\Model\ResourceModel
SQL: SHOW COLUMNS FROM `on_resource` [ RunTime:0.0024s ]
NOTIC: D方法实例化没找到模型类Common\Model\ResourceTypeModel
SQL: SHOW COLUMNS FROM `on_resource_type` [ RunTime:0.0014s ]
SQL: UPDATE `on_resource` SET `resource_name`='11112',`resource_type`='2',`resource_size`='111',`resource_pic`='570e1239bc445.jpg',`resource_info`='1',`resource_url`='111',`resource_time`='1460540572' WHERE `resource_id` = 20 [ RunTime:0.0013s ]

[ 2016-04-13T17:42:52+08:00 ] ::1 /onlineen0328/index.php?g=Admin&m=Adddata&a=change&id=20
NOTIC: D方法实例化没找到模型类Common\Model\ResourceModel
NOTIC: D方法实例化没找到模型类Common\Model\ResourceTypeModel

[ 2016-04-13T17:43:10+08:00 ] ::1 /onlineen0328/index.php?g=Admin&m=Adddata&a=change&id=20
NOTIC: D方法实例化没找到模型类Common\Model\ResourceModel
NOTIC: D方法实例化没找到模型类Common\Model\ResourceTypeModel

[ 2016-04-13T17:43:12+08:00 ] ::1 /onlineen0328/index.php?g=Admin&m=Adddata&a=resourcelist
NOTIC: D方法实例化没找到模型类Common\Model\ResourceModel
NOTIC: D方法实例化没找到模型类Common\Model\ResourceTypeModel

[ 2016-04-13T17:43:46+08:00 ] ::1 /onlineen0328/index.php?g=Admin&m=Adddata&a=delete_re&id=19
INFO: [ app_begin ] --START--
INFO: Run Behavior\ReadHtmlCacheBehavior [ RunTime:0.002264s ]
INFO: Run Behavior\CheckLangBehavior [ RunTime:0.003631s ]
INFO: [ app_begin ] --END-- [ RunTime:0.006916s ]
SQL: SHOW COLUMNS FROM `on_users` [ RunTime:0.0010s ]
SQL: SELECT * FROM `on_users` WHERE ( id=1 ) LIMIT 1   [ RunTime:0.0005s ]
NOTIC: D方法实例化没找到模型类Common\Model\ResourceModel
SQL: SHOW COLUMNS FROM `on_resource` [ RunTime:0.0007s ]
NOTIC: D方法实例化没找到模型类Common\Model\ResourceTypeModel
SQL: SHOW COLUMNS FROM `on_resource_type` [ RunTime:0.0006s ]
SQL: DELETE FROM `on_resource` WHERE ( resource_id=19 ) [ RunTime:0.0623s ]

[ 2016-04-13T17:43:47+08:00 ] ::1 /onlineen0328/index.php?g=Admin&m=Adddata&a=resourcelist
NOTIC: D方法实例化没找到模型类Common\Model\ResourceModel
NOTIC: D方法实例化没找到模型类Common\Model\ResourceTypeModel

[ 2016-04-13T17:43:48+08:00 ] ::1 /onlineen0328/index.php?g=Admin&m=Adddata&a=resourcelist
NOTIC: D方法实例化没找到模型类Common\Model\ResourceModel
NOTIC: D方法实例化没找到模型类Common\Model\ResourceTypeModel

[ 2016-04-13T17:45:38+08:00 ] ::1 /onlineen0328/index.php?g=Admin&m=Adddata&a=resourcelist&menuid=164
NOTIC: D方法实例化没找到模型类Common\Model\ResourceModel
NOTIC: D方法实例化没找到模型类Common\Model\ResourceTypeModel

[ 2016-04-13T17:47:58+08:00 ] ::1 /onlineen0328/index.php?g=Admin&m=Adddata&a=addresource&menuid=163
NOTIC: D方法实例化没找到模型类Common\Model\ResourceModel
NOTIC: D方法实例化没找到模型类Common\Model\ResourceTypeModel

[ 2016-04-13T17:48:11+08:00 ] ::1 /onlineen0328/index.php?g=Admin&m=Adddata&a=addresource&menuid=163
NOTIC: D方法实例化没找到模型类Common\Model\ResourceModel
NOTIC: D方法实例化没找到模型类Common\Model\ResourceTypeModel

[ 2016-04-13T17:48:20+08:00 ] ::1 /onlineen0328/index.php?g=Admin&m=Adddata&a=addresource&menuid=163
NOTIC: D方法实例化没找到模型类Common\Model\ResourceModel
NOTIC: D方法实例化没找到模型类Common\Model\ResourceTypeModel

[ 2016-04-13T17:48:21+08:00 ] ::1 /onlineen0328/index.php?g=Admin&m=Adddata&a=addresource&menuid=163
NOTIC: D方法实例化没找到模型类Common\Model\ResourceModel
NOTIC: D方法实例化没找到模型类Common\Model\ResourceTypeModel

[ 2016-04-13T17:48:56+08:00 ] ::1 /onlineen0328/index.php?g=Admin&m=Adddata&a=addresource&menuid=163
NOTIC: D方法实例化没找到模型类Common\Model\ResourceModel
NOTIC: D方法实例化没找到模型类Common\Model\ResourceTypeModel

[ 2016-04-13T17:49:04+08:00 ] ::1 /onlineen0328/index.php?g=Admin&m=Adddata&a=cover_upload
NOTIC: D方法实例化没找到模型类Common\Model\ResourceModel
NOTIC: D方法实例化没找到模型类Common\Model\ResourceTypeModel

[ 2016-04-13T17:49:06+08:00 ] ::1 /onlineen0328/index.php?g=Admin&m=Adddata&a=cover_date
INFO: [ app_begin ] --START--
INFO: Run Behavior\ReadHtmlCacheBehavior [ RunTime:0.001464s ]
INFO: Run Behavior\CheckLangBehavior [ RunTime:0.003764s ]
INFO: [ app_begin ] --END-- [ RunTime:0.006235s ]
SQL: SHOW COLUMNS FROM `on_users` [ RunTime:0.0008s ]
SQL: SELECT * FROM `on_users` WHERE ( id=1 ) LIMIT 1   [ RunTime:0.0004s ]
NOTIC: D方法实例化没找到模型类Common\Model\ResourceModel
SQL: SHOW COLUMNS FROM `on_resource` [ RunTime:0.0007s ]
NOTIC: D方法实例化没找到模型类Common\Model\ResourceTypeModel
SQL: SHOW COLUMNS FROM `on_resource_type` [ RunTime:0.0016s ]

[ 2016-04-13T17:49:09+08:00 ] ::1 /onlineen0328/index.php?g=Admin&m=Adddata&a=addresource_post
INFO: [ app_begin ] --START--
INFO: Run Behavior\ReadHtmlCacheBehavior [ RunTime:0.001309s ]
INFO: Run Behavior\CheckLangBehavior [ RunTime:0.003727s ]
INFO: [ app_begin ] --END-- [ RunTime:0.006045s ]
SQL: SHOW COLUMNS FROM `on_users` [ RunTime:0.0008s ]
SQL: SELECT * FROM `on_users` WHERE ( id=1 ) LIMIT 1   [ RunTime:0.0004s ]
NOTIC: D方法实例化没找到模型类Common\Model\ResourceModel
SQL: SHOW COLUMNS FROM `on_resource` [ RunTime:0.0007s ]
NOTIC: D方法实例化没找到模型类Common\Model\ResourceTypeModel
SQL: SHOW COLUMNS FROM `on_resource_type` [ RunTime:0.0006s ]
SQL: INSERT INTO `on_resource` (`resource_name`,`resource_type`,`resource_size`,`resource_pic`,`resource_info`,`resource_url`,`recommend`,`resource_time`) VALUES ('111','2','111','570e16104829e.jpg','2','111','1','1460540949') [ RunTime:0.0005s ]

[ 2016-04-13T17:49:09+08:00 ] ::1 /onlineen0328/index.php?g=Admin&m=Adddata&a=addresource&menuid=163
NOTIC: D方法实例化没找到模型类Common\Model\ResourceModel
NOTIC: D方法实例化没找到模型类Common\Model\ResourceTypeModel

[ 2016-04-13T17:49:14+08:00 ] ::1 /onlineen0328/index.php?g=Admin&m=Adddata&a=resourcelist
NOTIC: D方法实例化没找到模型类Common\Model\ResourceModel
NOTIC: D方法实例化没找到模型类Common\Model\ResourceTypeModel

[ 2016-04-13T17:49:14+08:00 ] ::1 /onlineen0328/index.php?g=Admin&m=Adddata&a=resourcelist
NOTIC: D方法实例化没找到模型类Common\Model\ResourceModel
NOTIC: D方法实例化没找到模型类Common\Model\ResourceTypeModel

[ 2016-04-13T17:52:47+08:00 ] ::1 /onlineen0328/index.php?g=Admin&m=Adddata&a=resourcelist
NOTIC: D方法实例化没找到模型类Common\Model\ResourceModel
NOTIC: D方法实例化没找到模型类Common\Model\ResourceTypeModel

[ 2016-04-13T17:52:54+08:00 ] ::1 /onlineen0328/index.php?g=Admin&m=Adddata&a=recommend_cancel&
INFO: [ app_begin ] --START--
INFO: Run Behavior\ReadHtmlCacheBehavior [ RunTime:0.001549s ]
INFO: Run Behavior\CheckLangBehavior [ RunTime:0.003344s ]
INFO: [ app_begin ] --END-- [ RunTime:0.006181s ]
SQL: SHOW COLUMNS FROM `on_users` [ RunTime:0.0009s ]
SQL: SELECT * FROM `on_users` WHERE ( id=1 ) LIMIT 1   [ RunTime:0.0004s ]
NOTIC: D方法实例化没找到模型类Common\Model\ResourceModel
SQL: SHOW COLUMNS FROM `on_resource` [ RunTime:0.0011s ]
NOTIC: D方法实例化没找到模型类Common\Model\ResourceTypeModel
SQL: SHOW COLUMNS FROM `on_resource_type` [ RunTime:0.0005s ]

[ 2016-04-13T17:52:56+08:00 ] ::1 /onlineen0328/index.php?g=Admin&m=Adddata&a=resourcelist
NOTIC: D方法实例化没找到模型类Common\Model\ResourceModel
NOTIC: D方法实例化没找到模型类Common\Model\ResourceTypeModel

[ 2016-04-13T17:56:02+08:00 ] ::1 /onlineen0328/index.php?g=Admin&m=Adddata&a=resourcelist
NOTIC: D方法实例化没找到模型类Common\Model\ResourceModel
NOTIC: D方法实例化没找到模型类Common\Model\ResourceTypeModel

[ 2016-04-13T17:56:04+08:00 ] ::1 /onlineen0328/index.php?g=Admin&m=Adddata&a=recommend&
INFO: [ app_begin ] --START--
INFO: Run Behavior\ReadHtmlCacheBehavior [ RunTime:0.001509s ]
INFO: Run Behavior\CheckLangBehavior [ RunTime:0.004117s ]
INFO: [ app_begin ] --END-- [ RunTime:0.006656s ]
SQL: SHOW COLUMNS FROM `on_users` [ RunTime:0.0008s ]
SQL: SELECT * FROM `on_users` WHERE ( id=1 ) LIMIT 1   [ RunTime:0.0004s ]
NOTIC: D方法实例化没找到模型类Common\Model\ResourceModel
SQL: SHOW COLUMNS FROM `on_resource` [ RunTime:0.0007s ]
NOTIC: D方法实例化没找到模型类Common\Model\ResourceTypeModel
SQL: SHOW COLUMNS FROM `on_resource_type` [ RunTime:0.0006s ]
NOTIC: [8] Undefined index: id D:\wamp64\www\onlineen0328\application\Admin\Controller\AdddataController.class.php 第 52 行.
INFO: [ app_end ] --START--
INFO: Run Behavior\ShowPageTraceBehavior [ RunTime:0.001444s ]
INFO: [ app_end ] --END-- [ RunTime:0.001573s ]

[ 2016-04-13T17:56:06+08:00 ] ::1 /onlineen0328/index.php?g=Admin&m=Adddata&a=resourcelist
NOTIC: D方法实例化没找到模型类Common\Model\ResourceModel
NOTIC: D方法实例化没找到模型类Common\Model\ResourceTypeModel

[ 2016-04-13T17:57:30+08:00 ] ::1 /onlineen0328/index.php?g=Admin&m=Adddata&a=resourcelist
NOTIC: D方法实例化没找到模型类Common\Model\ResourceModel
NOTIC: D方法实例化没找到模型类Common\Model\ResourceTypeModel

[ 2016-04-13T17:57:34+08:00 ] ::1 /onlineen0328/index.php?g=Admin&m=Adddata&a=recommend&
INFO: [ app_begin ] --START--
INFO: Run Behavior\ReadHtmlCacheBehavior [ RunTime:0.001366s ]
INFO: Run Behavior\CheckLangBehavior [ RunTime:0.003344s ]
INFO: [ app_begin ] --END-- [ RunTime:0.005655s ]
SQL: SHOW COLUMNS FROM `on_users` [ RunTime:0.0008s ]
SQL: SELECT * FROM `on_users` WHERE ( id=1 ) LIMIT 1   [ RunTime:0.0003s ]
NOTIC: D方法实例化没找到模型类Common\Model\ResourceModel
SQL: SHOW COLUMNS FROM `on_resource` [ RunTime:0.0010s ]
NOTIC: D方法实例化没找到模型类Common\Model\ResourceTypeModel
SQL: SHOW COLUMNS FROM `on_resource_type` [ RunTime:0.0006s ]
NOTIC: [8] Undefined index: id D:\wamp64\www\onlineen0328\application\Admin\Controller\AdddataController.class.php 第 52 行.

[ 2016-04-13T17:57:35+08:00 ] ::1 /onlineen0328/index.php?g=Admin&m=Adddata&a=resourcelist
NOTIC: D方法实例化没找到模型类Common\Model\ResourceModel
NOTIC: D方法实例化没找到模型类Common\Model\ResourceTypeModel

[ 2016-04-13T17:58:28+08:00 ] ::1 /onlineen0328/index.php?g=Admin&m=Adddata&a=resourcelist
NOTIC: D方法实例化没找到模型类Common\Model\ResourceModel
NOTIC: D方法实例化没找到模型类Common\Model\ResourceTypeModel

[ 2016-04-13T17:58:30+08:00 ] ::1 /onlineen0328/index.php?g=Admin&m=Adddata&a=recommend&id=20
INFO: [ app_begin ] --START--
INFO: Run Behavior\ReadHtmlCacheBehavior [ RunTime:0.001327s ]
INFO: Run Behavior\CheckLangBehavior [ RunTime:0.003277s ]
INFO: [ app_begin ] --END-- [ RunTime:0.005521s ]
SQL: SHOW COLUMNS FROM `on_users` [ RunTime:0.0008s ]
SQL: SELECT * FROM `on_users` WHERE ( id=1 ) LIMIT 1   [ RunTime:0.0006s ]
NOTIC: D方法实例化没找到模型类Common\Model\ResourceModel
SQL: SHOW COLUMNS FROM `on_resource` [ RunTime:0.0007s ]
NOTIC: D方法实例化没找到模型类Common\Model\ResourceTypeModel
SQL: SHOW COLUMNS FROM `on_resource_type` [ RunTime:0.0005s ]
SQL: UPDATE `on_resource` SET `recommend`='1' WHERE `resource_id` = 20 [ RunTime:0.0005s ]

[ 2016-04-13T17:58:30+08:00 ] ::1 /onlineen0328/index.php?g=Admin&m=Adddata&a=resourcelist
NOTIC: D方法实例化没找到模型类Common\Model\ResourceModel
NOTIC: D方法实例化没找到模型类Common\Model\ResourceTypeModel

[ 2016-04-13T18:00:15+08:00 ] ::1 /onlineen0328/index.php?g=Admin&m=Adddata&a=resourcelist
NOTIC: D方法实例化没找到模型类Common\Model\ResourceModel
NOTIC: D方法实例化没找到模型类Common\Model\ResourceTypeModel

[ 2016-04-13T18:00:20+08:00 ] ::1 /onlineen0328/index.php?g=Admin&m=Adddata&a=recommend_cancel&id=20
INFO: [ app_begin ] --START--
INFO: Run Behavior\ReadHtmlCacheBehavior [ RunTime:0.001374s ]
INFO: Run Behavior\CheckLangBehavior [ RunTime:0.003261s ]
INFO: [ app_begin ] --END-- [ RunTime:0.005606s ]
SQL: SHOW COLUMNS FROM `on_users` [ RunTime:0.0008s ]
SQL: SELECT * FROM `on_users` WHERE ( id=1 ) LIMIT 1   [ RunTime:0.0003s ]
NOTIC: D方法实例化没找到模型类Common\Model\ResourceModel
SQL: SHOW COLUMNS FROM `on_resource` [ RunTime:0.0006s ]
NOTIC: D方法实例化没找到模型类Common\Model\ResourceTypeModel
SQL: SHOW COLUMNS FROM `on_resource_type` [ RunTime:0.0005s ]
SQL: UPDATE `on_resource` SET `recommend`='0' WHERE `resource_id` = 20 [ RunTime:0.0005s ]

[ 2016-04-13T18:00:20+08:00 ] ::1 /onlineen0328/index.php?g=Admin&m=Adddata&a=resourcelist
NOTIC: D方法实例化没找到模型类Common\Model\ResourceModel
NOTIC: D方法实例化没找到模型类Common\Model\ResourceTypeModel

[ 2016-04-13T18:00:52+08:00 ] ::1 /onlineen0328/index.php?g=Admin&m=Adddata&a=resourcelist
NOTIC: D方法实例化没找到模型类Common\Model\ResourceModel
NOTIC: D方法实例化没找到模型类Common\Model\ResourceTypeModel

[ 2016-04-13T18:00:53+08:00 ] ::1 /onlineen0328/index.php?g=Admin&m=Adddata&a=resourcelist
NOTIC: D方法实例化没找到模型类Common\Model\ResourceModel
NOTIC: D方法实例化没找到模型类Common\Model\ResourceTypeModel

[ 2016-04-13T18:00:59+08:00 ] ::1 /onlineen0328/index.php?g=Admin&m=Adddata&a=resourcelist
NOTIC: D方法实例化没找到模型类Common\Model\ResourceModel
NOTIC: D方法实例化没找到模型类Common\Model\ResourceTypeModel

[ 2016-04-13T18:01:02+08:00 ] ::1 /onlineen0328/index.php?g=Admin&m=Adddata&a=recommend&id=20
INFO: [ app_begin ] --START--
INFO: Run Behavior\ReadHtmlCacheBehavior [ RunTime:0.001386s ]
INFO: Run Behavior\CheckLangBehavior [ RunTime:0.003538s ]
INFO: [ app_begin ] --END-- [ RunTime:0.005920s ]
SQL: SHOW COLUMNS FROM `on_users` [ RunTime:0.0008s ]
SQL: SELECT * FROM `on_users` WHERE ( id=1 ) LIMIT 1   [ RunTime:0.0003s ]
NOTIC: D方法实例化没找到模型类Common\Model\ResourceModel
SQL: SHOW COLUMNS FROM `on_resource` [ RunTime:0.0006s ]
NOTIC: D方法实例化没找到模型类Common\Model\ResourceTypeModel
SQL: SHOW COLUMNS FROM `on_resource_type` [ RunTime:0.0005s ]
SQL: UPDATE `on_resource` SET `recommend`='1' WHERE `resource_id` = 20 [ RunTime:0.0005s ]

[ 2016-04-13T18:01:02+08:00 ] ::1 /onlineen0328/index.php?g=Admin&m=Adddata&a=resourcelist
NOTIC: D方法实例化没找到模型类Common\Model\ResourceModel
NOTIC: D方法实例化没找到模型类Common\Model\ResourceTypeModel

[ 2016-04-13T18:01:03+08:00 ] ::1 /onlineen0328/index.php?g=Admin&m=Adddata&a=resourcelist
NOTIC: D方法实例化没找到模型类Common\Model\ResourceModel
NOTIC: D方法实例化没找到模型类Common\Model\ResourceTypeModel

[ 2016-04-13T18:01:06+08:00 ] ::1 /onlineen0328/index.php?g=Admin&m=Adddata&a=recommend_cancel&id=20
INFO: [ app_begin ] --START--
INFO: Run Behavior\ReadHtmlCacheBehavior [ RunTime:0.001200s ]
INFO: Run Behavior\CheckLangBehavior [ RunTime:0.002869s ]
INFO: [ app_begin ] --END-- [ RunTime:0.005013s ]
SQL: SHOW COLUMNS FROM `on_users` [ RunTime:0.0008s ]
SQL: SELECT * FROM `on_users` WHERE ( id=1 ) LIMIT 1   [ RunTime:0.0004s ]
NOTIC: D方法实例化没找到模型类Common\Model\ResourceModel
SQL: SHOW COLUMNS FROM `on_resource` [ RunTime:0.0010s ]
NOTIC: D方法实例化没找到模型类Common\Model\ResourceTypeModel
SQL: SHOW COLUMNS FROM `on_resource_type` [ RunTime:0.0006s ]
SQL: UPDATE `on_resource` SET `recommend`='0' WHERE `resource_id` = 20 [ RunTime:0.0004s ]

[ 2016-04-13T18:01:06+08:00 ] ::1 /onlineen0328/index.php?g=Admin&m=Adddata&a=resourcelist
NOTIC: D方法实例化没找到模型类Common\Model\ResourceModel
NOTIC: D方法实例化没找到模型类Common\Model\ResourceTypeModel

[ 2016-04-13T18:01:08+08:00 ] ::1 /onlineen0328/index.php?g=Admin&m=Adddata&a=delete_re&id=20
INFO: [ app_begin ] --START--
INFO: Run Behavior\ReadHtmlCacheBehavior [ RunTime:0.000866s ]
INFO: Run Behavior\CheckLangBehavior [ RunTime:0.002805s ]
INFO: [ app_begin ] --END-- [ RunTime:0.004809s ]
SQL: SHOW COLUMNS FROM `on_users` [ RunTime:0.0008s ]
SQL: SELECT * FROM `on_users` WHERE ( id=1 ) LIMIT 1   [ RunTime:0.0004s ]
NOTIC: D方法实例化没找到模型类Common\Model\ResourceModel
SQL: SHOW COLUMNS FROM `on_resource` [ RunTime:0.0006s ]
NOTIC: D方法实例化没找到模型类Common\Model\ResourceTypeModel
SQL: SHOW COLUMNS FROM `on_resource_type` [ RunTime:0.0005s ]
SQL: DELETE FROM `on_resource` WHERE ( resource_id=20 ) [ RunTime:0.0003s ]

[ 2016-04-13T18:01:08+08:00 ] ::1 /onlineen0328/index.php?g=Admin&m=Adddata&a=resourcelist
NOTIC: D方法实例化没找到模型类Common\Model\ResourceModel
NOTIC: D方法实例化没找到模型类Common\Model\ResourceTypeModel

[ 2016-04-13T18:02:51+08:00 ] ::1 /onlineen0328/index.php?g=Admin&m=Adddata&a=resourcelist
NOTIC: D方法实例化没找到模型类Common\Model\ResourceModel
NOTIC: D方法实例化没找到模型类Common\Model\ResourceTypeModel

[ 2016-04-13T18:02:52+08:00 ] ::1 /onlineen0328/index.php?g=Admin&m=Adddata&a=change&id=21
NOTIC: D方法实例化没找到模型类Common\Model\ResourceModel
NOTIC: D方法实例化没找到模型类Common\Model\ResourceTypeModel

[ 2016-04-13T18:02:55+08:00 ] ::1 /onlineen0328/index.php/Admin/Adddata/resourcelist
NOTIC: D方法实例化没找到模型类Common\Model\ResourceModel
NOTIC: D方法实例化没找到模型类Common\Model\ResourceTypeModel

[ 2016-04-13T18:02:56+08:00 ] ::1 /onlineen0328/index.php?g=Admin&m=Adddata&a=change&id=18
NOTIC: D方法实例化没找到模型类Common\Model\ResourceModel
NOTIC: D方法实例化没找到模型类Common\Model\ResourceTypeModel

[ 2016-04-13T18:02:58+08:00 ] ::1 /onlineen0328/index.php/Admin/Adddata/resourcelist
NOTIC: D方法实例化没找到模型类Common\Model\ResourceModel
NOTIC: D方法实例化没找到模型类Common\Model\ResourceTypeModel

[ 2016-04-13T18:03:01+08:00 ] ::1 /onlineen0328/index.php?g=Admin&m=Adddata&a=change&id=18
NOTIC: D方法实例化没找到模型类Common\Model\ResourceModel
NOTIC: D方法实例化没找到模型类Common\Model\ResourceTypeModel

[ 2016-04-13T18:03:03+08:00 ] ::1 /onlineen0328/index.php?g=Admin&m=Adddata&a=changeresource_post
INFO: [ app_begin ] --START--
INFO: Run Behavior\ReadHtmlCacheBehavior [ RunTime:0.000926s ]
INFO: Run Behavior\CheckLangBehavior [ RunTime:0.003002s ]
INFO: [ app_begin ] --END-- [ RunTime:0.005077s ]
SQL: SHOW COLUMNS FROM `on_users` [ RunTime:0.0009s ]
SQL: SELECT * FROM `on_users` WHERE ( id=1 ) LIMIT 1   [ RunTime:0.0004s ]
NOTIC: D方法实例化没找到模型类Common\Model\ResourceModel
SQL: SHOW COLUMNS FROM `on_resource` [ RunTime:0.0007s ]
NOTIC: D方法实例化没找到模型类Common\Model\ResourceTypeModel
SQL: SHOW COLUMNS FROM `on_resource_type` [ RunTime:0.0006s ]
SQL: UPDATE `on_resource` SET `resource_name`='新概念英语 练习详解 1 PDF下载',`resource_type`='2',`resource_size`='113k',`resource_pic`='xingainiancihui1.png',`resource_info`='新概念英语 练习详解 1 PDF下载',`resource_url`='https://yunpan.cn/cqwuAfrXcwJp2  访问密码 be32',`recommend`='1',`resource_time`='1460541783' WHERE `resource_id` = 18 [ RunTime:0.0006s ]

[ 2016-04-13T18:03:03+08:00 ] ::1 /onlineen0328/index.php?g=Admin&m=Adddata&a=change&id=18
NOTIC: D方法实例化没找到模型类Common\Model\ResourceModel
NOTIC: D方法实例化没找到模型类Common\Model\ResourceTypeModel

[ 2016-04-13T18:03:06+08:00 ] ::1 /onlineen0328/index.php?g=Admin&m=Adddata&a=resourcelist
NOTIC: D方法实例化没找到模型类Common\Model\ResourceModel
NOTIC: D方法实例化没找到模型类Common\Model\ResourceTypeModel

[ 2016-04-13T18:15:19+08:00 ] ::1 /onlineen0328/index.php?g=Admin&m=Adddata&a=resourcelist
NOTIC: D方法实例化没找到模型类Common\Model\ResourceModel
NOTIC: D方法实例化没找到模型类Common\Model\ResourceTypeModel

[ 2016-04-13T18:15:23+08:00 ] ::1 /onlineen0328/index.php?g=Admin&m=Adddata&a=resourcelist&menuid=164
NOTIC: D方法实例化没找到模型类Common\Model\ResourceModel
NOTIC: D方法实例化没找到模型类Common\Model\ResourceTypeModel

[ 2016-04-13T20:46:32+08:00 ] ::1 /onlineen0328/index.php?g=Admin&m=Adddata&a=resourcelist&menuid=164
NOTIC: D方法实例化没找到模型类Common\Model\ResourceModel
NOTIC: D方法实例化没找到模型类Common\Model\ResourceTypeModel

[ 2016-04-13T20:46:39+08:00 ] ::1 /onlineen0328/index.php?g=Admin&m=Adddata&a=recommend&id=12
INFO: [ app_begin ] --START--
INFO: Run Behavior\ReadHtmlCacheBehavior [ RunTime:0.001463s ]
INFO: Run Behavior\CheckLangBehavior [ RunTime:0.002905s ]
INFO: [ app_begin ] --END-- [ RunTime:0.006748s ]
SQL: SHOW COLUMNS FROM `on_users` [ RunTime:0.0010s ]
SQL: SELECT * FROM `on_users` WHERE ( id=1 ) LIMIT 1   [ RunTime:0.0005s ]
NOTIC: D方法实例化没找到模型类Common\Model\ResourceModel
SQL: SHOW COLUMNS FROM `on_resource` [ RunTime:0.0011s ]
NOTIC: D方法实例化没找到模型类Common\Model\ResourceTypeModel
SQL: SHOW COLUMNS FROM `on_resource_type` [ RunTime:0.0008s ]
SQL: UPDATE `on_resource` SET `recommend`='1' WHERE `resource_id` = 12 [ RunTime:0.0005s ]

[ 2016-04-13T20:46:39+08:00 ] ::1 /onlineen0328/index.php?g=Admin&m=Adddata&a=resourcelist
NOTIC: D方法实例化没找到模型类Common\Model\ResourceModel
NOTIC: D方法实例化没找到模型类Common\Model\ResourceTypeModel

[ 2016-04-13T20:46:46+08:00 ] ::1 /onlineen0328/index.php?g=Admin&m=Adddata&a=recommend&id=9
INFO: [ app_begin ] --START--
INFO: Run Behavior\ReadHtmlCacheBehavior [ RunTime:0.001703s ]
INFO: Run Behavior\CheckLangBehavior [ RunTime:0.003282s ]
INFO: [ app_begin ] --END-- [ RunTime:0.006136s ]
SQL: SHOW COLUMNS FROM `on_users` [ RunTime:0.0008s ]
SQL: SELECT * FROM `on_users` WHERE ( id=1 ) LIMIT 1   [ RunTime:0.0004s ]
NOTIC: D方法实例化没找到模型类Common\Model\ResourceModel
SQL: SHOW COLUMNS FROM `on_resource` [ RunTime:0.0006s ]
NOTIC: D方法实例化没找到模型类Common\Model\ResourceTypeModel
SQL: SHOW COLUMNS FROM `on_resource_type` [ RunTime:0.0005s ]
SQL: UPDATE `on_resource` SET `recommend`='1' WHERE `resource_id` = 9 [ RunTime:0.0004s ]

[ 2016-04-13T20:46:46+08:00 ] ::1 /onlineen0328/index.php?g=Admin&m=Adddata&a=resourcelist
NOTIC: D方法实例化没找到模型类Common\Model\ResourceModel
NOTIC: D方法实例化没找到模型类Common\Model\ResourceTypeModel

[ 2016-04-13T20:46:49+08:00 ] ::1 /onlineen0328/index.php?g=Admin&m=Adddata&a=recommend&id=4
INFO: [ app_begin ] --START--
INFO: Run Behavior\ReadHtmlCacheBehavior [ RunTime:0.001466s ]
INFO: Run Behavior\CheckLangBehavior [ RunTime:0.003336s ]
INFO: [ app_begin ] --END-- [ RunTime:0.006301s ]
SQL: SHOW COLUMNS FROM `on_users` [ RunTime:0.0012s ]
SQL: SELECT * FROM `on_users` WHERE ( id=1 ) LIMIT 1   [ RunTime:0.0005s ]
NOTIC: D方法实例化没找到模型类Common\Model\ResourceModel
SQL: SHOW COLUMNS FROM `on_resource` [ RunTime:0.0007s ]
NOTIC: D方法实例化没找到模型类Common\Model\ResourceTypeModel
SQL: SHOW COLUMNS FROM `on_resource_type` [ RunTime:0.0007s ]
SQL: UPDATE `on_resource` SET `recommend`='1' WHERE `resource_id` = 4 [ RunTime:0.0004s ]

[ 2016-04-13T20:46:50+08:00 ] ::1 /onlineen0328/index.php?g=Admin&m=Adddata&a=resourcelist
NOTIC: D方法实例化没找到模型类Common\Model\ResourceModel
NOTIC: D方法实例化没找到模型类Common\Model\ResourceTypeModel

[ 2016-04-13T20:46:52+08:00 ] ::1 /onlineen0328/index.php?g=Admin&m=Adddata&a=recommend&id=1
INFO: [ app_begin ] --START--
INFO: Run Behavior\ReadHtmlCacheBehavior [ RunTime:0.002545s ]
INFO: Run Behavior\CheckLangBehavior [ RunTime:0.003453s ]
INFO: [ app_begin ] --END-- [ RunTime:0.006994s ]
SQL: SHOW COLUMNS FROM `on_users` [ RunTime:0.0009s ]
SQL: SELECT * FROM `on_users` WHERE ( id=1 ) LIMIT 1   [ RunTime:0.0005s ]
NOTIC: D方法实例化没找到模型类Common\Model\ResourceModel
SQL: SHOW COLUMNS FROM `on_resource` [ RunTime:0.0007s ]
NOTIC: D方法实例化没找到模型类Common\Model\ResourceTypeModel
SQL: SHOW COLUMNS FROM `on_resource_type` [ RunTime:0.0005s ]
SQL: UPDATE `on_resource` SET `recommend`='1' WHERE `resource_id` = 1 [ RunTime:0.0004s ]

[ 2016-04-13T20:46:53+08:00 ] ::1 /onlineen0328/index.php?g=Admin&m=Adddata&a=resourcelist
NOTIC: D方法实例化没找到模型类Common\Model\ResourceModel
NOTIC: D方法实例化没找到模型类Common\Model\ResourceTypeModel

[ 2016-04-13T20:46:56+08:00 ] ::1 /onlineen0328/index.php?g=Admin&m=Adddata&a=recommend&id=5
INFO: [ app_begin ] --START--
INFO: Run Behavior\ReadHtmlCacheBehavior [ RunTime:0.001698s ]
INFO: Run Behavior\CheckLangBehavior [ RunTime:0.004053s ]
INFO: [ app_begin ] --END-- [ RunTime:0.006818s ]
SQL: SHOW COLUMNS FROM `on_users` [ RunTime:0.0009s ]
SQL: SELECT * FROM `on_users` WHERE ( id=1 ) LIMIT 1   [ RunTime:0.0006s ]
NOTIC: D方法实例化没找到模型类Common\Model\ResourceModel
SQL: SHOW COLUMNS FROM `on_resource` [ RunTime:0.0010s ]
NOTIC: D方法实例化没找到模型类Common\Model\ResourceTypeModel
SQL: SHOW COLUMNS FROM `on_resource_type` [ RunTime:0.0006s ]
SQL: UPDATE `on_resource` SET `recommend`='1' WHERE `resource_id` = 5 [ RunTime:0.0006s ]

[ 2016-04-13T20:46:56+08:00 ] ::1 /onlineen0328/index.php?g=Admin&m=Adddata&a=resourcelist
NOTIC: D方法实例化没找到模型类Common\Model\ResourceModel
NOTIC: D方法实例化没找到模型类Common\Model\ResourceTypeModel

[ 2016-04-13T20:46:58+08:00 ] ::1 /onlineen0328/index.php?g=Admin&m=Adddata&a=recommend&id=15
INFO: [ app_begin ] --START--
INFO: Run Behavior\ReadHtmlCacheBehavior [ RunTime:0.001466s ]
INFO: Run Behavior\CheckLangBehavior [ RunTime:0.003570s ]
INFO: [ app_begin ] --END-- [ RunTime:0.006019s ]
SQL: SHOW COLUMNS FROM `on_users` [ RunTime:0.0017s ]
SQL: SELECT * FROM `on_users` WHERE ( id=1 ) LIMIT 1   [ RunTime:0.0011s ]
NOTIC: D方法实例化没找到模型类Common\Model\ResourceModel
SQL: SHOW COLUMNS FROM `on_resource` [ RunTime:0.0032s ]
NOTIC: D方法实例化没找到模型类Common\Model\ResourceTypeModel
SQL: SHOW COLUMNS FROM `on_resource_type` [ RunTime:0.0016s ]
SQL: UPDATE `on_resource` SET `recommend`='1' WHERE `resource_id` = 15 [ RunTime:0.0012s ]

[ 2016-04-13T20:46:59+08:00 ] ::1 /onlineen0328/index.php?g=Admin&m=Adddata&a=resourcelist
NOTIC: D方法实例化没找到模型类Common\Model\ResourceModel
NOTIC: D方法实例化没找到模型类Common\Model\ResourceTypeModel

[ 2016-04-13T21:52:05+08:00 ] ::1 /onlineen0328/index.php?g=Admin&m=Adddata&a=resourcelist
NOTIC: D方法实例化没找到模型类Common\Model\ResourceModel
NOTIC: D方法实例化没找到模型类Common\Model\ResourceTypeModel

[ 2016-04-13T21:56:46+08:00 ] ::1 /onlineen0328/index.php?g=Admin&m=Adddata&a=resourcelist
NOTIC: D方法实例化没找到模型类Common\Model\ResourceModel
NOTIC: D方法实例化没找到模型类Common\Model\ResourceTypeModel

